2026-02-08T04:48:22.779018Z  INFO tailwindcss_oxide::scanner: Provided sources:
2026-02-08T04:48:22.779307Z  INFO tailwindcss_oxide::scanner: Source: PublicSourceEntry { base: "C:\\My Web Sites\\Portfolio\\soliman.netlify.app", pattern: "**/*", negated: false }
2026-02-08T04:48:22.779760Z  INFO tailwindcss_oxide::scanner: Optimized sources:
2026-02-08T04:48:22.779887Z  INFO tailwindcss_oxide::scanner: Source: Auto { base: "C:\\My Web Sites\\Portfolio\\soliman.netlify.app" }
2026-02-08T04:48:22.786432Z  INFO scan_sources: tailwindcss_oxide::scanner: enter
2026-02-08T04:48:22.789107Z  INFO scan_sources: tailwindcss_oxide::scanner: Discovering "C:\\My Web Sites\\Portfolio\\soliman.netlify.app\\eslint.config.mjs"
2026-02-08T04:48:22.790235Z  INFO scan_sources: tailwindcss_oxide::scanner: Discovering "C:\\My Web Sites\\Portfolio\\soliman.netlify.app\\next.config.ts"
2026-02-08T04:48:22.791090Z  INFO scan_sources: tailwindcss_oxide::scanner: Discovering "C:\\My Web Sites\\Portfolio\\soliman.netlify.app\\package.json"
2026-02-08T04:48:22.791262Z  INFO scan_sources: tailwindcss_oxide::scanner: Discovering "C:\\My Web Sites\\Portfolio\\soliman.netlify.app\\postcss.config.mjs"
2026-02-08T04:48:22.791555Z  INFO scan_sources: tailwindcss_oxide::scanner: Discovering "C:\\My Web Sites\\Portfolio\\soliman.netlify.app\\prisma"
2026-02-08T04:48:22.793247Z  INFO scan_sources: tailwindcss_oxide::scanner: Discovering "C:\\My Web Sites\\Portfolio\\soliman.netlify.app\\prisma\\schema.prisma"
2026-02-08T04:48:22.794000Z  INFO scan_sources: tailwindcss_oxide::scanner: Discovering "C:\\My Web Sites\\Portfolio\\soliman.netlify.app\\prisma-error.txt"
2026-02-08T04:48:22.794170Z  INFO scan_sources: tailwindcss_oxide::scanner: Discovering "C:\\My Web Sites\\Portfolio\\soliman.netlify.app\\prisma.config.ts.backup"
2026-02-08T04:48:22.794407Z  INFO scan_sources: tailwindcss_oxide::scanner: Discovering "C:\\My Web Sites\\Portfolio\\soliman.netlify.app\\public"
2026-02-08T04:48:22.794907Z  INFO scan_sources: tailwindcss_oxide::scanner: Discovering "C:\\My Web Sites\\Portfolio\\soliman.netlify.app\\public\\assets"
2026-02-08T04:48:22.795289Z  INFO scan_sources: tailwindcss_oxide::scanner: Discovering "C:\\My Web Sites\\Portfolio\\soliman.netlify.app\\public\\assets\\css"
2026-02-08T04:48:22.795541Z  INFO scan_sources: tailwindcss_oxide::scanner: Discovering "C:\\My Web Sites\\Portfolio\\soliman.netlify.app\\public\\assets\\css\\AjaxLoader.html"
2026-02-08T04:48:22.795643Z  INFO scan_sources: tailwindcss_oxide::scanner: Discovering "C:\\My Web Sites\\Portfolio\\soliman.netlify.app\\public\\assets\\css\\animate.css"
2026-02-08T04:48:22.795797Z  INFO scan_sources: tailwindcss_oxide::scanner: Discovering "C:\\My Web Sites\\Portfolio\\soliman.netlify.app\\public\\assets\\css\\bg_fixed.css"
2026-02-08T04:48:22.795956Z  INFO scan_sources: tailwindcss_oxide::scanner: Discovering "C:\\My Web Sites\\Portfolio\\soliman.netlify.app\\public\\assets\\css\\bootstrap.css"
2026-02-08T04:48:22.796137Z  INFO scan_sources: tailwindcss_oxide::scanner: Discovering "C:\\My Web Sites\\Portfolio\\soliman.netlify.app\\public\\assets\\css\\font-awesome.min.css"
2026-02-08T04:48:22.796264Z  INFO scan_sources: tailwindcss_oxide::scanner: Discovering "C:\\My Web Sites\\Portfolio\\soliman.netlify.app\\public\\assets\\css\\grabbing.html"
2026-02-08T04:48:22.796366Z  INFO scan_sources: tailwindcss_oxide::scanner: Discovering "C:\\My Web Sites\\Portfolio\\soliman.netlify.app\\public\\assets\\css\\landing.css"
2026-02-08T04:48:22.796484Z  INFO scan_sources: tailwindcss_oxide::scanner: Discovering "C:\\My Web Sites\\Portfolio\\soliman.netlify.app\\public\\assets\\css\\magnific-popup.css"
2026-02-08T04:48:22.796658Z  INFO scan_sources: tailwindcss_oxide::scanner: Discovering "C:\\My Web Sites\\Portfolio\\soliman.netlify.app\\public\\assets\\css\\owl.carousel.min.css"
2026-02-08T04:48:22.796826Z  INFO scan_sources: tailwindcss_oxide::scanner: Discovering "C:\\My Web Sites\\Portfolio\\soliman.netlify.app\\public\\assets\\css\\owl.theme.min.css"
2026-02-08T04:48:22.796930Z  INFO scan_sources: tailwindcss_oxide::scanner: Discovering "C:\\My Web Sites\\Portfolio\\soliman.netlify.app\\public\\assets\\css\\responsive.css"
2026-02-08T04:48:22.797236Z  INFO scan_sources: tailwindcss_oxide::scanner: Discovering "C:\\My Web Sites\\Portfolio\\soliman.netlify.app\\public\\assets\\css\\style.css"
2026-02-08T04:48:22.797468Z  INFO scan_sources: tailwindcss_oxide::scanner: Discovering "C:\\My Web Sites\\Portfolio\\soliman.netlify.app\\public\\assets\\fonts"
2026-02-08T04:48:22.797732Z  INFO scan_sources: tailwindcss_oxide::scanner: Discovering "C:\\My Web Sites\\Portfolio\\soliman.netlify.app\\public\\assets\\fonts\\fontawesome-webfont5b62.svg"
2026-02-08T04:48:22.797878Z  INFO scan_sources: tailwindcss_oxide::scanner: Discovering "C:\\My Web Sites\\Portfolio\\soliman.netlify.app\\public\\assets\\fonts\\glyphicons-halflings-regular.svg"
2026-02-08T04:48:22.798101Z  INFO scan_sources: tailwindcss_oxide::scanner: Discovering "C:\\My Web Sites\\Portfolio\\soliman.netlify.app\\public\\assets\\images"
2026-02-08T04:48:22.798424Z  INFO scan_sources: tailwindcss_oxide::scanner: Discovering "C:\\My Web Sites\\Portfolio\\soliman.netlify.app\\public\\assets\\images\\blog"
2026-02-08T04:48:22.798711Z  INFO scan_sources: tailwindcss_oxide::scanner: Discovering "C:\\My Web Sites\\Portfolio\\soliman.netlify.app\\public\\assets\\images\\landing"
2026-02-08T04:48:22.799217Z  INFO scan_sources: tailwindcss_oxide::scanner: Discovering "C:\\My Web Sites\\Portfolio\\soliman.netlify.app\\public\\assets\\images\\portfolio"
2026-02-08T04:48:22.799700Z  INFO scan_sources: tailwindcss_oxide::scanner: Discovering "C:\\My Web Sites\\Portfolio\\soliman.netlify.app\\public\\assets\\images\\testimonials"
2026-02-08T04:48:22.800521Z  INFO scan_sources: tailwindcss_oxide::scanner: Discovering "C:\\My Web Sites\\Portfolio\\soliman.netlify.app\\public\\assets\\js"
2026-02-08T04:48:22.801166Z  INFO scan_sources: tailwindcss_oxide::scanner: Discovering "C:\\My Web Sites\\Portfolio\\soliman.netlify.app\\public\\assets\\js\\animate-skills.js"
2026-02-08T04:48:22.801289Z  INFO scan_sources: tailwindcss_oxide::scanner: Discovering "C:\\My Web Sites\\Portfolio\\soliman.netlify.app\\public\\assets\\js\\app.js"
2026-02-08T04:48:22.801407Z  INFO scan_sources: tailwindcss_oxide::scanner: Discovering "C:\\My Web Sites\\Portfolio\\soliman.netlify.app\\public\\assets\\js\\bootstrap.min.js"
2026-02-08T04:48:22.801659Z  INFO scan_sources: tailwindcss_oxide::scanner: Discovering "C:\\My Web Sites\\Portfolio\\soliman.netlify.app\\public\\assets\\js\\classie.js"
2026-02-08T04:48:22.801797Z  INFO scan_sources: tailwindcss_oxide::scanner: Discovering "C:\\My Web Sites\\Portfolio\\soliman.netlify.app\\public\\assets\\js\\custom.js"
2026-02-08T04:48:22.801967Z  INFO scan_sources: tailwindcss_oxide::scanner: Discovering "C:\\My Web Sites\\Portfolio\\soliman.netlify.app\\public\\assets\\js\\isotope.pkgd.min.js"
2026-02-08T04:48:22.802425Z  INFO scan_sources: tailwindcss_oxide::scanner: Discovering "C:\\My Web Sites\\Portfolio\\soliman.netlify.app\\public\\assets\\js\\jquery.fittext.js"
2026-02-08T04:48:22.802529Z  INFO scan_sources: tailwindcss_oxide::scanner: Discovering "C:\\My Web Sites\\Portfolio\\soliman.netlify.app\\public\\assets\\js\\jquery.magnific-popup.min.js"
2026-02-08T04:48:22.802611Z  INFO scan_sources: tailwindcss_oxide::scanner: Discovering "C:\\My Web Sites\\Portfolio\\soliman.netlify.app\\public\\assets\\js\\jquery.mb.YTPlayer.min.js"
2026-02-08T04:48:22.802688Z  INFO scan_sources: tailwindcss_oxide::scanner: Discovering "C:\\My Web Sites\\Portfolio\\soliman.netlify.app\\public\\assets\\js\\jquery.min.js"
2026-02-08T04:48:22.802762Z  INFO scan_sources: tailwindcss_oxide::scanner: Discovering "C:\\My Web Sites\\Portfolio\\soliman.netlify.app\\public\\assets\\js\\landing.js"
2026-02-08T04:48:22.802874Z  INFO scan_sources: tailwindcss_oxide::scanner: Discovering "C:\\My Web Sites\\Portfolio\\soliman.netlify.app\\public\\assets\\js\\owl.carousel.min.js"
2026-02-08T04:48:22.802977Z  INFO scan_sources: tailwindcss_oxide::scanner: Discovering "C:\\My Web Sites\\Portfolio\\soliman.netlify.app\\public\\assets\\js\\parallax.min.js"
2026-02-08T04:48:22.803199Z  INFO scan_sources: tailwindcss_oxide::scanner: Discovering "C:\\My Web Sites\\Portfolio\\soliman.netlify.app\\public\\assets\\js\\particles.min.js"
2026-02-08T04:48:22.803276Z  INFO scan_sources: tailwindcss_oxide::scanner: Discovering "C:\\My Web Sites\\Portfolio\\soliman.netlify.app\\public\\assets\\js\\snap.svg-min.js"
2026-02-08T04:48:22.803373Z  INFO scan_sources: tailwindcss_oxide::scanner: Discovering "C:\\My Web Sites\\Portfolio\\soliman.netlify.app\\public\\assets\\js\\svgLoader.js"
2026-02-08T04:48:22.803449Z  INFO scan_sources: tailwindcss_oxide::scanner: Discovering "C:\\My Web Sites\\Portfolio\\soliman.netlify.app\\public\\assets\\js\\typed.min.js"
2026-02-08T04:48:22.803753Z  INFO scan_sources: tailwindcss_oxide::scanner: Discovering "C:\\My Web Sites\\Portfolio\\soliman.netlify.app\\public\\file.svg"
2026-02-08T04:48:22.803846Z  INFO scan_sources: tailwindcss_oxide::scanner: Discovering "C:\\My Web Sites\\Portfolio\\soliman.netlify.app\\public\\globe.svg"
2026-02-08T04:48:22.803920Z  INFO scan_sources: tailwindcss_oxide::scanner: Discovering "C:\\My Web Sites\\Portfolio\\soliman.netlify.app\\public\\next.svg"
2026-02-08T04:48:22.804019Z  INFO scan_sources: tailwindcss_oxide::scanner: Discovering "C:\\My Web Sites\\Portfolio\\soliman.netlify.app\\public\\vercel.svg"
2026-02-08T04:48:22.804086Z  INFO scan_sources: tailwindcss_oxide::scanner: Discovering "C:\\My Web Sites\\Portfolio\\soliman.netlify.app\\public\\window.svg"
2026-02-08T04:48:22.804199Z  INFO scan_sources: tailwindcss_oxide::scanner: Discovering "C:\\My Web Sites\\Portfolio\\soliman.netlify.app\\README.md"
2026-02-08T04:48:22.804472Z  INFO scan_sources: tailwindcss_oxide::scanner: Discovering "C:\\My Web Sites\\Portfolio\\soliman.netlify.app\\src"
2026-02-08T04:48:22.804707Z  INFO scan_sources: tailwindcss_oxide::scanner: Discovering "C:\\My Web Sites\\Portfolio\\soliman.netlify.app\\src\\app"
2026-02-08T04:48:22.804918Z  INFO scan_sources: tailwindcss_oxide::scanner: Discovering "C:\\My Web Sites\\Portfolio\\soliman.netlify.app\\src\\app\\admin"
2026-02-08T04:48:22.805136Z  INFO scan_sources: tailwindcss_oxide::scanner: Discovering "C:\\My Web Sites\\Portfolio\\soliman.netlify.app\\src\\app\\admin\\login"
2026-02-08T04:48:22.805307Z  INFO scan_sources: tailwindcss_oxide::scanner: Discovering "C:\\My Web Sites\\Portfolio\\soliman.netlify.app\\src\\app\\admin\\login\\page.tsx"
2026-02-08T04:48:22.805409Z  INFO scan_sources: tailwindcss_oxide::scanner: Discovering "C:\\My Web Sites\\Portfolio\\soliman.netlify.app\\src\\app\\admin\\page.tsx"
2026-02-08T04:48:22.805635Z  INFO scan_sources: tailwindcss_oxide::scanner: Discovering "C:\\My Web Sites\\Portfolio\\soliman.netlify.app\\src\\app\\api"
2026-02-08T04:48:22.805892Z  INFO scan_sources: tailwindcss_oxide::scanner: Discovering "C:\\My Web Sites\\Portfolio\\soliman.netlify.app\\src\\app\\api\\admin"
2026-02-08T04:48:22.806154Z  INFO scan_sources: tailwindcss_oxide::scanner: Discovering "C:\\My Web Sites\\Portfolio\\soliman.netlify.app\\src\\app\\api\\admin\\posts"
2026-02-08T04:48:22.806368Z  INFO scan_sources: tailwindcss_oxide::scanner: Discovering "C:\\My Web Sites\\Portfolio\\soliman.netlify.app\\src\\app\\api\\admin\\posts\\route.ts"
2026-02-08T04:48:22.806627Z  INFO scan_sources: tailwindcss_oxide::scanner: Discovering "C:\\My Web Sites\\Portfolio\\soliman.netlify.app\\src\\app\\api\\auth"
2026-02-08T04:48:22.806853Z  INFO scan_sources: tailwindcss_oxide::scanner: Discovering "C:\\My Web Sites\\Portfolio\\soliman.netlify.app\\src\\app\\api\\auth\\login"
2026-02-08T04:48:22.807084Z  INFO scan_sources: tailwindcss_oxide::scanner: Discovering "C:\\My Web Sites\\Portfolio\\soliman.netlify.app\\src\\app\\api\\auth\\login\\route.ts"
2026-02-08T04:48:22.807399Z  INFO scan_sources: tailwindcss_oxide::scanner: Discovering "C:\\My Web Sites\\Portfolio\\soliman.netlify.app\\src\\app\\api\\debug"
2026-02-08T04:48:22.807568Z  INFO scan_sources: tailwindcss_oxide::scanner: Discovering "C:\\My Web Sites\\Portfolio\\soliman.netlify.app\\src\\app\\api\\debug\\route.ts"
2026-02-08T04:48:22.807849Z  INFO scan_sources: tailwindcss_oxide::scanner: Discovering "C:\\My Web Sites\\Portfolio\\soliman.netlify.app\\src\\app\\blog"
2026-02-08T04:48:22.808184Z  INFO scan_sources: tailwindcss_oxide::scanner: Discovering "C:\\My Web Sites\\Portfolio\\soliman.netlify.app\\src\\app\\blog\\page.tsx"
2026-02-08T04:48:22.808407Z  INFO scan_sources: tailwindcss_oxide::scanner: Discovering "C:\\My Web Sites\\Portfolio\\soliman.netlify.app\\src\\app\\blog\\[slug]"
2026-02-08T04:48:22.808687Z  INFO scan_sources: tailwindcss_oxide::scanner: Discovering "C:\\My Web Sites\\Portfolio\\soliman.netlify.app\\src\\app\\blog\\[slug]\\page.tsx"
2026-02-08T04:48:22.808977Z  INFO scan_sources: tailwindcss_oxide::scanner: Discovering "C:\\My Web Sites\\Portfolio\\soliman.netlify.app\\src\\app\\globals.css"
2026-02-08T04:48:22.809133Z  INFO scan_sources: tailwindcss_oxide::scanner: Discovering "C:\\My Web Sites\\Portfolio\\soliman.netlify.app\\src\\app\\layout.tsx"
2026-02-08T04:48:22.809264Z  INFO scan_sources: tailwindcss_oxide::scanner: Discovering "C:\\My Web Sites\\Portfolio\\soliman.netlify.app\\src\\app\\page.tsx"
2026-02-08T04:48:22.809664Z  INFO scan_sources: tailwindcss_oxide::scanner: Discovering "C:\\My Web Sites\\Portfolio\\soliman.netlify.app\\src\\components"
2026-02-08T04:48:22.809899Z  INFO scan_sources: tailwindcss_oxide::scanner: Discovering "C:\\My Web Sites\\Portfolio\\soliman.netlify.app\\src\\components\\Hero.tsx"
2026-02-08T04:48:22.810011Z  INFO scan_sources: tailwindcss_oxide::scanner: Discovering "C:\\My Web Sites\\Portfolio\\soliman.netlify.app\\src\\components\\Navbar.tsx"
2026-02-08T04:48:22.810138Z  INFO scan_sources: tailwindcss_oxide::scanner: Discovering "C:\\My Web Sites\\Portfolio\\soliman.netlify.app\\src\\components\\Skills.tsx"
2026-02-08T04:48:22.810349Z  INFO scan_sources: tailwindcss_oxide::scanner: Discovering "C:\\My Web Sites\\Portfolio\\soliman.netlify.app\\src\\data"
2026-02-08T04:48:22.810525Z  INFO scan_sources: tailwindcss_oxide::scanner: Discovering "C:\\My Web Sites\\Portfolio\\soliman.netlify.app\\src\\data\\posts.json"
2026-02-08T04:48:22.810720Z  INFO scan_sources: tailwindcss_oxide::scanner: Discovering "C:\\My Web Sites\\Portfolio\\soliman.netlify.app\\src\\lib"
2026-02-08T04:48:22.810940Z  INFO scan_sources: tailwindcss_oxide::scanner: Discovering "C:\\My Web Sites\\Portfolio\\soliman.netlify.app\\src\\lib\\posts.ts"
2026-02-08T04:48:22.811078Z  INFO scan_sources: tailwindcss_oxide::scanner: Discovering "C:\\My Web Sites\\Portfolio\\soliman.netlify.app\\src\\lib\\prisma.ts"
2026-02-08T04:48:22.811338Z  INFO scan_sources: tailwindcss_oxide::scanner: Discovering "C:\\My Web Sites\\Portfolio\\soliman.netlify.app\\src\\middleware.ts"
2026-02-08T04:48:22.811615Z  INFO scan_sources: tailwindcss_oxide::scanner: Discovering "C:\\My Web Sites\\Portfolio\\soliman.netlify.app\\src\\scripts"
2026-02-08T04:48:22.811870Z  INFO scan_sources: tailwindcss_oxide::scanner: Discovering "C:\\My Web Sites\\Portfolio\\soliman.netlify.app\\src\\scripts\\test-db.ts"
2026-02-08T04:48:22.812053Z  INFO scan_sources: tailwindcss_oxide::scanner: Discovering "C:\\My Web Sites\\Portfolio\\soliman.netlify.app\\src\\types"
2026-02-08T04:48:22.812302Z  INFO scan_sources: tailwindcss_oxide::scanner: Discovering "C:\\My Web Sites\\Portfolio\\soliman.netlify.app\\src\\types\\index.ts"
2026-02-08T04:48:22.812588Z  INFO scan_sources: tailwindcss_oxide::scanner: Discovering "C:\\My Web Sites\\Portfolio\\soliman.netlify.app\\static_backup"
2026-02-08T04:48:22.813123Z  INFO scan_sources: tailwindcss_oxide::scanner: Discovering "C:\\My Web Sites\\Portfolio\\soliman.netlify.app\\static_backup\\assets"
2026-02-08T04:48:22.813583Z  INFO scan_sources: tailwindcss_oxide::scanner: Discovering "C:\\My Web Sites\\Portfolio\\soliman.netlify.app\\static_backup\\assets\\css"
2026-02-08T04:48:22.813798Z  INFO scan_sources: tailwindcss_oxide::scanner: Discovering "C:\\My Web Sites\\Portfolio\\soliman.netlify.app\\static_backup\\assets\\css\\AjaxLoader.html"
2026-02-08T04:48:22.813906Z  INFO scan_sources: tailwindcss_oxide::scanner: Discovering "C:\\My Web Sites\\Portfolio\\soliman.netlify.app\\static_backup\\assets\\css\\animate.css"
2026-02-08T04:48:22.814111Z  INFO scan_sources: tailwindcss_oxide::scanner: Discovering "C:\\My Web Sites\\Portfolio\\soliman.netlify.app\\static_backup\\assets\\css\\bg_fixed.css"
2026-02-08T04:48:22.814229Z  INFO scan_sources: tailwindcss_oxide::scanner: Discovering "C:\\My Web Sites\\Portfolio\\soliman.netlify.app\\static_backup\\assets\\css\\bootstrap.css"
2026-02-08T04:48:22.814318Z  INFO scan_sources: tailwindcss_oxide::scanner: Discovering "C:\\My Web Sites\\Portfolio\\soliman.netlify.app\\static_backup\\assets\\css\\font-awesome.min.css"
2026-02-08T04:48:22.814408Z  INFO scan_sources: tailwindcss_oxide::scanner: Discovering "C:\\My Web Sites\\Portfolio\\soliman.netlify.app\\static_backup\\assets\\css\\grabbing.html"
2026-02-08T04:48:22.814474Z  INFO scan_sources: tailwindcss_oxide::scanner: Discovering "C:\\My Web Sites\\Portfolio\\soliman.netlify.app\\static_backup\\assets\\css\\landing.css"
2026-02-08T04:48:22.814557Z  INFO scan_sources: tailwindcss_oxide::scanner: Discovering "C:\\My Web Sites\\Portfolio\\soliman.netlify.app\\static_backup\\assets\\css\\magnific-popup.css"
2026-02-08T04:48:22.814647Z  INFO scan_sources: tailwindcss_oxide::scanner: Discovering "C:\\My Web Sites\\Portfolio\\soliman.netlify.app\\static_backup\\assets\\css\\owl.carousel.min.css"
2026-02-08T04:48:22.814711Z  INFO scan_sources: tailwindcss_oxide::scanner: Discovering "C:\\My Web Sites\\Portfolio\\soliman.netlify.app\\static_backup\\assets\\css\\owl.theme.min.css"
2026-02-08T04:48:22.814783Z  INFO scan_sources: tailwindcss_oxide::scanner: Discovering "C:\\My Web Sites\\Portfolio\\soliman.netlify.app\\static_backup\\assets\\css\\responsive.css"
2026-02-08T04:48:22.814919Z  INFO scan_sources: tailwindcss_oxide::scanner: Discovering "C:\\My Web Sites\\Portfolio\\soliman.netlify.app\\static_backup\\assets\\css\\style.css"
2026-02-08T04:48:22.815506Z  INFO scan_sources: tailwindcss_oxide::scanner: Discovering "C:\\My Web Sites\\Portfolio\\soliman.netlify.app\\static_backup\\assets\\fonts"
2026-02-08T04:48:22.816080Z  INFO scan_sources: tailwindcss_oxide::scanner: Discovering "C:\\My Web Sites\\Portfolio\\soliman.netlify.app\\static_backup\\assets\\fonts\\fontawesome-webfont5b62.svg"
2026-02-08T04:48:22.816326Z  INFO scan_sources: tailwindcss_oxide::scanner: Discovering "C:\\My Web Sites\\Portfolio\\soliman.netlify.app\\static_backup\\assets\\fonts\\glyphicons-halflings-regular.svg"
2026-02-08T04:48:22.816986Z  INFO scan_sources: tailwindcss_oxide::scanner: Discovering "C:\\My Web Sites\\Portfolio\\soliman.netlify.app\\static_backup\\assets\\images"
2026-02-08T04:48:22.817448Z  INFO scan_sources: tailwindcss_oxide::scanner: Discovering "C:\\My Web Sites\\Portfolio\\soliman.netlify.app\\static_backup\\assets\\images\\blog"
2026-02-08T04:48:22.817912Z  INFO scan_sources: tailwindcss_oxide::scanner: Discovering "C:\\My Web Sites\\Portfolio\\soliman.netlify.app\\static_backup\\assets\\images\\landing"
2026-02-08T04:48:22.818319Z  INFO scan_sources: tailwindcss_oxide::scanner: Discovering "C:\\My Web Sites\\Portfolio\\soliman.netlify.app\\static_backup\\assets\\images\\portfolio"
2026-02-08T04:48:22.818739Z  INFO scan_sources: tailwindcss_oxide::scanner: Discovering "C:\\My Web Sites\\Portfolio\\soliman.netlify.app\\static_backup\\assets\\images\\testimonials"
2026-02-08T04:48:22.819276Z  INFO scan_sources: tailwindcss_oxide::scanner: Discovering "C:\\My Web Sites\\Portfolio\\soliman.netlify.app\\static_backup\\assets\\js"
2026-02-08T04:48:22.819468Z  INFO scan_sources: tailwindcss_oxide::scanner: Discovering "C:\\My Web Sites\\Portfolio\\soliman.netlify.app\\static_backup\\assets\\js\\animate-skills.js"
2026-02-08T04:48:22.819571Z  INFO scan_sources: tailwindcss_oxide::scanner: Discovering "C:\\My Web Sites\\Portfolio\\soliman.netlify.app\\static_backup\\assets\\js\\app.js"
2026-02-08T04:48:22.819637Z  INFO scan_sources: tailwindcss_oxide::scanner: Discovering "C:\\My Web Sites\\Portfolio\\soliman.netlify.app\\static_backup\\assets\\js\\bootstrap.min.js"
2026-02-08T04:48:22.819745Z  INFO scan_sources: tailwindcss_oxide::scanner: Discovering "C:\\My Web Sites\\Portfolio\\soliman.netlify.app\\static_backup\\assets\\js\\classie.js"
2026-02-08T04:48:22.819809Z  INFO scan_sources: tailwindcss_oxide::scanner: Discovering "C:\\My Web Sites\\Portfolio\\soliman.netlify.app\\static_backup\\assets\\js\\custom.js"
2026-02-08T04:48:22.819914Z  INFO scan_sources: tailwindcss_oxide::scanner: Discovering "C:\\My Web Sites\\Portfolio\\soliman.netlify.app\\static_backup\\assets\\js\\isotope.pkgd.min.js"
2026-02-08T04:48:22.820078Z  INFO scan_sources: tailwindcss_oxide::scanner: Discovering "C:\\My Web Sites\\Portfolio\\soliman.netlify.app\\static_backup\\assets\\js\\jquery.fittext.js"
2026-02-08T04:48:22.820175Z  INFO scan_sources: tailwindcss_oxide::scanner: Discovering "C:\\My Web Sites\\Portfolio\\soliman.netlify.app\\static_backup\\assets\\js\\jquery.magnific-popup.min.js"
2026-02-08T04:48:22.820239Z  INFO scan_sources: tailwindcss_oxide::scanner: Discovering "C:\\My Web Sites\\Portfolio\\soliman.netlify.app\\static_backup\\assets\\js\\jquery.mb.YTPlayer.min.js"
2026-02-08T04:48:22.820341Z  INFO scan_sources: tailwindcss_oxide::scanner: Discovering "C:\\My Web Sites\\Portfolio\\soliman.netlify.app\\static_backup\\assets\\js\\jquery.min.js"
2026-02-08T04:48:22.820429Z  INFO scan_sources: tailwindcss_oxide::scanner: Discovering "C:\\My Web Sites\\Portfolio\\soliman.netlify.app\\static_backup\\assets\\js\\landing.js"
2026-02-08T04:48:22.820492Z  INFO scan_sources: tailwindcss_oxide::scanner: Discovering "C:\\My Web Sites\\Portfolio\\soliman.netlify.app\\static_backup\\assets\\js\\owl.carousel.min.js"
2026-02-08T04:48:22.820554Z  INFO scan_sources: tailwindcss_oxide::scanner: Discovering "C:\\My Web Sites\\Portfolio\\soliman.netlify.app\\static_backup\\assets\\js\\parallax.min.js"
2026-02-08T04:48:22.820632Z  INFO scan_sources: tailwindcss_oxide::scanner: Discovering "C:\\My Web Sites\\Portfolio\\soliman.netlify.app\\static_backup\\assets\\js\\particles.min.js"
2026-02-08T04:48:22.820694Z  INFO scan_sources: tailwindcss_oxide::scanner: Discovering "C:\\My Web Sites\\Portfolio\\soliman.netlify.app\\static_backup\\assets\\js\\snap.svg-min.js"
2026-02-08T04:48:22.820758Z  INFO scan_sources: tailwindcss_oxide::scanner: Discovering "C:\\My Web Sites\\Portfolio\\soliman.netlify.app\\static_backup\\assets\\js\\svgLoader.js"
2026-02-08T04:48:22.820820Z  INFO scan_sources: tailwindcss_oxide::scanner: Discovering "C:\\My Web Sites\\Portfolio\\soliman.netlify.app\\static_backup\\assets\\js\\typed.min.js"
2026-02-08T04:48:22.820939Z  INFO scan_sources: tailwindcss_oxide::scanner: Discovering "C:\\My Web Sites\\Portfolio\\soliman.netlify.app\\static_backup\\index.html"
2026-02-08T04:48:22.821003Z  INFO scan_sources: tailwindcss_oxide::scanner: Discovering "C:\\My Web Sites\\Portfolio\\soliman.netlify.app\\static_backup\\index_static.html"
2026-02-08T04:48:22.821153Z  INFO scan_sources: tailwindcss_oxide::scanner: Discovering "C:\\My Web Sites\\Portfolio\\soliman.netlify.app\\static_backup\\index_static_bg_fixed.html"
2026-02-08T04:48:22.821241Z  INFO scan_sources: tailwindcss_oxide::scanner: Discovering "C:\\My Web Sites\\Portfolio\\soliman.netlify.app\\static_backup\\index_static_bg_video.html"
2026-02-08T04:48:22.821357Z  INFO scan_sources: tailwindcss_oxide::scanner: Discovering "C:\\My Web Sites\\Portfolio\\soliman.netlify.app\\static_backup\\index_static_particle.html"
2026-02-08T04:48:22.821457Z  INFO scan_sources: tailwindcss_oxide::scanner: Discovering "C:\\My Web Sites\\Portfolio\\soliman.netlify.app\\static_backup\\index_static_svg_shape.html"
2026-02-08T04:48:22.821595Z  INFO scan_sources: tailwindcss_oxide::scanner: Discovering "C:\\My Web Sites\\Portfolio\\soliman.netlify.app\\static_backup\\index_type.html"
2026-02-08T04:48:22.821712Z  INFO scan_sources: tailwindcss_oxide::scanner: Discovering "C:\\My Web Sites\\Portfolio\\soliman.netlify.app\\static_backup\\index_type_bg_fixed.html"
2026-02-08T04:48:22.821775Z  INFO scan_sources: tailwindcss_oxide::scanner: Discovering "C:\\My Web Sites\\Portfolio\\soliman.netlify.app\\static_backup\\index_type_bg_video.html"
2026-02-08T04:48:22.821845Z  INFO scan_sources: tailwindcss_oxide::scanner: Discovering "C:\\My Web Sites\\Portfolio\\soliman.netlify.app\\static_backup\\index_type_particle.html"
2026-02-08T04:48:22.821910Z  INFO scan_sources: tailwindcss_oxide::scanner: Discovering "C:\\My Web Sites\\Portfolio\\soliman.netlify.app\\static_backup\\index_type_svg_shape.html"
2026-02-08T04:48:22.822013Z  INFO scan_sources: tailwindcss_oxide::scanner: Discovering "C:\\My Web Sites\\Portfolio\\soliman.netlify.app\\test-schema.prisma"
2026-02-08T04:48:22.822076Z  INFO scan_sources: tailwindcss_oxide::scanner: Discovering "C:\\My Web Sites\\Portfolio\\soliman.netlify.app\\tsconfig.json"
2026-02-08T04:48:22.822273Z  INFO scan_sources: tailwindcss_oxide::scanner: exit
2026-02-08T04:48:22.822292Z  INFO extract_candidates: tailwindcss_oxide::scanner: enter
2026-02-08T04:48:22.822303Z  INFO extract_candidates:read_all_files: tailwindcss_oxide::scanner: enter
2026-02-08T04:48:22.822309Z  INFO extract_candidates:read_all_files: tailwindcss_oxide::scanner: Reading 86 file(s)
2026-02-08T04:48:22.823736Z  INFO tailwindcss_oxide::scanner: Reading "C:\\My Web Sites\\Portfolio\\soliman.netlify.app\\static_backup\\assets\\js\\jquery.mb.YTPlayer.min.js"
2026-02-08T04:48:22.823736Z  INFO tailwindcss_oxide::scanner: Reading "C:\\My Web Sites\\Portfolio\\soliman.netlify.app\\src\\components\\Hero.tsx"
2026-02-08T04:48:22.823742Z  INFO tailwindcss_oxide::scanner: Reading "C:\\My Web Sites\\Portfolio\\soliman.netlify.app\\eslint.config.mjs"
2026-02-08T04:48:22.823765Z  INFO tailwindcss_oxide::scanner: Reading "C:\\My Web Sites\\Portfolio\\soliman.netlify.app\\static_backup\\index_static_bg_fixed.html"
2026-02-08T04:48:22.823812Z  INFO tailwindcss_oxide::scanner: Reading "C:\\My Web Sites\\Portfolio\\soliman.netlify.app\\public\\assets\\js\\landing.js"
2026-02-08T04:48:22.824209Z  INFO tailwindcss_oxide::scanner: Reading "C:\\My Web Sites\\Portfolio\\soliman.netlify.app\\next.config.ts"
2026-02-08T04:48:22.824245Z  INFO tailwindcss_oxide::scanner: Reading "C:\\My Web Sites\\Portfolio\\soliman.netlify.app\\src\\components\\Navbar.tsx"
2026-02-08T04:48:22.824206Z  INFO tailwindcss_oxide::scanner: Reading "C:\\My Web Sites\\Portfolio\\soliman.netlify.app\\static_backup\\assets\\js\\particles.min.js"
2026-02-08T04:48:22.824386Z  INFO tailwindcss_oxide::scanner: Reading "C:\\My Web Sites\\Portfolio\\soliman.netlify.app\\public\\assets\\js\\owl.carousel.min.js"
2026-02-08T04:48:22.824422Z  INFO tailwindcss_oxide::scanner: Reading "C:\\My Web Sites\\Portfolio\\soliman.netlify.app\\static_backup\\index_static_bg_video.html"
2026-02-08T04:48:22.824437Z  INFO tailwindcss_oxide::scanner: Reading "C:\\My Web Sites\\Portfolio\\soliman.netlify.app\\package.json"
2026-02-08T04:48:22.824414Z  INFO tailwindcss_oxide::scanner: Reading "C:\\My Web Sites\\Portfolio\\soliman.netlify.app\\static_backup\\index_type_bg_fixed.html"
2026-02-08T04:48:22.824528Z  INFO tailwindcss_oxide::scanner: Reading "C:\\My Web Sites\\Portfolio\\soliman.netlify.app\\static_backup\\assets\\js\\landing.js"
2026-02-08T04:48:22.824565Z  INFO tailwindcss_oxide::scanner: Reading "C:\\My Web Sites\\Portfolio\\soliman.netlify.app\\src\\components\\Skills.tsx"
2026-02-08T04:48:22.824585Z  INFO tailwindcss_oxide::scanner: Reading "C:\\My Web Sites\\Portfolio\\soliman.netlify.app\\public\\assets\\js\\parallax.min.js"
2026-02-08T04:48:22.824602Z  INFO tailwindcss_oxide::scanner: Reading "C:\\My Web Sites\\Portfolio\\soliman.netlify.app\\postcss.config.mjs"
2026-02-08T04:48:22.824624Z  INFO tailwindcss_oxide::scanner: Reading "C:\\My Web Sites\\Portfolio\\soliman.netlify.app\\static_backup\\assets\\js\\jquery.min.js"
2026-02-08T04:48:22.824651Z  INFO tailwindcss_oxide::scanner: Reading "C:\\My Web Sites\\Portfolio\\soliman.netlify.app\\static_backup\\index_static_particle.html"
2026-02-08T04:48:22.824666Z  INFO tailwindcss_oxide::scanner: Reading "C:\\My Web Sites\\Portfolio\\soliman.netlify.app\\static_backup\\index_type_bg_video.html"
2026-02-08T04:48:22.824678Z  INFO tailwindcss_oxide::scanner: Reading "C:\\My Web Sites\\Portfolio\\soliman.netlify.app\\static_backup\\assets\\js\\snap.svg-min.js"
2026-02-08T04:48:22.824698Z  INFO tailwindcss_oxide::scanner: Reading "C:\\My Web Sites\\Portfolio\\soliman.netlify.app\\static_backup\\assets\\js\\owl.carousel.min.js"
2026-02-08T04:48:22.824727Z  INFO tailwindcss_oxide::scanner: Reading "C:\\My Web Sites\\Portfolio\\soliman.netlify.app\\src\\data\\posts.json"
2026-02-08T04:48:22.824772Z  INFO tailwindcss_oxide::scanner: Reading "C:\\My Web Sites\\Portfolio\\soliman.netlify.app\\public\\assets\\js\\particles.min.js"
2026-02-08T04:48:22.824846Z  INFO tailwindcss_oxide::scanner: Reading "C:\\My Web Sites\\Portfolio\\soliman.netlify.app\\static_backup\\assets\\js\\typed.min.js"
2026-02-08T04:48:22.824868Z  INFO tailwindcss_oxide::scanner: Reading "C:\\My Web Sites\\Portfolio\\soliman.netlify.app\\static_backup\\assets\\js\\svgLoader.js"
2026-02-08T04:48:22.824806Z  INFO tailwindcss_oxide::scanner: Reading "C:\\My Web Sites\\Portfolio\\soliman.netlify.app\\static_backup\\index_static_svg_shape.html"
2026-02-08T04:48:22.824893Z  INFO tailwindcss_oxide::scanner: Reading "C:\\My Web Sites\\Portfolio\\soliman.netlify.app\\static_backup\\index_type_particle.html"
2026-02-08T04:48:22.824946Z  INFO tailwindcss_oxide::scanner: Reading "C:\\My Web Sites\\Portfolio\\soliman.netlify.app\\public\\window.svg"
2026-02-08T04:48:22.825003Z  INFO tailwindcss_oxide::scanner: Reading "C:\\My Web Sites\\Portfolio\\soliman.netlify.app\\src\\lib\\posts.ts"
2026-02-08T04:48:22.825041Z  INFO tailwindcss_oxide::scanner: Reading "C:\\My Web Sites\\Portfolio\\soliman.netlify.app\\public\\assets\\fonts\\glyphicons-halflings-regular.svg"
2026-02-08T04:48:22.825069Z  INFO tailwindcss_oxide::scanner: Reading "C:\\My Web Sites\\Portfolio\\soliman.netlify.app\\public\\assets\\js\\snap.svg-min.js"
2026-02-08T04:48:22.825123Z  INFO tailwindcss_oxide::scanner: Reading "C:\\My Web Sites\\Portfolio\\soliman.netlify.app\\README.md"
2026-02-08T04:48:22.825125Z  INFO tailwindcss_oxide::scanner: Reading "C:\\My Web Sites\\Portfolio\\soliman.netlify.app\\static_backup\\assets\\js\\parallax.min.js"
2026-02-08T04:48:22.825195Z  INFO tailwindcss_oxide::scanner: Reading "C:\\My Web Sites\\Portfolio\\soliman.netlify.app\\src\\lib\\prisma.ts"
2026-02-08T04:48:22.825195Z  INFO tailwindcss_oxide::scanner: Reading "C:\\My Web Sites\\Portfolio\\soliman.netlify.app\\static_backup\\index_type_svg_shape.html"
2026-02-08T04:48:22.825261Z  INFO tailwindcss_oxide::scanner: Reading "C:\\My Web Sites\\Portfolio\\soliman.netlify.app\\prisma-error.txt"
2026-02-08T04:48:22.825280Z  INFO tailwindcss_oxide::scanner: Reading "C:\\My Web Sites\\Portfolio\\soliman.netlify.app\\src\\app\\admin\\login\\page.tsx"
2026-02-08T04:48:22.825129Z  INFO tailwindcss_oxide::scanner: Reading "C:\\My Web Sites\\Portfolio\\soliman.netlify.app\\static_backup\\index_type.html"
2026-02-08T04:48:22.825318Z  INFO tailwindcss_oxide::scanner: Reading "C:\\My Web Sites\\Portfolio\\soliman.netlify.app\\public\\assets\\js\\animate-skills.js"
2026-02-08T04:48:22.825298Z  INFO tailwindcss_oxide::scanner: Reading "C:\\My Web Sites\\Portfolio\\soliman.netlify.app\\public\\assets\\js\\svgLoader.js"
2026-02-08T04:48:22.825392Z  INFO tailwindcss_oxide::scanner: Reading "C:\\My Web Sites\\Portfolio\\soliman.netlify.app\\src\\app\\admin\\page.tsx"
2026-02-08T04:48:22.825410Z  INFO tailwindcss_oxide::scanner: Reading "C:\\My Web Sites\\Portfolio\\soliman.netlify.app\\test-schema.prisma"
2026-02-08T04:48:22.825410Z  INFO tailwindcss_oxide::scanner: Reading "C:\\My Web Sites\\Portfolio\\soliman.netlify.app\\public\\globe.svg"
2026-02-08T04:48:22.825421Z  INFO tailwindcss_oxide::scanner: Reading "C:\\My Web Sites\\Portfolio\\soliman.netlify.app\\prisma.config.ts.backup"
2026-02-08T04:48:22.825202Z  INFO tailwindcss_oxide::scanner: Reading "C:\\My Web Sites\\Portfolio\\soliman.netlify.app\\static_backup\\index.html"
2026-02-08T04:48:22.825462Z  INFO tailwindcss_oxide::scanner: Reading "C:\\My Web Sites\\Portfolio\\soliman.netlify.app\\public\\assets\\js\\app.js"
2026-02-08T04:48:22.825322Z  INFO tailwindcss_oxide::scanner: Reading "C:\\My Web Sites\\Portfolio\\soliman.netlify.app\\src\\middleware.ts"
2026-02-08T04:48:22.825685Z  INFO tailwindcss_oxide::scanner: Reading "C:\\My Web Sites\\Portfolio\\soliman.netlify.app\\src\\app\\api\\auth\\login\\route.ts"
2026-02-08T04:48:22.825724Z  INFO tailwindcss_oxide::scanner: Reading "C:\\My Web Sites\\Portfolio\\soliman.netlify.app\\static_backup\\index_static.html"
2026-02-08T04:48:22.825739Z  INFO tailwindcss_oxide::scanner: Reading "C:\\My Web Sites\\Portfolio\\soliman.netlify.app\\src\\scripts\\test-db.ts"
2026-02-08T04:48:22.825794Z  INFO tailwindcss_oxide::scanner: Reading "C:\\My Web Sites\\Portfolio\\soliman.netlify.app\\public\\assets\\js\\bootstrap.min.js"
2026-02-08T04:48:22.825780Z  INFO tailwindcss_oxide::scanner: Reading "C:\\My Web Sites\\Portfolio\\soliman.netlify.app\\public\\assets\\css\\grabbing.html"
2026-02-08T04:48:22.825829Z  INFO tailwindcss_oxide::scanner: Reading "C:\\My Web Sites\\Portfolio\\soliman.netlify.app\\src\\app\\api\\debug\\route.ts"
2026-02-08T04:48:22.825563Z  INFO tailwindcss_oxide::scanner: Reading "C:\\My Web Sites\\Portfolio\\soliman.netlify.app\\tsconfig.json"
2026-02-08T04:48:22.825952Z  INFO tailwindcss_oxide::scanner: Reading "C:\\My Web Sites\\Portfolio\\soliman.netlify.app\\src\\app\\blog\\page.tsx"
2026-02-08T04:48:22.825577Z  INFO tailwindcss_oxide::scanner: Reading "C:\\My Web Sites\\Portfolio\\soliman.netlify.app\\public\\assets\\js\\typed.min.js"
2026-02-08T04:48:22.825984Z  INFO tailwindcss_oxide::scanner: Reading "C:\\My Web Sites\\Portfolio\\soliman.netlify.app\\static_backup\\assets\\js\\bootstrap.min.js"
2026-02-08T04:48:22.825570Z  INFO tailwindcss_oxide::scanner: Reading "C:\\My Web Sites\\Portfolio\\soliman.netlify.app\\src\\app\\api\\admin\\posts\\route.ts"
2026-02-08T04:48:22.825603Z  INFO tailwindcss_oxide::scanner: Reading "C:\\My Web Sites\\Portfolio\\soliman.netlify.app\\public\\next.svg"
2026-02-08T04:48:22.825608Z  INFO tailwindcss_oxide::scanner: Reading "C:\\My Web Sites\\Portfolio\\soliman.netlify.app\\public\\assets\\css\\AjaxLoader.html"
2026-02-08T04:48:22.825477Z  INFO tailwindcss_oxide::scanner: Reading "C:\\My Web Sites\\Portfolio\\soliman.netlify.app\\static_backup\\assets\\css\\grabbing.html"
2026-02-08T04:48:22.825998Z  INFO tailwindcss_oxide::scanner: Reading "C:\\My Web Sites\\Portfolio\\soliman.netlify.app\\public\\assets\\js\\custom.js"
2026-02-08T04:48:22.826101Z  INFO tailwindcss_oxide::scanner: Reading "C:\\My Web Sites\\Portfolio\\soliman.netlify.app\\src\\app\\blog\\[slug]\\page.tsx"
2026-02-08T04:48:22.826386Z  INFO tailwindcss_oxide::scanner: Reading "C:\\My Web Sites\\Portfolio\\soliman.netlify.app\\static_backup\\assets\\js\\isotope.pkgd.min.js"
2026-02-08T04:48:22.826450Z  INFO tailwindcss_oxide::scanner: Reading "C:\\My Web Sites\\Portfolio\\soliman.netlify.app\\public\\assets\\js\\jquery.magnific-popup.min.js"
2026-02-08T04:48:22.826471Z  INFO tailwindcss_oxide::scanner: Reading "C:\\My Web Sites\\Portfolio\\soliman.netlify.app\\src\\app\\layout.tsx"
2026-02-08T04:48:22.826478Z  INFO tailwindcss_oxide::scanner: Reading "C:\\My Web Sites\\Portfolio\\soliman.netlify.app\\public\\assets\\js\\isotope.pkgd.min.js"
2026-02-08T04:48:22.826592Z  INFO tailwindcss_oxide::scanner: Reading "C:\\My Web Sites\\Portfolio\\soliman.netlify.app\\public\\assets\\js\\jquery.fittext.js"
2026-02-08T04:48:22.826612Z  INFO tailwindcss_oxide::scanner: Reading "C:\\My Web Sites\\Portfolio\\soliman.netlify.app\\src\\app\\page.tsx"
2026-02-08T04:48:22.824729Z  INFO tailwindcss_oxide::scanner: Reading "C:\\My Web Sites\\Portfolio\\soliman.netlify.app\\prisma\\schema.prisma"
2026-02-08T04:48:22.826585Z  INFO tailwindcss_oxide::scanner: Reading "C:\\My Web Sites\\Portfolio\\soliman.netlify.app\\public\\assets\\fonts\\fontawesome-webfont5b62.svg"
2026-02-08T04:48:22.826767Z  INFO tailwindcss_oxide::scanner: Reading "C:\\My Web Sites\\Portfolio\\soliman.netlify.app\\static_backup\\assets\\css\\AjaxLoader.html"
2026-02-08T04:48:22.826834Z  INFO tailwindcss_oxide::scanner: Reading "C:\\My Web Sites\\Portfolio\\soliman.netlify.app\\public\\assets\\js\\jquery.min.js"
2026-02-08T04:48:22.826880Z  INFO tailwindcss_oxide::scanner: Reading "C:\\My Web Sites\\Portfolio\\soliman.netlify.app\\static_backup\\assets\\js\\custom.js"
2026-02-08T04:48:22.826885Z  INFO tailwindcss_oxide::scanner: Reading "C:\\My Web Sites\\Portfolio\\soliman.netlify.app\\static_backup\\assets\\js\\app.js"
2026-02-08T04:48:22.826881Z  INFO tailwindcss_oxide::scanner: Reading "C:\\My Web Sites\\Portfolio\\soliman.netlify.app\\public\\assets\\js\\jquery.mb.YTPlayer.min.js"
2026-02-08T04:48:22.826258Z  INFO tailwindcss_oxide::scanner: Reading "C:\\My Web Sites\\Portfolio\\soliman.netlify.app\\public\\vercel.svg"
2026-02-08T04:48:22.826123Z  INFO tailwindcss_oxide::scanner: Reading "C:\\My Web Sites\\Portfolio\\soliman.netlify.app\\public\\file.svg"
2026-02-08T04:48:22.825971Z  INFO tailwindcss_oxide::scanner: Reading "C:\\My Web Sites\\Portfolio\\soliman.netlify.app\\static_backup\\assets\\js\\animate-skills.js"
2026-02-08T04:48:22.825956Z  INFO tailwindcss_oxide::scanner: Reading "C:\\My Web Sites\\Portfolio\\soliman.netlify.app\\public\\assets\\js\\classie.js"
2026-02-08T04:48:22.826158Z  INFO tailwindcss_oxide::scanner: Reading "C:\\My Web Sites\\Portfolio\\soliman.netlify.app\\static_backup\\assets\\js\\jquery.fittext.js"
2026-02-08T04:48:22.826098Z  INFO tailwindcss_oxide::scanner: Reading "C:\\My Web Sites\\Portfolio\\soliman.netlify.app\\static_backup\\assets\\fonts\\glyphicons-halflings-regular.svg"
2026-02-08T04:48:22.826994Z  INFO tailwindcss_oxide::scanner: Reading "C:\\My Web Sites\\Portfolio\\soliman.netlify.app\\static_backup\\assets\\fonts\\fontawesome-webfont5b62.svg"
2026-02-08T04:48:22.826138Z  INFO tailwindcss_oxide::scanner: Reading "C:\\My Web Sites\\Portfolio\\soliman.netlify.app\\src\\types\\index.ts"
2026-02-08T04:48:22.826133Z  INFO tailwindcss_oxide::scanner: Reading "C:\\My Web Sites\\Portfolio\\soliman.netlify.app\\static_backup\\assets\\js\\classie.js"
2026-02-08T04:48:22.826894Z  INFO tailwindcss_oxide::scanner: Reading "C:\\My Web Sites\\Portfolio\\soliman.netlify.app\\static_backup\\assets\\js\\jquery.magnific-popup.min.js"
2026-02-08T04:48:22.827477Z  INFO extract_candidates:read_all_files: tailwindcss_oxide::scanner: exit
2026-02-08T04:48:22.827504Z  INFO extract_candidates:parse_all_blobs: tailwindcss_oxide::scanner: enter
2026-02-08T04:48:22.827513Z  INFO extract_candidates:parse_all_blobs:extract: tailwindcss_oxide::scanner: enter
2026-02-08T04:48:22.837609Z  INFO extract_candidates:parse_all_blobs:extract: tailwindcss_oxide::scanner: exit
2026-02-08T04:48:22.837952Z  INFO extract_candidates:parse_all_blobs: tailwindcss_oxide::scanner: exit
2026-02-08T04:48:22.837972Z  INFO extract_candidates:read_all_files: tailwindcss_oxide::scanner: enter
2026-02-08T04:48:22.837977Z  INFO extract_candidates:read_all_files: tailwindcss_oxide::scanner: Reading 21 file(s)
2026-02-08T04:48:22.838221Z  INFO tailwindcss_oxide::scanner: Reading "C:\\My Web Sites\\Portfolio\\soliman.netlify.app\\static_backup\\assets\\css\\style.css"
2026-02-08T04:48:22.838242Z  INFO tailwindcss_oxide::scanner: Reading "C:\\My Web Sites\\Portfolio\\soliman.netlify.app\\public\\assets\\css\\magnific-popup.css"
2026-02-08T04:48:22.838249Z  INFO tailwindcss_oxide::scanner: Reading "C:\\My Web Sites\\Portfolio\\soliman.netlify.app\\static_backup\\assets\\css\\responsive.css"
2026-02-08T04:48:22.838261Z  INFO tailwindcss_oxide::scanner: Reading "C:\\My Web Sites\\Portfolio\\soliman.netlify.app\\public\\assets\\css\\bg_fixed.css"
2026-02-08T04:48:22.838267Z  INFO tailwindcss_oxide::scanner: Reading "C:\\My Web Sites\\Portfolio\\soliman.netlify.app\\public\\assets\\css\\animate.css"
2026-02-08T04:48:22.838300Z  INFO tailwindcss_oxide::scanner: Reading "C:\\My Web Sites\\Portfolio\\soliman.netlify.app\\static_backup\\assets\\css\\animate.css"
2026-02-08T04:48:22.838316Z  INFO tailwindcss_oxide::scanner: Reading "C:\\My Web Sites\\Portfolio\\soliman.netlify.app\\public\\assets\\css\\bootstrap.css"
2026-02-08T04:48:22.838359Z  INFO tailwindcss_oxide::scanner: Reading "C:\\My Web Sites\\Portfolio\\soliman.netlify.app\\static_backup\\assets\\css\\font-awesome.min.css"
2026-02-08T04:48:22.838364Z  INFO tailwindcss_oxide::scanner: Reading "C:\\My Web Sites\\Portfolio\\soliman.netlify.app\\static_backup\\assets\\css\\landing.css"
2026-02-08T04:48:22.838375Z  INFO tailwindcss_oxide::scanner: Reading "C:\\My Web Sites\\Portfolio\\soliman.netlify.app\\public\\assets\\css\\owl.carousel.min.css"
2026-02-08T04:48:22.838222Z  INFO tailwindcss_oxide::scanner: Reading "C:\\My Web Sites\\Portfolio\\soliman.netlify.app\\public\\assets\\css\\responsive.css"
2026-02-08T04:48:22.838402Z  INFO tailwindcss_oxide::scanner: Reading "C:\\My Web Sites\\Portfolio\\soliman.netlify.app\\static_backup\\assets\\css\\magnific-popup.css"
2026-02-08T04:48:22.838413Z  INFO tailwindcss_oxide::scanner: Reading "C:\\My Web Sites\\Portfolio\\soliman.netlify.app\\public\\assets\\css\\style.css"
2026-02-08T04:48:22.838267Z  INFO tailwindcss_oxide::scanner: Reading "C:\\My Web Sites\\Portfolio\\soliman.netlify.app\\src\\app\\globals.css"
2026-02-08T04:48:22.838222Z  INFO tailwindcss_oxide::scanner: Reading "C:\\My Web Sites\\Portfolio\\soliman.netlify.app\\public\\assets\\css\\owl.theme.min.css"
2026-02-08T04:48:22.838404Z  INFO tailwindcss_oxide::scanner: Reading "C:\\My Web Sites\\Portfolio\\soliman.netlify.app\\public\\assets\\css\\landing.css"
2026-02-08T04:48:22.838221Z  INFO tailwindcss_oxide::scanner: Reading "C:\\My Web Sites\\Portfolio\\soliman.netlify.app\\static_backup\\assets\\css\\owl.theme.min.css"
2026-02-08T04:48:22.838430Z  INFO tailwindcss_oxide::scanner: Reading "C:\\My Web Sites\\Portfolio\\soliman.netlify.app\\static_backup\\assets\\css\\owl.carousel.min.css"
2026-02-08T04:48:22.838431Z  INFO tailwindcss_oxide::scanner: Reading "C:\\My Web Sites\\Portfolio\\soliman.netlify.app\\static_backup\\assets\\css\\bootstrap.css"
2026-02-08T04:48:22.838388Z  INFO tailwindcss_oxide::scanner: Reading "C:\\My Web Sites\\Portfolio\\soliman.netlify.app\\public\\assets\\css\\font-awesome.min.css"
2026-02-08T04:48:22.838439Z  INFO tailwindcss_oxide::scanner: Reading "C:\\My Web Sites\\Portfolio\\soliman.netlify.app\\static_backup\\assets\\css\\bg_fixed.css"
2026-02-08T04:48:22.838593Z  INFO extract_candidates:read_all_files: tailwindcss_oxide::scanner: exit
2026-02-08T04:48:22.838617Z  INFO extract_candidates:extract_css_variables: tailwindcss_oxide::scanner: enter
2026-02-08T04:48:22.838628Z  INFO extract_candidates:extract_css_variables:extract: tailwindcss_oxide::scanner: enter
2026-02-08T04:48:22.839289Z  INFO extract_candidates:extract_css_variables:extract: tailwindcss_oxide::scanner: exit
2026-02-08T04:48:22.839436Z  INFO extract_candidates:extract_css_variables: tailwindcss_oxide::scanner: exit
2026-02-08T04:48:22.840617Z  INFO extract_candidates: tailwindcss_oxide::scanner: exit
2026-02-08T04:48:22.843871Z  INFO get_files: tailwindcss_oxide::scanner: enter
2026-02-08T04:48:22.843955Z  INFO get_files:scan_sources: tailwindcss_oxide::scanner: enter
2026-02-08T04:48:22.849186Z  INFO get_files:scan_sources: tailwindcss_oxide::scanner: Discovering "C:\\My Web Sites\\Portfolio\\soliman.netlify.app\\prisma"
2026-02-08T04:48:22.849690Z  INFO get_files:scan_sources: tailwindcss_oxide::scanner: Discovering "C:\\My Web Sites\\Portfolio\\soliman.netlify.app\\public"
2026-02-08T04:48:22.850001Z  INFO get_files:scan_sources: tailwindcss_oxide::scanner: Discovering "C:\\My Web Sites\\Portfolio\\soliman.netlify.app\\public\\assets"
2026-02-08T04:48:22.850471Z  INFO get_files:scan_sources: tailwindcss_oxide::scanner: Discovering "C:\\My Web Sites\\Portfolio\\soliman.netlify.app\\public\\assets\\css"
2026-02-08T04:48:22.852272Z  INFO get_files:scan_sources: tailwindcss_oxide::scanner: Discovering "C:\\My Web Sites\\Portfolio\\soliman.netlify.app\\public\\assets\\fonts"
2026-02-08T04:48:22.852839Z  INFO get_files:scan_sources: tailwindcss_oxide::scanner: Discovering "C:\\My Web Sites\\Portfolio\\soliman.netlify.app\\public\\assets\\images"
2026-02-08T04:48:22.853204Z  INFO get_files:scan_sources: tailwindcss_oxide::scanner: Discovering "C:\\My Web Sites\\Portfolio\\soliman.netlify.app\\public\\assets\\images\\blog"
2026-02-08T04:48:22.853464Z  INFO get_files:scan_sources: tailwindcss_oxide::scanner: Discovering "C:\\My Web Sites\\Portfolio\\soliman.netlify.app\\public\\assets\\images\\landing"
2026-02-08T04:48:22.853735Z  INFO get_files:scan_sources: tailwindcss_oxide::scanner: Discovering "C:\\My Web Sites\\Portfolio\\soliman.netlify.app\\public\\assets\\images\\portfolio"
2026-02-08T04:48:22.854074Z  INFO get_files:scan_sources: tailwindcss_oxide::scanner: Discovering "C:\\My Web Sites\\Portfolio\\soliman.netlify.app\\public\\assets\\images\\testimonials"
2026-02-08T04:48:22.854452Z  INFO get_files:scan_sources: tailwindcss_oxide::scanner: Discovering "C:\\My Web Sites\\Portfolio\\soliman.netlify.app\\public\\assets\\js"
2026-02-08T04:48:22.856545Z  INFO get_files:scan_sources: tailwindcss_oxide::scanner: Discovering "C:\\My Web Sites\\Portfolio\\soliman.netlify.app\\src"
2026-02-08T04:48:22.857047Z  INFO get_files:scan_sources: tailwindcss_oxide::scanner: Discovering "C:\\My Web Sites\\Portfolio\\soliman.netlify.app\\src\\app"
2026-02-08T04:48:22.857538Z  INFO get_files:scan_sources: tailwindcss_oxide::scanner: Discovering "C:\\My Web Sites\\Portfolio\\soliman.netlify.app\\src\\app\\admin"
2026-02-08T04:48:22.858165Z  INFO get_files:scan_sources: tailwindcss_oxide::scanner: Discovering "C:\\My Web Sites\\Portfolio\\soliman.netlify.app\\src\\app\\admin\\login"
2026-02-08T04:48:22.859158Z  INFO get_files:scan_sources: tailwindcss_oxide::scanner: Discovering "C:\\My Web Sites\\Portfolio\\soliman.netlify.app\\src\\app\\api"
2026-02-08T04:48:22.859738Z  INFO get_files:scan_sources: tailwindcss_oxide::scanner: Discovering "C:\\My Web Sites\\Portfolio\\soliman.netlify.app\\src\\app\\api\\admin"
2026-02-08T04:48:22.860369Z  INFO get_files:scan_sources: tailwindcss_oxide::scanner: Discovering "C:\\My Web Sites\\Portfolio\\soliman.netlify.app\\src\\app\\api\\admin\\posts"
2026-02-08T04:48:22.861138Z  INFO get_files:scan_sources: tailwindcss_oxide::scanner: Discovering "C:\\My Web Sites\\Portfolio\\soliman.netlify.app\\src\\app\\api\\auth"
2026-02-08T04:48:22.861522Z  INFO get_files:scan_sources: tailwindcss_oxide::scanner: Discovering "C:\\My Web Sites\\Portfolio\\soliman.netlify.app\\src\\app\\api\\auth\\login"
2026-02-08T04:48:22.862421Z  INFO get_files:scan_sources: tailwindcss_oxide::scanner: Discovering "C:\\My Web Sites\\Portfolio\\soliman.netlify.app\\src\\app\\api\\debug"
2026-02-08T04:48:22.862784Z  INFO get_files:scan_sources: tailwindcss_oxide::scanner: Discovering "C:\\My Web Sites\\Portfolio\\soliman.netlify.app\\src\\app\\blog"
2026-02-08T04:48:22.863112Z  INFO get_files:scan_sources: tailwindcss_oxide::scanner: Discovering "C:\\My Web Sites\\Portfolio\\soliman.netlify.app\\src\\app\\blog\\[slug]"
2026-02-08T04:48:22.863839Z  INFO get_files:scan_sources: tailwindcss_oxide::scanner: Discovering "C:\\My Web Sites\\Portfolio\\soliman.netlify.app\\src\\components"
2026-02-08T04:48:22.864465Z  INFO get_files:scan_sources: tailwindcss_oxide::scanner: Discovering "C:\\My Web Sites\\Portfolio\\soliman.netlify.app\\src\\data"
2026-02-08T04:48:22.864827Z  INFO get_files:scan_sources: tailwindcss_oxide::scanner: Discovering "C:\\My Web Sites\\Portfolio\\soliman.netlify.app\\src\\lib"
2026-02-08T04:48:22.865394Z  INFO get_files:scan_sources: tailwindcss_oxide::scanner: Discovering "C:\\My Web Sites\\Portfolio\\soliman.netlify.app\\src\\scripts"
2026-02-08T04:48:22.865955Z  INFO get_files:scan_sources: tailwindcss_oxide::scanner: Discovering "C:\\My Web Sites\\Portfolio\\soliman.netlify.app\\src\\types"
2026-02-08T04:48:22.866397Z  INFO get_files:scan_sources: tailwindcss_oxide::scanner: Discovering "C:\\My Web Sites\\Portfolio\\soliman.netlify.app\\static_backup"
2026-02-08T04:48:22.866783Z  INFO get_files:scan_sources: tailwindcss_oxide::scanner: Discovering "C:\\My Web Sites\\Portfolio\\soliman.netlify.app\\static_backup\\assets"
2026-02-08T04:48:22.867171Z  INFO get_files:scan_sources: tailwindcss_oxide::scanner: Discovering "C:\\My Web Sites\\Portfolio\\soliman.netlify.app\\static_backup\\assets\\css"
2026-02-08T04:48:22.868117Z  INFO get_files:scan_sources: tailwindcss_oxide::scanner: Discovering "C:\\My Web Sites\\Portfolio\\soliman.netlify.app\\static_backup\\assets\\fonts"
2026-02-08T04:48:22.868525Z  INFO get_files:scan_sources: tailwindcss_oxide::scanner: Discovering "C:\\My Web Sites\\Portfolio\\soliman.netlify.app\\static_backup\\assets\\images"
2026-02-08T04:48:22.868772Z  INFO get_files:scan_sources: tailwindcss_oxide::scanner: Discovering "C:\\My Web Sites\\Portfolio\\soliman.netlify.app\\static_backup\\assets\\images\\blog"
2026-02-08T04:48:22.869128Z  INFO get_files:scan_sources: tailwindcss_oxide::scanner: Discovering "C:\\My Web Sites\\Portfolio\\soliman.netlify.app\\static_backup\\assets\\images\\landing"
2026-02-08T04:48:22.869471Z  INFO get_files:scan_sources: tailwindcss_oxide::scanner: Discovering "C:\\My Web Sites\\Portfolio\\soliman.netlify.app\\static_backup\\assets\\images\\portfolio"
2026-02-08T04:48:22.869903Z  INFO get_files:scan_sources: tailwindcss_oxide::scanner: Discovering "C:\\My Web Sites\\Portfolio\\soliman.netlify.app\\static_backup\\assets\\images\\testimonials"
2026-02-08T04:48:22.870409Z  INFO get_files:scan_sources: tailwindcss_oxide::scanner: Discovering "C:\\My Web Sites\\Portfolio\\soliman.netlify.app\\static_backup\\assets\\js"
2026-02-08T04:48:22.872052Z  INFO get_files:scan_sources: tailwindcss_oxide::scanner: exit
2026-02-08T04:48:22.872280Z  INFO get_files: tailwindcss_oxide::scanner: exit
2026-02-08T04:48:22.873377Z  INFO get_globs: tailwindcss_oxide::scanner: enter
2026-02-08T04:48:22.873446Z  INFO get_globs:scan_sources: tailwindcss_oxide::scanner: enter
2026-02-08T04:48:22.878723Z  INFO get_globs:scan_sources: tailwindcss_oxide::scanner: Discovering "C:\\My Web Sites\\Portfolio\\soliman.netlify.app\\prisma"
2026-02-08T04:48:22.879634Z  INFO get_globs:scan_sources: tailwindcss_oxide::scanner: Discovering "C:\\My Web Sites\\Portfolio\\soliman.netlify.app\\public"
2026-02-08T04:48:22.880021Z  INFO get_globs:scan_sources: tailwindcss_oxide::scanner: Discovering "C:\\My Web Sites\\Portfolio\\soliman.netlify.app\\public\\assets"
2026-02-08T04:48:22.880358Z  INFO get_globs:scan_sources: tailwindcss_oxide::scanner: Discovering "C:\\My Web Sites\\Portfolio\\soliman.netlify.app\\public\\assets\\css"
2026-02-08T04:48:22.881560Z  INFO get_globs:scan_sources: tailwindcss_oxide::scanner: Discovering "C:\\My Web Sites\\Portfolio\\soliman.netlify.app\\public\\assets\\fonts"
2026-02-08T04:48:22.882030Z  INFO get_globs:scan_sources: tailwindcss_oxide::scanner: Discovering "C:\\My Web Sites\\Portfolio\\soliman.netlify.app\\public\\assets\\images"
2026-02-08T04:48:22.882394Z  INFO get_globs:scan_sources: tailwindcss_oxide::scanner: Discovering "C:\\My Web Sites\\Portfolio\\soliman.netlify.app\\public\\assets\\images\\blog"
2026-02-08T04:48:22.882817Z  INFO get_globs:scan_sources: tailwindcss_oxide::scanner: Discovering "C:\\My Web Sites\\Portfolio\\soliman.netlify.app\\public\\assets\\images\\landing"
2026-02-08T04:48:22.883320Z  INFO get_globs:scan_sources: tailwindcss_oxide::scanner: Discovering "C:\\My Web Sites\\Portfolio\\soliman.netlify.app\\public\\assets\\images\\portfolio"
2026-02-08T04:48:22.883836Z  INFO get_globs:scan_sources: tailwindcss_oxide::scanner: Discovering "C:\\My Web Sites\\Portfolio\\soliman.netlify.app\\public\\assets\\images\\testimonials"
2026-02-08T04:48:22.884194Z  INFO get_globs:scan_sources: tailwindcss_oxide::scanner: Discovering "C:\\My Web Sites\\Portfolio\\soliman.netlify.app\\public\\assets\\js"
2026-02-08T04:48:22.885572Z  INFO get_globs:scan_sources: tailwindcss_oxide::scanner: Discovering "C:\\My Web Sites\\Portfolio\\soliman.netlify.app\\src"
2026-02-08T04:48:22.885796Z  INFO get_globs:scan_sources: tailwindcss_oxide::scanner: Discovering "C:\\My Web Sites\\Portfolio\\soliman.netlify.app\\src\\app"
2026-02-08T04:48:22.886074Z  INFO get_globs:scan_sources: tailwindcss_oxide::scanner: Discovering "C:\\My Web Sites\\Portfolio\\soliman.netlify.app\\src\\app\\admin"
2026-02-08T04:48:22.886296Z  INFO get_globs:scan_sources: tailwindcss_oxide::scanner: Discovering "C:\\My Web Sites\\Portfolio\\soliman.netlify.app\\src\\app\\admin\\login"
2026-02-08T04:48:22.886631Z  INFO get_globs:scan_sources: tailwindcss_oxide::scanner: Discovering "C:\\My Web Sites\\Portfolio\\soliman.netlify.app\\src\\app\\api"
2026-02-08T04:48:22.886817Z  INFO get_globs:scan_sources: tailwindcss_oxide::scanner: Discovering "C:\\My Web Sites\\Portfolio\\soliman.netlify.app\\src\\app\\api\\admin"
2026-02-08T04:48:22.887020Z  INFO get_globs:scan_sources: tailwindcss_oxide::scanner: Discovering "C:\\My Web Sites\\Portfolio\\soliman.netlify.app\\src\\app\\api\\admin\\posts"
2026-02-08T04:48:22.887285Z  INFO get_globs:scan_sources: tailwindcss_oxide::scanner: Discovering "C:\\My Web Sites\\Portfolio\\soliman.netlify.app\\src\\app\\api\\auth"
2026-02-08T04:48:22.887561Z  INFO get_globs:scan_sources: tailwindcss_oxide::scanner: Discovering "C:\\My Web Sites\\Portfolio\\soliman.netlify.app\\src\\app\\api\\auth\\login"
2026-02-08T04:48:22.887868Z  INFO get_globs:scan_sources: tailwindcss_oxide::scanner: Discovering "C:\\My Web Sites\\Portfolio\\soliman.netlify.app\\src\\app\\api\\debug"
2026-02-08T04:48:22.888185Z  INFO get_globs:scan_sources: tailwindcss_oxide::scanner: Discovering "C:\\My Web Sites\\Portfolio\\soliman.netlify.app\\src\\app\\blog"
2026-02-08T04:48:22.888457Z  INFO get_globs:scan_sources: tailwindcss_oxide::scanner: Discovering "C:\\My Web Sites\\Portfolio\\soliman.netlify.app\\src\\app\\blog\\[slug]"
2026-02-08T04:48:22.888940Z  INFO get_globs:scan_sources: tailwindcss_oxide::scanner: Discovering "C:\\My Web Sites\\Portfolio\\soliman.netlify.app\\src\\components"
2026-02-08T04:48:22.889387Z  INFO get_globs:scan_sources: tailwindcss_oxide::scanner: Discovering "C:\\My Web Sites\\Portfolio\\soliman.netlify.app\\src\\data"
2026-02-08T04:48:22.889665Z  INFO get_globs:scan_sources: tailwindcss_oxide::scanner: Discovering "C:\\My Web Sites\\Portfolio\\soliman.netlify.app\\src\\lib"
2026-02-08T04:48:22.890147Z  INFO get_globs:scan_sources: tailwindcss_oxide::scanner: Discovering "C:\\My Web Sites\\Portfolio\\soliman.netlify.app\\src\\scripts"
2026-02-08T04:48:22.890563Z  INFO get_globs:scan_sources: tailwindcss_oxide::scanner: Discovering "C:\\My Web Sites\\Portfolio\\soliman.netlify.app\\src\\types"
2026-02-08T04:48:22.890897Z  INFO get_globs:scan_sources: tailwindcss_oxide::scanner: Discovering "C:\\My Web Sites\\Portfolio\\soliman.netlify.app\\static_backup"
2026-02-08T04:48:22.891169Z  INFO get_globs:scan_sources: tailwindcss_oxide::scanner: Discovering "C:\\My Web Sites\\Portfolio\\soliman.netlify.app\\static_backup\\assets"
2026-02-08T04:48:22.891409Z  INFO get_globs:scan_sources: tailwindcss_oxide::scanner: Discovering "C:\\My Web Sites\\Portfolio\\soliman.netlify.app\\static_backup\\assets\\css"
2026-02-08T04:48:22.893583Z  INFO get_globs:scan_sources: tailwindcss_oxide::scanner: Discovering "C:\\My Web Sites\\Portfolio\\soliman.netlify.app\\static_backup\\assets\\fonts"
2026-02-08T04:48:22.894695Z  INFO get_globs:scan_sources: tailwindcss_oxide::scanner: Discovering "C:\\My Web Sites\\Portfolio\\soliman.netlify.app\\static_backup\\assets\\images"
2026-02-08T04:48:22.895190Z  INFO get_globs:scan_sources: tailwindcss_oxide::scanner: Discovering "C:\\My Web Sites\\Portfolio\\soliman.netlify.app\\static_backup\\assets\\images\\blog"
2026-02-08T04:48:22.895668Z  INFO get_globs:scan_sources: tailwindcss_oxide::scanner: Discovering "C:\\My Web Sites\\Portfolio\\soliman.netlify.app\\static_backup\\assets\\images\\landing"
2026-02-08T04:48:22.896163Z  INFO get_globs:scan_sources: tailwindcss_oxide::scanner: Discovering "C:\\My Web Sites\\Portfolio\\soliman.netlify.app\\static_backup\\assets\\images\\portfolio"
2026-02-08T04:48:22.896551Z  INFO get_globs:scan_sources: tailwindcss_oxide::scanner: Discovering "C:\\My Web Sites\\Portfolio\\soliman.netlify.app\\static_backup\\assets\\images\\testimonials"
2026-02-08T04:48:22.896999Z  INFO get_globs:scan_sources: tailwindcss_oxide::scanner: Discovering "C:\\My Web Sites\\Portfolio\\soliman.netlify.app\\static_backup\\assets\\js"
2026-02-08T04:48:22.900642Z  INFO get_globs:scan_sources: tailwindcss_oxide::scanner: exit
2026-02-08T04:48:22.921781Z  INFO get_globs: tailwindcss_oxide::scanner: exit
