2026-02-08T04:47:30.498285Z  INFO tailwindcss_oxide::scanner: Provided sources:
2026-02-08T04:47:30.499796Z  INFO tailwindcss_oxide::scanner: Source: PublicSourceEntry { base: "C:\\My Web Sites\\Portfolio\\soliman.netlify.app", pattern: "**/*", negated: false }
2026-02-08T04:47:30.500799Z  INFO tailwindcss_oxide::scanner: Optimized sources:
2026-02-08T04:47:30.500847Z  INFO tailwindcss_oxide::scanner: Source: Auto { base: "C:\\My Web Sites\\Portfolio\\soliman.netlify.app" }
2026-02-08T04:47:30.503358Z  INFO scan_sources: tailwindcss_oxide::scanner: enter
2026-02-08T04:47:30.506731Z  INFO scan_sources: tailwindcss_oxide::scanner: Discovering "C:\\My Web Sites\\Portfolio\\soliman.netlify.app\\eslint.config.mjs"
2026-02-08T04:47:30.507527Z  INFO scan_sources: tailwindcss_oxide::scanner: Discovering "C:\\My Web Sites\\Portfolio\\soliman.netlify.app\\next.config.ts"
2026-02-08T04:47:30.508169Z  INFO scan_sources: tailwindcss_oxide::scanner: Discovering "C:\\My Web Sites\\Portfolio\\soliman.netlify.app\\package.json"
2026-02-08T04:47:30.508302Z  INFO scan_sources: tailwindcss_oxide::scanner: Discovering "C:\\My Web Sites\\Portfolio\\soliman.netlify.app\\postcss.config.mjs"
2026-02-08T04:47:30.508461Z  INFO scan_sources: tailwindcss_oxide::scanner: Discovering "C:\\My Web Sites\\Portfolio\\soliman.netlify.app\\prisma"
2026-02-08T04:47:30.508670Z  INFO scan_sources: tailwindcss_oxide::scanner: Discovering "C:\\My Web Sites\\Portfolio\\soliman.netlify.app\\prisma\\schema.prisma"
2026-02-08T04:47:30.508820Z  INFO scan_sources: tailwindcss_oxide::scanner: Discovering "C:\\My Web Sites\\Portfolio\\soliman.netlify.app\\prisma-error.txt"
2026-02-08T04:47:30.508910Z  INFO scan_sources: tailwindcss_oxide::scanner: Discovering "C:\\My Web Sites\\Portfolio\\soliman.netlify.app\\prisma.config.ts.backup"
2026-02-08T04:47:30.509084Z  INFO scan_sources: tailwindcss_oxide::scanner: Discovering "C:\\My Web Sites\\Portfolio\\soliman.netlify.app\\public"
2026-02-08T04:47:30.509316Z  INFO scan_sources: tailwindcss_oxide::scanner: Discovering "C:\\My Web Sites\\Portfolio\\soliman.netlify.app\\public\\assets"
2026-02-08T04:47:30.509556Z  INFO scan_sources: tailwindcss_oxide::scanner: Discovering "C:\\My Web Sites\\Portfolio\\soliman.netlify.app\\public\\assets\\css"
2026-02-08T04:47:30.509783Z  INFO scan_sources: tailwindcss_oxide::scanner: Discovering "C:\\My Web Sites\\Portfolio\\soliman.netlify.app\\public\\assets\\css\\AjaxLoader.html"
2026-02-08T04:47:30.509879Z  INFO scan_sources: tailwindcss_oxide::scanner: Discovering "C:\\My Web Sites\\Portfolio\\soliman.netlify.app\\public\\assets\\css\\animate.css"
2026-02-08T04:47:30.510088Z  INFO scan_sources: tailwindcss_oxide::scanner: Discovering "C:\\My Web Sites\\Portfolio\\soliman.netlify.app\\public\\assets\\css\\bg_fixed.css"
2026-02-08T04:47:30.510196Z  INFO scan_sources: tailwindcss_oxide::scanner: Discovering "C:\\My Web Sites\\Portfolio\\soliman.netlify.app\\public\\assets\\css\\bootstrap.css"
2026-02-08T04:47:30.510291Z  INFO scan_sources: tailwindcss_oxide::scanner: Discovering "C:\\My Web Sites\\Portfolio\\soliman.netlify.app\\public\\assets\\css\\font-awesome.min.css"
2026-02-08T04:47:30.510386Z  INFO scan_sources: tailwindcss_oxide::scanner: Discovering "C:\\My Web Sites\\Portfolio\\soliman.netlify.app\\public\\assets\\css\\grabbing.html"
2026-02-08T04:47:30.510499Z  INFO scan_sources: tailwindcss_oxide::scanner: Discovering "C:\\My Web Sites\\Portfolio\\soliman.netlify.app\\public\\assets\\css\\landing.css"
2026-02-08T04:47:30.510572Z  INFO scan_sources: tailwindcss_oxide::scanner: Discovering "C:\\My Web Sites\\Portfolio\\soliman.netlify.app\\public\\assets\\css\\magnific-popup.css"
2026-02-08T04:47:30.510663Z  INFO scan_sources: tailwindcss_oxide::scanner: Discovering "C:\\My Web Sites\\Portfolio\\soliman.netlify.app\\public\\assets\\css\\owl.carousel.min.css"
2026-02-08T04:47:30.510752Z  INFO scan_sources: tailwindcss_oxide::scanner: Discovering "C:\\My Web Sites\\Portfolio\\soliman.netlify.app\\public\\assets\\css\\owl.theme.min.css"
2026-02-08T04:47:30.510819Z  INFO scan_sources: tailwindcss_oxide::scanner: Discovering "C:\\My Web Sites\\Portfolio\\soliman.netlify.app\\public\\assets\\css\\responsive.css"
2026-02-08T04:47:30.510953Z  INFO scan_sources: tailwindcss_oxide::scanner: Discovering "C:\\My Web Sites\\Portfolio\\soliman.netlify.app\\public\\assets\\css\\style.css"
2026-02-08T04:47:30.511099Z  INFO scan_sources: tailwindcss_oxide::scanner: Discovering "C:\\My Web Sites\\Portfolio\\soliman.netlify.app\\public\\assets\\fonts"
2026-02-08T04:47:30.511255Z  INFO scan_sources: tailwindcss_oxide::scanner: Discovering "C:\\My Web Sites\\Portfolio\\soliman.netlify.app\\public\\assets\\fonts\\fontawesome-webfont5b62.svg"
2026-02-08T04:47:30.511337Z  INFO scan_sources: tailwindcss_oxide::scanner: Discovering "C:\\My Web Sites\\Portfolio\\soliman.netlify.app\\public\\assets\\fonts\\glyphicons-halflings-regular.svg"
2026-02-08T04:47:30.511480Z  INFO scan_sources: tailwindcss_oxide::scanner: Discovering "C:\\My Web Sites\\Portfolio\\soliman.netlify.app\\public\\assets\\images"
2026-02-08T04:47:30.511670Z  INFO scan_sources: tailwindcss_oxide::scanner: Discovering "C:\\My Web Sites\\Portfolio\\soliman.netlify.app\\public\\assets\\images\\blog"
2026-02-08T04:47:30.511899Z  INFO scan_sources: tailwindcss_oxide::scanner: Discovering "C:\\My Web Sites\\Portfolio\\soliman.netlify.app\\public\\assets\\images\\landing"
2026-02-08T04:47:30.512127Z  INFO scan_sources: tailwindcss_oxide::scanner: Discovering "C:\\My Web Sites\\Portfolio\\soliman.netlify.app\\public\\assets\\images\\portfolio"
2026-02-08T04:47:30.512346Z  INFO scan_sources: tailwindcss_oxide::scanner: Discovering "C:\\My Web Sites\\Portfolio\\soliman.netlify.app\\public\\assets\\images\\testimonials"
2026-02-08T04:47:30.512624Z  INFO scan_sources: tailwindcss_oxide::scanner: Discovering "C:\\My Web Sites\\Portfolio\\soliman.netlify.app\\public\\assets\\js"
2026-02-08T04:47:30.512761Z  INFO scan_sources: tailwindcss_oxide::scanner: Discovering "C:\\My Web Sites\\Portfolio\\soliman.netlify.app\\public\\assets\\js\\animate-skills.js"
2026-02-08T04:47:30.512827Z  INFO scan_sources: tailwindcss_oxide::scanner: Discovering "C:\\My Web Sites\\Portfolio\\soliman.netlify.app\\public\\assets\\js\\app.js"
2026-02-08T04:47:30.512890Z  INFO scan_sources: tailwindcss_oxide::scanner: Discovering "C:\\My Web Sites\\Portfolio\\soliman.netlify.app\\public\\assets\\js\\bootstrap.min.js"
2026-02-08T04:47:30.512953Z  INFO scan_sources: tailwindcss_oxide::scanner: Discovering "C:\\My Web Sites\\Portfolio\\soliman.netlify.app\\public\\assets\\js\\classie.js"
2026-02-08T04:47:30.513016Z  INFO scan_sources: tailwindcss_oxide::scanner: Discovering "C:\\My Web Sites\\Portfolio\\soliman.netlify.app\\public\\assets\\js\\custom.js"
2026-02-08T04:47:30.513085Z  INFO scan_sources: tailwindcss_oxide::scanner: Discovering "C:\\My Web Sites\\Portfolio\\soliman.netlify.app\\public\\assets\\js\\isotope.pkgd.min.js"
2026-02-08T04:47:30.513151Z  INFO scan_sources: tailwindcss_oxide::scanner: Discovering "C:\\My Web Sites\\Portfolio\\soliman.netlify.app\\public\\assets\\js\\jquery.fittext.js"
2026-02-08T04:47:30.513221Z  INFO scan_sources: tailwindcss_oxide::scanner: Discovering "C:\\My Web Sites\\Portfolio\\soliman.netlify.app\\public\\assets\\js\\jquery.magnific-popup.min.js"
2026-02-08T04:47:30.513286Z  INFO scan_sources: tailwindcss_oxide::scanner: Discovering "C:\\My Web Sites\\Portfolio\\soliman.netlify.app\\public\\assets\\js\\jquery.mb.YTPlayer.min.js"
2026-02-08T04:47:30.513349Z  INFO scan_sources: tailwindcss_oxide::scanner: Discovering "C:\\My Web Sites\\Portfolio\\soliman.netlify.app\\public\\assets\\js\\jquery.min.js"
2026-02-08T04:47:30.513411Z  INFO scan_sources: tailwindcss_oxide::scanner: Discovering "C:\\My Web Sites\\Portfolio\\soliman.netlify.app\\public\\assets\\js\\landing.js"
2026-02-08T04:47:30.513473Z  INFO scan_sources: tailwindcss_oxide::scanner: Discovering "C:\\My Web Sites\\Portfolio\\soliman.netlify.app\\public\\assets\\js\\owl.carousel.min.js"
2026-02-08T04:47:30.513537Z  INFO scan_sources: tailwindcss_oxide::scanner: Discovering "C:\\My Web Sites\\Portfolio\\soliman.netlify.app\\public\\assets\\js\\parallax.min.js"
2026-02-08T04:47:30.513645Z  INFO scan_sources: tailwindcss_oxide::scanner: Discovering "C:\\My Web Sites\\Portfolio\\soliman.netlify.app\\public\\assets\\js\\particles.min.js"
2026-02-08T04:47:30.513713Z  INFO scan_sources: tailwindcss_oxide::scanner: Discovering "C:\\My Web Sites\\Portfolio\\soliman.netlify.app\\public\\assets\\js\\snap.svg-min.js"
2026-02-08T04:47:30.513787Z  INFO scan_sources: tailwindcss_oxide::scanner: Discovering "C:\\My Web Sites\\Portfolio\\soliman.netlify.app\\public\\assets\\js\\svgLoader.js"
2026-02-08T04:47:30.513851Z  INFO scan_sources: tailwindcss_oxide::scanner: Discovering "C:\\My Web Sites\\Portfolio\\soliman.netlify.app\\public\\assets\\js\\typed.min.js"
2026-02-08T04:47:30.513964Z  INFO scan_sources: tailwindcss_oxide::scanner: Discovering "C:\\My Web Sites\\Portfolio\\soliman.netlify.app\\public\\file.svg"
2026-02-08T04:47:30.514028Z  INFO scan_sources: tailwindcss_oxide::scanner: Discovering "C:\\My Web Sites\\Portfolio\\soliman.netlify.app\\public\\globe.svg"
2026-02-08T04:47:30.514094Z  INFO scan_sources: tailwindcss_oxide::scanner: Discovering "C:\\My Web Sites\\Portfolio\\soliman.netlify.app\\public\\next.svg"
2026-02-08T04:47:30.514165Z  INFO scan_sources: tailwindcss_oxide::scanner: Discovering "C:\\My Web Sites\\Portfolio\\soliman.netlify.app\\public\\vercel.svg"
2026-02-08T04:47:30.514228Z  INFO scan_sources: tailwindcss_oxide::scanner: Discovering "C:\\My Web Sites\\Portfolio\\soliman.netlify.app\\public\\window.svg"
2026-02-08T04:47:30.514330Z  INFO scan_sources: tailwindcss_oxide::scanner: Discovering "C:\\My Web Sites\\Portfolio\\soliman.netlify.app\\README.md"
2026-02-08T04:47:30.514480Z  INFO scan_sources: tailwindcss_oxide::scanner: Discovering "C:\\My Web Sites\\Portfolio\\soliman.netlify.app\\src"
2026-02-08T04:47:30.514760Z  INFO scan_sources: tailwindcss_oxide::scanner: Discovering "C:\\My Web Sites\\Portfolio\\soliman.netlify.app\\src\\app"
2026-02-08T04:47:30.515115Z  INFO scan_sources: tailwindcss_oxide::scanner: Discovering "C:\\My Web Sites\\Portfolio\\soliman.netlify.app\\src\\app\\admin"
2026-02-08T04:47:30.515390Z  INFO scan_sources: tailwindcss_oxide::scanner: Discovering "C:\\My Web Sites\\Portfolio\\soliman.netlify.app\\src\\app\\admin\\login"
2026-02-08T04:47:30.515645Z  INFO scan_sources: tailwindcss_oxide::scanner: Discovering "C:\\My Web Sites\\Portfolio\\soliman.netlify.app\\src\\app\\admin\\login\\page.tsx"
2026-02-08T04:47:30.515988Z  INFO scan_sources: tailwindcss_oxide::scanner: Discovering "C:\\My Web Sites\\Portfolio\\soliman.netlify.app\\src\\app\\admin\\page.tsx"
2026-02-08T04:47:30.516329Z  INFO scan_sources: tailwindcss_oxide::scanner: Discovering "C:\\My Web Sites\\Portfolio\\soliman.netlify.app\\src\\app\\api"
2026-02-08T04:47:30.516588Z  INFO scan_sources: tailwindcss_oxide::scanner: Discovering "C:\\My Web Sites\\Portfolio\\soliman.netlify.app\\src\\app\\api\\admin"
2026-02-08T04:47:30.516761Z  INFO scan_sources: tailwindcss_oxide::scanner: Discovering "C:\\My Web Sites\\Portfolio\\soliman.netlify.app\\src\\app\\api\\admin\\posts"
2026-02-08T04:47:30.516893Z  INFO scan_sources: tailwindcss_oxide::scanner: Discovering "C:\\My Web Sites\\Portfolio\\soliman.netlify.app\\src\\app\\api\\admin\\posts\\route.ts"
2026-02-08T04:47:30.517036Z  INFO scan_sources: tailwindcss_oxide::scanner: Discovering "C:\\My Web Sites\\Portfolio\\soliman.netlify.app\\src\\app\\api\\auth"
2026-02-08T04:47:30.517218Z  INFO scan_sources: tailwindcss_oxide::scanner: Discovering "C:\\My Web Sites\\Portfolio\\soliman.netlify.app\\src\\app\\api\\auth\\login"
2026-02-08T04:47:30.517349Z  INFO scan_sources: tailwindcss_oxide::scanner: Discovering "C:\\My Web Sites\\Portfolio\\soliman.netlify.app\\src\\app\\api\\auth\\login\\route.ts"
2026-02-08T04:47:30.517493Z  INFO scan_sources: tailwindcss_oxide::scanner: Discovering "C:\\My Web Sites\\Portfolio\\soliman.netlify.app\\src\\app\\api\\debug"
2026-02-08T04:47:30.517627Z  INFO scan_sources: tailwindcss_oxide::scanner: Discovering "C:\\My Web Sites\\Portfolio\\soliman.netlify.app\\src\\app\\api\\debug\\route.ts"
2026-02-08T04:47:30.517772Z  INFO scan_sources: tailwindcss_oxide::scanner: Discovering "C:\\My Web Sites\\Portfolio\\soliman.netlify.app\\src\\app\\blog"
2026-02-08T04:47:30.517900Z  INFO scan_sources: tailwindcss_oxide::scanner: Discovering "C:\\My Web Sites\\Portfolio\\soliman.netlify.app\\src\\app\\blog\\page.tsx"
2026-02-08T04:47:30.518003Z  INFO scan_sources: tailwindcss_oxide::scanner: Discovering "C:\\My Web Sites\\Portfolio\\soliman.netlify.app\\src\\app\\blog\\[slug]"
2026-02-08T04:47:30.518127Z  INFO scan_sources: tailwindcss_oxide::scanner: Discovering "C:\\My Web Sites\\Portfolio\\soliman.netlify.app\\src\\app\\blog\\[slug]\\page.tsx"
2026-02-08T04:47:30.518230Z  INFO scan_sources: tailwindcss_oxide::scanner: Discovering "C:\\My Web Sites\\Portfolio\\soliman.netlify.app\\src\\app\\globals.css"
2026-02-08T04:47:30.518292Z  INFO scan_sources: tailwindcss_oxide::scanner: Discovering "C:\\My Web Sites\\Portfolio\\soliman.netlify.app\\src\\app\\layout.tsx"
2026-02-08T04:47:30.518353Z  INFO scan_sources: tailwindcss_oxide::scanner: Discovering "C:\\My Web Sites\\Portfolio\\soliman.netlify.app\\src\\app\\page.tsx"
2026-02-08T04:47:30.518476Z  INFO scan_sources: tailwindcss_oxide::scanner: Discovering "C:\\My Web Sites\\Portfolio\\soliman.netlify.app\\src\\components"
2026-02-08T04:47:30.518605Z  INFO scan_sources: tailwindcss_oxide::scanner: Discovering "C:\\My Web Sites\\Portfolio\\soliman.netlify.app\\src\\components\\Hero.tsx"
2026-02-08T04:47:30.518669Z  INFO scan_sources: tailwindcss_oxide::scanner: Discovering "C:\\My Web Sites\\Portfolio\\soliman.netlify.app\\src\\components\\Navbar.tsx"
2026-02-08T04:47:30.518744Z  INFO scan_sources: tailwindcss_oxide::scanner: Discovering "C:\\My Web Sites\\Portfolio\\soliman.netlify.app\\src\\components\\Skills.tsx"
2026-02-08T04:47:30.518868Z  INFO scan_sources: tailwindcss_oxide::scanner: Discovering "C:\\My Web Sites\\Portfolio\\soliman.netlify.app\\src\\data"
2026-02-08T04:47:30.519006Z  INFO scan_sources: tailwindcss_oxide::scanner: Discovering "C:\\My Web Sites\\Portfolio\\soliman.netlify.app\\src\\data\\posts.json"
2026-02-08T04:47:30.519129Z  INFO scan_sources: tailwindcss_oxide::scanner: Discovering "C:\\My Web Sites\\Portfolio\\soliman.netlify.app\\src\\lib"
2026-02-08T04:47:30.519257Z  INFO scan_sources: tailwindcss_oxide::scanner: Discovering "C:\\My Web Sites\\Portfolio\\soliman.netlify.app\\src\\lib\\posts.ts"
2026-02-08T04:47:30.519321Z  INFO scan_sources: tailwindcss_oxide::scanner: Discovering "C:\\My Web Sites\\Portfolio\\soliman.netlify.app\\src\\lib\\prisma.ts"
2026-02-08T04:47:30.519402Z  INFO scan_sources: tailwindcss_oxide::scanner: Discovering "C:\\My Web Sites\\Portfolio\\soliman.netlify.app\\src\\middleware.ts"
2026-02-08T04:47:30.519515Z  INFO scan_sources: tailwindcss_oxide::scanner: Discovering "C:\\My Web Sites\\Portfolio\\soliman.netlify.app\\src\\scripts"
2026-02-08T04:47:30.519645Z  INFO scan_sources: tailwindcss_oxide::scanner: Discovering "C:\\My Web Sites\\Portfolio\\soliman.netlify.app\\src\\scripts\\test-db.ts"
2026-02-08T04:47:30.519765Z  INFO scan_sources: tailwindcss_oxide::scanner: Discovering "C:\\My Web Sites\\Portfolio\\soliman.netlify.app\\src\\types"
2026-02-08T04:47:30.519886Z  INFO scan_sources: tailwindcss_oxide::scanner: Discovering "C:\\My Web Sites\\Portfolio\\soliman.netlify.app\\src\\types\\index.ts"
2026-02-08T04:47:30.520027Z  INFO scan_sources: tailwindcss_oxide::scanner: Discovering "C:\\My Web Sites\\Portfolio\\soliman.netlify.app\\static_backup"
2026-02-08T04:47:30.520210Z  INFO scan_sources: tailwindcss_oxide::scanner: Discovering "C:\\My Web Sites\\Portfolio\\soliman.netlify.app\\static_backup\\assets"
2026-02-08T04:47:30.520378Z  INFO scan_sources: tailwindcss_oxide::scanner: Discovering "C:\\My Web Sites\\Portfolio\\soliman.netlify.app\\static_backup\\assets\\css"
2026-02-08T04:47:30.520510Z  INFO scan_sources: tailwindcss_oxide::scanner: Discovering "C:\\My Web Sites\\Portfolio\\soliman.netlify.app\\static_backup\\assets\\css\\AjaxLoader.html"
2026-02-08T04:47:30.520574Z  INFO scan_sources: tailwindcss_oxide::scanner: Discovering "C:\\My Web Sites\\Portfolio\\soliman.netlify.app\\static_backup\\assets\\css\\animate.css"
2026-02-08T04:47:30.520681Z  INFO scan_sources: tailwindcss_oxide::scanner: Discovering "C:\\My Web Sites\\Portfolio\\soliman.netlify.app\\static_backup\\assets\\css\\bg_fixed.css"
2026-02-08T04:47:30.520746Z  INFO scan_sources: tailwindcss_oxide::scanner: Discovering "C:\\My Web Sites\\Portfolio\\soliman.netlify.app\\static_backup\\assets\\css\\bootstrap.css"
2026-02-08T04:47:30.520810Z  INFO scan_sources: tailwindcss_oxide::scanner: Discovering "C:\\My Web Sites\\Portfolio\\soliman.netlify.app\\static_backup\\assets\\css\\font-awesome.min.css"
2026-02-08T04:47:30.520872Z  INFO scan_sources: tailwindcss_oxide::scanner: Discovering "C:\\My Web Sites\\Portfolio\\soliman.netlify.app\\static_backup\\assets\\css\\grabbing.html"
2026-02-08T04:47:30.520933Z  INFO scan_sources: tailwindcss_oxide::scanner: Discovering "C:\\My Web Sites\\Portfolio\\soliman.netlify.app\\static_backup\\assets\\css\\landing.css"
2026-02-08T04:47:30.520996Z  INFO scan_sources: tailwindcss_oxide::scanner: Discovering "C:\\My Web Sites\\Portfolio\\soliman.netlify.app\\static_backup\\assets\\css\\magnific-popup.css"
2026-02-08T04:47:30.521059Z  INFO scan_sources: tailwindcss_oxide::scanner: Discovering "C:\\My Web Sites\\Portfolio\\soliman.netlify.app\\static_backup\\assets\\css\\owl.carousel.min.css"
2026-02-08T04:47:30.521122Z  INFO scan_sources: tailwindcss_oxide::scanner: Discovering "C:\\My Web Sites\\Portfolio\\soliman.netlify.app\\static_backup\\assets\\css\\owl.theme.min.css"
2026-02-08T04:47:30.521184Z  INFO scan_sources: tailwindcss_oxide::scanner: Discovering "C:\\My Web Sites\\Portfolio\\soliman.netlify.app\\static_backup\\assets\\css\\responsive.css"
2026-02-08T04:47:30.521246Z  INFO scan_sources: tailwindcss_oxide::scanner: Discovering "C:\\My Web Sites\\Portfolio\\soliman.netlify.app\\static_backup\\assets\\css\\style.css"
2026-02-08T04:47:30.521373Z  INFO scan_sources: tailwindcss_oxide::scanner: Discovering "C:\\My Web Sites\\Portfolio\\soliman.netlify.app\\static_backup\\assets\\fonts"
2026-02-08T04:47:30.521518Z  INFO scan_sources: tailwindcss_oxide::scanner: Discovering "C:\\My Web Sites\\Portfolio\\soliman.netlify.app\\static_backup\\assets\\fonts\\fontawesome-webfont5b62.svg"
2026-02-08T04:47:30.521602Z  INFO scan_sources: tailwindcss_oxide::scanner: Discovering "C:\\My Web Sites\\Portfolio\\soliman.netlify.app\\static_backup\\assets\\fonts\\glyphicons-halflings-regular.svg"
2026-02-08T04:47:30.521740Z  INFO scan_sources: tailwindcss_oxide::scanner: Discovering "C:\\My Web Sites\\Portfolio\\soliman.netlify.app\\static_backup\\assets\\images"
2026-02-08T04:47:30.521910Z  INFO scan_sources: tailwindcss_oxide::scanner: Discovering "C:\\My Web Sites\\Portfolio\\soliman.netlify.app\\static_backup\\assets\\images\\blog"
2026-02-08T04:47:30.522198Z  INFO scan_sources: tailwindcss_oxide::scanner: Discovering "C:\\My Web Sites\\Portfolio\\soliman.netlify.app\\static_backup\\assets\\images\\landing"
2026-02-08T04:47:30.522653Z  INFO scan_sources: tailwindcss_oxide::scanner: Discovering "C:\\My Web Sites\\Portfolio\\soliman.netlify.app\\static_backup\\assets\\images\\portfolio"
2026-02-08T04:47:30.523132Z  INFO scan_sources: tailwindcss_oxide::scanner: Discovering "C:\\My Web Sites\\Portfolio\\soliman.netlify.app\\static_backup\\assets\\images\\testimonials"
2026-02-08T04:47:30.523649Z  INFO scan_sources: tailwindcss_oxide::scanner: Discovering "C:\\My Web Sites\\Portfolio\\soliman.netlify.app\\static_backup\\assets\\js"
2026-02-08T04:47:30.523828Z  INFO scan_sources: tailwindcss_oxide::scanner: Discovering "C:\\My Web Sites\\Portfolio\\soliman.netlify.app\\static_backup\\assets\\js\\animate-skills.js"
2026-02-08T04:47:30.523895Z  INFO scan_sources: tailwindcss_oxide::scanner: Discovering "C:\\My Web Sites\\Portfolio\\soliman.netlify.app\\static_backup\\assets\\js\\app.js"
2026-02-08T04:47:30.523960Z  INFO scan_sources: tailwindcss_oxide::scanner: Discovering "C:\\My Web Sites\\Portfolio\\soliman.netlify.app\\static_backup\\assets\\js\\bootstrap.min.js"
2026-02-08T04:47:30.524030Z  INFO scan_sources: tailwindcss_oxide::scanner: Discovering "C:\\My Web Sites\\Portfolio\\soliman.netlify.app\\static_backup\\assets\\js\\classie.js"
2026-02-08T04:47:30.524119Z  INFO scan_sources: tailwindcss_oxide::scanner: Discovering "C:\\My Web Sites\\Portfolio\\soliman.netlify.app\\static_backup\\assets\\js\\custom.js"
2026-02-08T04:47:30.524231Z  INFO scan_sources: tailwindcss_oxide::scanner: Discovering "C:\\My Web Sites\\Portfolio\\soliman.netlify.app\\static_backup\\assets\\js\\isotope.pkgd.min.js"
2026-02-08T04:47:30.524340Z  INFO scan_sources: tailwindcss_oxide::scanner: Discovering "C:\\My Web Sites\\Portfolio\\soliman.netlify.app\\static_backup\\assets\\js\\jquery.fittext.js"
2026-02-08T04:47:30.524404Z  INFO scan_sources: tailwindcss_oxide::scanner: Discovering "C:\\My Web Sites\\Portfolio\\soliman.netlify.app\\static_backup\\assets\\js\\jquery.magnific-popup.min.js"
2026-02-08T04:47:30.524468Z  INFO scan_sources: tailwindcss_oxide::scanner: Discovering "C:\\My Web Sites\\Portfolio\\soliman.netlify.app\\static_backup\\assets\\js\\jquery.mb.YTPlayer.min.js"
2026-02-08T04:47:30.524538Z  INFO scan_sources: tailwindcss_oxide::scanner: Discovering "C:\\My Web Sites\\Portfolio\\soliman.netlify.app\\static_backup\\assets\\js\\jquery.min.js"
2026-02-08T04:47:30.524603Z  INFO scan_sources: tailwindcss_oxide::scanner: Discovering "C:\\My Web Sites\\Portfolio\\soliman.netlify.app\\static_backup\\assets\\js\\landing.js"
2026-02-08T04:47:30.524665Z  INFO scan_sources: tailwindcss_oxide::scanner: Discovering "C:\\My Web Sites\\Portfolio\\soliman.netlify.app\\static_backup\\assets\\js\\owl.carousel.min.js"
2026-02-08T04:47:30.524728Z  INFO scan_sources: tailwindcss_oxide::scanner: Discovering "C:\\My Web Sites\\Portfolio\\soliman.netlify.app\\static_backup\\assets\\js\\parallax.min.js"
2026-02-08T04:47:30.524792Z  INFO scan_sources: tailwindcss_oxide::scanner: Discovering "C:\\My Web Sites\\Portfolio\\soliman.netlify.app\\static_backup\\assets\\js\\particles.min.js"
2026-02-08T04:47:30.524856Z  INFO scan_sources: tailwindcss_oxide::scanner: Discovering "C:\\My Web Sites\\Portfolio\\soliman.netlify.app\\static_backup\\assets\\js\\snap.svg-min.js"
2026-02-08T04:47:30.524920Z  INFO scan_sources: tailwindcss_oxide::scanner: Discovering "C:\\My Web Sites\\Portfolio\\soliman.netlify.app\\static_backup\\assets\\js\\svgLoader.js"
2026-02-08T04:47:30.525047Z  INFO scan_sources: tailwindcss_oxide::scanner: Discovering "C:\\My Web Sites\\Portfolio\\soliman.netlify.app\\static_backup\\assets\\js\\typed.min.js"
2026-02-08T04:47:30.525273Z  INFO scan_sources: tailwindcss_oxide::scanner: Discovering "C:\\My Web Sites\\Portfolio\\soliman.netlify.app\\static_backup\\index.html"
2026-02-08T04:47:30.525372Z  INFO scan_sources: tailwindcss_oxide::scanner: Discovering "C:\\My Web Sites\\Portfolio\\soliman.netlify.app\\static_backup\\index_static.html"
2026-02-08T04:47:30.525464Z  INFO scan_sources: tailwindcss_oxide::scanner: Discovering "C:\\My Web Sites\\Portfolio\\soliman.netlify.app\\static_backup\\index_static_bg_fixed.html"
2026-02-08T04:47:30.525554Z  INFO scan_sources: tailwindcss_oxide::scanner: Discovering "C:\\My Web Sites\\Portfolio\\soliman.netlify.app\\static_backup\\index_static_bg_video.html"
2026-02-08T04:47:30.525667Z  INFO scan_sources: tailwindcss_oxide::scanner: Discovering "C:\\My Web Sites\\Portfolio\\soliman.netlify.app\\static_backup\\index_static_particle.html"
2026-02-08T04:47:30.525801Z  INFO scan_sources: tailwindcss_oxide::scanner: Discovering "C:\\My Web Sites\\Portfolio\\soliman.netlify.app\\static_backup\\index_static_svg_shape.html"
2026-02-08T04:47:30.525894Z  INFO scan_sources: tailwindcss_oxide::scanner: Discovering "C:\\My Web Sites\\Portfolio\\soliman.netlify.app\\static_backup\\index_type.html"
2026-02-08T04:47:30.525985Z  INFO scan_sources: tailwindcss_oxide::scanner: Discovering "C:\\My Web Sites\\Portfolio\\soliman.netlify.app\\static_backup\\index_type_bg_fixed.html"
2026-02-08T04:47:30.526099Z  INFO scan_sources: tailwindcss_oxide::scanner: Discovering "C:\\My Web Sites\\Portfolio\\soliman.netlify.app\\static_backup\\index_type_bg_video.html"
2026-02-08T04:47:30.526260Z  INFO scan_sources: tailwindcss_oxide::scanner: Discovering "C:\\My Web Sites\\Portfolio\\soliman.netlify.app\\static_backup\\index_type_particle.html"
2026-02-08T04:47:30.526420Z  INFO scan_sources: tailwindcss_oxide::scanner: Discovering "C:\\My Web Sites\\Portfolio\\soliman.netlify.app\\static_backup\\index_type_svg_shape.html"
2026-02-08T04:47:30.526672Z  INFO scan_sources: tailwindcss_oxide::scanner: Discovering "C:\\My Web Sites\\Portfolio\\soliman.netlify.app\\test-schema.prisma"
2026-02-08T04:47:30.526800Z  INFO scan_sources: tailwindcss_oxide::scanner: Discovering "C:\\My Web Sites\\Portfolio\\soliman.netlify.app\\tsconfig.json"
2026-02-08T04:47:30.527423Z  INFO scan_sources: tailwindcss_oxide::scanner: exit
2026-02-08T04:47:30.527477Z  INFO extract_candidates: tailwindcss_oxide::scanner: enter
2026-02-08T04:47:30.527511Z  INFO extract_candidates:read_all_files: tailwindcss_oxide::scanner: enter
2026-02-08T04:47:30.527525Z  INFO extract_candidates:read_all_files: tailwindcss_oxide::scanner: Reading 86 file(s)
2026-02-08T04:47:30.529537Z  INFO tailwindcss_oxide::scanner: Reading "C:\\My Web Sites\\Portfolio\\soliman.netlify.app\\eslint.config.mjs"
2026-02-08T04:47:30.529542Z  INFO tailwindcss_oxide::scanner: Reading "C:\\My Web Sites\\Portfolio\\soliman.netlify.app\\src\\components\\Hero.tsx"
2026-02-08T04:47:30.529580Z  INFO tailwindcss_oxide::scanner: Reading "C:\\My Web Sites\\Portfolio\\soliman.netlify.app\\public\\assets\\js\\landing.js"
2026-02-08T04:47:30.529808Z  INFO tailwindcss_oxide::scanner: Reading "C:\\My Web Sites\\Portfolio\\soliman.netlify.app\\src\\components\\Navbar.tsx"
2026-02-08T04:47:30.529811Z  INFO tailwindcss_oxide::scanner: Reading "C:\\My Web Sites\\Portfolio\\soliman.netlify.app\\public\\window.svg"
2026-02-08T04:47:30.529831Z  INFO tailwindcss_oxide::scanner: Reading "C:\\My Web Sites\\Portfolio\\soliman.netlify.app\\next.config.ts"
2026-02-08T04:47:30.529902Z  INFO tailwindcss_oxide::scanner: Reading "C:\\My Web Sites\\Portfolio\\soliman.netlify.app\\public\\assets\\js\\owl.carousel.min.js"
2026-02-08T04:47:30.529949Z  INFO tailwindcss_oxide::scanner: Reading "C:\\My Web Sites\\Portfolio\\soliman.netlify.app\\static_backup\\assets\\js\\jquery.mb.YTPlayer.min.js"
2026-02-08T04:47:30.529958Z  INFO tailwindcss_oxide::scanner: Reading "C:\\My Web Sites\\Portfolio\\soliman.netlify.app\\src\\components\\Skills.tsx"
2026-02-08T04:47:30.529994Z  INFO tailwindcss_oxide::scanner: Reading "C:\\My Web Sites\\Portfolio\\soliman.netlify.app\\README.md"
2026-02-08T04:47:30.530016Z  INFO tailwindcss_oxide::scanner: Reading "C:\\My Web Sites\\Portfolio\\soliman.netlify.app\\package.json"
2026-02-08T04:47:30.530016Z  INFO tailwindcss_oxide::scanner: Reading "C:\\My Web Sites\\Portfolio\\soliman.netlify.app\\public\\assets\\js\\svgLoader.js"
2026-02-08T04:47:30.530060Z  INFO tailwindcss_oxide::scanner: Reading "C:\\My Web Sites\\Portfolio\\soliman.netlify.app\\src\\app\\api\\auth\\login\\route.ts"
2026-02-08T04:47:30.530090Z  INFO tailwindcss_oxide::scanner: Reading "C:\\My Web Sites\\Portfolio\\soliman.netlify.app\\public\\assets\\js\\parallax.min.js"
2026-02-08T04:47:30.530107Z  INFO tailwindcss_oxide::scanner: Reading "C:\\My Web Sites\\Portfolio\\soliman.netlify.app\\src\\data\\posts.json"
2026-02-08T04:47:30.530115Z  INFO tailwindcss_oxide::scanner: Reading "C:\\My Web Sites\\Portfolio\\soliman.netlify.app\\src\\app\\admin\\login\\page.tsx"
2026-02-08T04:47:30.530167Z  INFO tailwindcss_oxide::scanner: Reading "C:\\My Web Sites\\Portfolio\\soliman.netlify.app\\postcss.config.mjs"
2026-02-08T04:47:30.530175Z  INFO tailwindcss_oxide::scanner: Reading "C:\\My Web Sites\\Portfolio\\soliman.netlify.app\\public\\assets\\js\\particles.min.js"
2026-02-08T04:47:30.530181Z  INFO tailwindcss_oxide::scanner: Reading "C:\\My Web Sites\\Portfolio\\soliman.netlify.app\\src\\app\\api\\debug\\route.ts"
2026-02-08T04:47:30.530203Z  INFO tailwindcss_oxide::scanner: Reading "C:\\My Web Sites\\Portfolio\\soliman.netlify.app\\public\\assets\\js\\typed.min.js"
2026-02-08T04:47:30.530244Z  INFO tailwindcss_oxide::scanner: Reading "C:\\My Web Sites\\Portfolio\\soliman.netlify.app\\static_backup\\assets\\css\\grabbing.html"
2026-02-08T04:47:30.530225Z  INFO tailwindcss_oxide::scanner: Reading "C:\\My Web Sites\\Portfolio\\soliman.netlify.app\\src\\app\\admin\\page.tsx"
2026-02-08T04:47:30.530222Z  INFO tailwindcss_oxide::scanner: Reading "C:\\My Web Sites\\Portfolio\\soliman.netlify.app\\src\\lib\\posts.ts"
2026-02-08T04:47:30.530295Z  INFO tailwindcss_oxide::scanner: Reading "C:\\My Web Sites\\Portfolio\\soliman.netlify.app\\static_backup\\assets\\js\\jquery.min.js"
2026-02-08T04:47:30.530380Z  INFO tailwindcss_oxide::scanner: Reading "C:\\My Web Sites\\Portfolio\\soliman.netlify.app\\src\\app\\api\\admin\\posts\\route.ts"
2026-02-08T04:47:30.530322Z  INFO tailwindcss_oxide::scanner: Reading "C:\\My Web Sites\\Portfolio\\soliman.netlify.app\\prisma\\schema.prisma"
2026-02-08T04:47:30.530408Z  INFO tailwindcss_oxide::scanner: Reading "C:\\My Web Sites\\Portfolio\\soliman.netlify.app\\public\\assets\\js\\snap.svg-min.js"
2026-02-08T04:47:30.530426Z  INFO tailwindcss_oxide::scanner: Reading "C:\\My Web Sites\\Portfolio\\soliman.netlify.app\\src\\lib\\prisma.ts"
2026-02-08T04:47:30.530411Z  INFO tailwindcss_oxide::scanner: Reading "C:\\My Web Sites\\Portfolio\\soliman.netlify.app\\public\\file.svg"
2026-02-08T04:47:30.530419Z  INFO tailwindcss_oxide::scanner: Reading "C:\\My Web Sites\\Portfolio\\soliman.netlify.app\\public\\assets\\fonts\\glyphicons-halflings-regular.svg"
2026-02-08T04:47:30.530317Z  INFO tailwindcss_oxide::scanner: Reading "C:\\My Web Sites\\Portfolio\\soliman.netlify.app\\src\\app\\blog\\page.tsx"
2026-02-08T04:47:30.530541Z  INFO tailwindcss_oxide::scanner: Reading "C:\\My Web Sites\\Portfolio\\soliman.netlify.app\\static_backup\\assets\\js\\landing.js"
2026-02-08T04:47:30.530633Z  INFO tailwindcss_oxide::scanner: Reading "C:\\My Web Sites\\Portfolio\\soliman.netlify.app\\prisma-error.txt"
2026-02-08T04:47:30.530628Z  INFO tailwindcss_oxide::scanner: Reading "C:\\My Web Sites\\Portfolio\\soliman.netlify.app\\static_backup\\index_type_bg_fixed.html"
2026-02-08T04:47:30.530566Z  INFO tailwindcss_oxide::scanner: Reading "C:\\My Web Sites\\Portfolio\\soliman.netlify.app\\static_backup\\index_static_bg_fixed.html"
2026-02-08T04:47:30.530656Z  INFO tailwindcss_oxide::scanner: Reading "C:\\My Web Sites\\Portfolio\\soliman.netlify.app\\src\\scripts\\test-db.ts"
2026-02-08T04:47:30.530694Z  INFO tailwindcss_oxide::scanner: Reading "C:\\My Web Sites\\Portfolio\\soliman.netlify.app\\src\\app\\blog\\[slug]\\page.tsx"
2026-02-08T04:47:30.530744Z  INFO tailwindcss_oxide::scanner: Reading "C:\\My Web Sites\\Portfolio\\soliman.netlify.app\\public\\assets\\js\\animate-skills.js"
2026-02-08T04:47:30.530568Z  INFO tailwindcss_oxide::scanner: Reading "C:\\My Web Sites\\Portfolio\\soliman.netlify.app\\static_backup\\assets\\js\\particles.min.js"
2026-02-08T04:47:30.530783Z  INFO tailwindcss_oxide::scanner: Reading "C:\\My Web Sites\\Portfolio\\soliman.netlify.app\\prisma.config.ts.backup"
2026-02-08T04:47:30.530777Z  INFO tailwindcss_oxide::scanner: Reading "C:\\My Web Sites\\Portfolio\\soliman.netlify.app\\static_backup\\index_static_particle.html"
2026-02-08T04:47:30.530816Z  INFO tailwindcss_oxide::scanner: Reading "C:\\My Web Sites\\Portfolio\\soliman.netlify.app\\src\\app\\layout.tsx"
2026-02-08T04:47:30.530822Z  INFO tailwindcss_oxide::scanner: Reading "C:\\My Web Sites\\Portfolio\\soliman.netlify.app\\static_backup\\index_static_bg_video.html"
2026-02-08T04:47:30.530590Z  INFO tailwindcss_oxide::scanner: Reading "C:\\My Web Sites\\Portfolio\\soliman.netlify.app\\public\\globe.svg"
2026-02-08T04:47:30.530847Z  INFO tailwindcss_oxide::scanner: Reading "C:\\My Web Sites\\Portfolio\\soliman.netlify.app\\static_backup\\assets\\fonts\\fontawesome-webfont5b62.svg"
2026-02-08T04:47:30.530851Z  INFO tailwindcss_oxide::scanner: Reading "C:\\My Web Sites\\Portfolio\\soliman.netlify.app\\static_backup\\index_type_bg_video.html"
2026-02-08T04:47:30.530841Z  INFO tailwindcss_oxide::scanner: Reading "C:\\My Web Sites\\Portfolio\\soliman.netlify.app\\src\\types\\index.ts"
2026-02-08T04:47:30.530895Z  INFO tailwindcss_oxide::scanner: Reading "C:\\My Web Sites\\Portfolio\\soliman.netlify.app\\public\\assets\\js\\app.js"
2026-02-08T04:47:30.530778Z  INFO tailwindcss_oxide::scanner: Reading "C:\\My Web Sites\\Portfolio\\soliman.netlify.app\\static_backup\\assets\\js\\owl.carousel.min.js"
2026-02-08T04:47:30.530947Z  INFO tailwindcss_oxide::scanner: Reading "C:\\My Web Sites\\Portfolio\\soliman.netlify.app\\public\\assets\\css\\AjaxLoader.html"
2026-02-08T04:47:30.530951Z  INFO tailwindcss_oxide::scanner: Reading "C:\\My Web Sites\\Portfolio\\soliman.netlify.app\\src\\middleware.ts"
2026-02-08T04:47:30.530964Z  INFO tailwindcss_oxide::scanner: Reading "C:\\My Web Sites\\Portfolio\\soliman.netlify.app\\src\\app\\page.tsx"
2026-02-08T04:47:30.531358Z  INFO tailwindcss_oxide::scanner: Reading "C:\\My Web Sites\\Portfolio\\soliman.netlify.app\\static_backup\\assets\\js\\bootstrap.min.js"
2026-02-08T04:47:30.530971Z  INFO tailwindcss_oxide::scanner: Reading "C:\\My Web Sites\\Portfolio\\soliman.netlify.app\\public\\next.svg"
2026-02-08T04:47:30.531473Z  INFO tailwindcss_oxide::scanner: Reading "C:\\My Web Sites\\Portfolio\\soliman.netlify.app\\static_backup\\assets\\css\\AjaxLoader.html"
2026-02-08T04:47:30.530971Z  INFO tailwindcss_oxide::scanner: Reading "C:\\My Web Sites\\Portfolio\\soliman.netlify.app\\static_backup\\index_static_svg_shape.html"
2026-02-08T04:47:30.531048Z  INFO tailwindcss_oxide::scanner: Reading "C:\\My Web Sites\\Portfolio\\soliman.netlify.app\\static_backup\\assets\\js\\typed.min.js"
2026-02-08T04:47:30.531527Z  INFO tailwindcss_oxide::scanner: Reading "C:\\My Web Sites\\Portfolio\\soliman.netlify.app\\static_backup\\index_type_particle.html"
2026-02-08T04:47:30.531576Z  INFO tailwindcss_oxide::scanner: Reading "C:\\My Web Sites\\Portfolio\\soliman.netlify.app\\public\\assets\\css\\grabbing.html"
2026-02-08T04:47:30.531588Z  INFO tailwindcss_oxide::scanner: Reading "C:\\My Web Sites\\Portfolio\\soliman.netlify.app\\static_backup\\assets\\js\\parallax.min.js"
2026-02-08T04:47:30.531612Z  INFO tailwindcss_oxide::scanner: Reading "C:\\My Web Sites\\Portfolio\\soliman.netlify.app\\public\\assets\\js\\custom.js"
2026-02-08T04:47:30.531629Z  INFO tailwindcss_oxide::scanner: Reading "C:\\My Web Sites\\Portfolio\\soliman.netlify.app\\static_backup\\index_type.html"
2026-02-08T04:47:30.531624Z  INFO tailwindcss_oxide::scanner: Reading "C:\\My Web Sites\\Portfolio\\soliman.netlify.app\\static_backup\\index_type_svg_shape.html"
2026-02-08T04:47:30.531034Z  INFO tailwindcss_oxide::scanner: Reading "C:\\My Web Sites\\Portfolio\\soliman.netlify.app\\static_backup\\assets\\js\\snap.svg-min.js"
2026-02-08T04:47:30.531637Z  INFO tailwindcss_oxide::scanner: Reading "C:\\My Web Sites\\Portfolio\\soliman.netlify.app\\public\\vercel.svg"
2026-02-08T04:47:30.531708Z  INFO tailwindcss_oxide::scanner: Reading "C:\\My Web Sites\\Portfolio\\soliman.netlify.app\\static_backup\\assets\\js\\classie.js"
2026-02-08T04:47:30.531639Z  INFO tailwindcss_oxide::scanner: Reading "C:\\My Web Sites\\Portfolio\\soliman.netlify.app\\static_backup\\assets\\js\\svgLoader.js"
2026-02-08T04:47:30.531751Z  INFO tailwindcss_oxide::scanner: Reading "C:\\My Web Sites\\Portfolio\\soliman.netlify.app\\public\\assets\\js\\bootstrap.min.js"
2026-02-08T04:47:30.531740Z  INFO tailwindcss_oxide::scanner: Reading "C:\\My Web Sites\\Portfolio\\soliman.netlify.app\\public\\assets\\js\\jquery.magnific-popup.min.js"
2026-02-08T04:47:30.531770Z  INFO tailwindcss_oxide::scanner: Reading "C:\\My Web Sites\\Portfolio\\soliman.netlify.app\\public\\assets\\js\\classie.js"
2026-02-08T04:47:30.531855Z  INFO tailwindcss_oxide::scanner: Reading "C:\\My Web Sites\\Portfolio\\soliman.netlify.app\\public\\assets\\js\\isotope.pkgd.min.js"
2026-02-08T04:47:30.531877Z  INFO tailwindcss_oxide::scanner: Reading "C:\\My Web Sites\\Portfolio\\soliman.netlify.app\\test-schema.prisma"
2026-02-08T04:47:30.531905Z  INFO tailwindcss_oxide::scanner: Reading "C:\\My Web Sites\\Portfolio\\soliman.netlify.app\\public\\assets\\js\\jquery.mb.YTPlayer.min.js"
2026-02-08T04:47:30.531921Z  INFO tailwindcss_oxide::scanner: Reading "C:\\My Web Sites\\Portfolio\\soliman.netlify.app\\static_backup\\assets\\js\\custom.js"
2026-02-08T04:47:30.531917Z  INFO tailwindcss_oxide::scanner: Reading "C:\\My Web Sites\\Portfolio\\soliman.netlify.app\\public\\assets\\js\\jquery.fittext.js"
2026-02-08T04:47:30.531937Z  INFO tailwindcss_oxide::scanner: Reading "C:\\My Web Sites\\Portfolio\\soliman.netlify.app\\static_backup\\assets\\js\\isotope.pkgd.min.js"
2026-02-08T04:47:30.532111Z  INFO tailwindcss_oxide::scanner: Reading "C:\\My Web Sites\\Portfolio\\soliman.netlify.app\\static_backup\\assets\\js\\jquery.magnific-popup.min.js"
2026-02-08T04:47:30.531957Z  INFO tailwindcss_oxide::scanner: Reading "C:\\My Web Sites\\Portfolio\\soliman.netlify.app\\static_backup\\assets\\js\\jquery.fittext.js"
2026-02-08T04:47:30.531707Z  INFO tailwindcss_oxide::scanner: Reading "C:\\My Web Sites\\Portfolio\\soliman.netlify.app\\static_backup\\index.html"
2026-02-08T04:47:30.531998Z  INFO tailwindcss_oxide::scanner: Reading "C:\\My Web Sites\\Portfolio\\soliman.netlify.app\\public\\assets\\js\\jquery.min.js"
2026-02-08T04:47:30.532173Z  INFO tailwindcss_oxide::scanner: Reading "C:\\My Web Sites\\Portfolio\\soliman.netlify.app\\static_backup\\assets\\js\\app.js"
2026-02-08T04:47:30.531991Z  INFO tailwindcss_oxide::scanner: Reading "C:\\My Web Sites\\Portfolio\\soliman.netlify.app\\tsconfig.json"
2026-02-08T04:47:30.531992Z  INFO tailwindcss_oxide::scanner: Reading "C:\\My Web Sites\\Portfolio\\soliman.netlify.app\\static_backup\\index_static.html"
2026-02-08T04:47:30.532007Z  INFO tailwindcss_oxide::scanner: Reading "C:\\My Web Sites\\Portfolio\\soliman.netlify.app\\static_backup\\assets\\js\\animate-skills.js"
2026-02-08T04:47:30.532300Z  INFO tailwindcss_oxide::scanner: Reading "C:\\My Web Sites\\Portfolio\\soliman.netlify.app\\static_backup\\assets\\fonts\\glyphicons-halflings-regular.svg"
2026-02-08T04:47:30.532515Z  INFO tailwindcss_oxide::scanner: Reading "C:\\My Web Sites\\Portfolio\\soliman.netlify.app\\public\\assets\\fonts\\fontawesome-webfont5b62.svg"
2026-02-08T04:47:30.533077Z  INFO extract_candidates:read_all_files: tailwindcss_oxide::scanner: exit
2026-02-08T04:47:30.533117Z  INFO extract_candidates:parse_all_blobs: tailwindcss_oxide::scanner: enter
2026-02-08T04:47:30.533123Z  INFO extract_candidates:parse_all_blobs:extract: tailwindcss_oxide::scanner: enter
2026-02-08T04:47:30.540940Z  INFO extract_candidates:parse_all_blobs:extract: tailwindcss_oxide::scanner: exit
2026-02-08T04:47:30.541321Z  INFO extract_candidates:parse_all_blobs: tailwindcss_oxide::scanner: exit
2026-02-08T04:47:30.541342Z  INFO extract_candidates:read_all_files: tailwindcss_oxide::scanner: enter
2026-02-08T04:47:30.541348Z  INFO extract_candidates:read_all_files: tailwindcss_oxide::scanner: Reading 21 file(s)
2026-02-08T04:47:30.541732Z  INFO tailwindcss_oxide::scanner: Reading "C:\\My Web Sites\\Portfolio\\soliman.netlify.app\\src\\app\\globals.css"
2026-02-08T04:47:30.541780Z  INFO tailwindcss_oxide::scanner: Reading "C:\\My Web Sites\\Portfolio\\soliman.netlify.app\\public\\assets\\css\\responsive.css"
2026-02-08T04:47:30.541785Z  INFO tailwindcss_oxide::scanner: Reading "C:\\My Web Sites\\Portfolio\\soliman.netlify.app\\public\\assets\\css\\font-awesome.min.css"
2026-02-08T04:47:30.541811Z  INFO tailwindcss_oxide::scanner: Reading "C:\\My Web Sites\\Portfolio\\soliman.netlify.app\\public\\assets\\css\\landing.css"
2026-02-08T04:47:30.541815Z  INFO tailwindcss_oxide::scanner: Reading "C:\\My Web Sites\\Portfolio\\soliman.netlify.app\\static_backup\\assets\\css\\animate.css"
2026-02-08T04:47:30.541831Z  INFO tailwindcss_oxide::scanner: Reading "C:\\My Web Sites\\Portfolio\\soliman.netlify.app\\public\\assets\\css\\animate.css"
2026-02-08T04:47:30.541838Z  INFO tailwindcss_oxide::scanner: Reading "C:\\My Web Sites\\Portfolio\\soliman.netlify.app\\public\\assets\\css\\bg_fixed.css"
2026-02-08T04:47:30.541966Z  INFO tailwindcss_oxide::scanner: Reading "C:\\My Web Sites\\Portfolio\\soliman.netlify.app\\static_backup\\assets\\css\\owl.carousel.min.css"
2026-02-08T04:47:30.541970Z  INFO tailwindcss_oxide::scanner: Reading "C:\\My Web Sites\\Portfolio\\soliman.netlify.app\\static_backup\\assets\\css\\magnific-popup.css"
2026-02-08T04:47:30.541969Z  INFO tailwindcss_oxide::scanner: Reading "C:\\My Web Sites\\Portfolio\\soliman.netlify.app\\public\\assets\\css\\bootstrap.css"
2026-02-08T04:47:30.542072Z  INFO tailwindcss_oxide::scanner: Reading "C:\\My Web Sites\\Portfolio\\soliman.netlify.app\\static_backup\\assets\\css\\bg_fixed.css"
2026-02-08T04:47:30.542088Z  INFO tailwindcss_oxide::scanner: Reading "C:\\My Web Sites\\Portfolio\\soliman.netlify.app\\static_backup\\assets\\css\\style.css"
2026-02-08T04:47:30.542128Z  INFO tailwindcss_oxide::scanner: Reading "C:\\My Web Sites\\Portfolio\\soliman.netlify.app\\static_backup\\assets\\css\\owl.theme.min.css"
2026-02-08T04:47:30.542170Z  INFO tailwindcss_oxide::scanner: Reading "C:\\My Web Sites\\Portfolio\\soliman.netlify.app\\static_backup\\assets\\css\\landing.css"
2026-02-08T04:47:30.542195Z  INFO tailwindcss_oxide::scanner: Reading "C:\\My Web Sites\\Portfolio\\soliman.netlify.app\\public\\assets\\css\\magnific-popup.css"
2026-02-08T04:47:30.542281Z  INFO tailwindcss_oxide::scanner: Reading "C:\\My Web Sites\\Portfolio\\soliman.netlify.app\\public\\assets\\css\\owl.theme.min.css"
2026-02-08T04:47:30.542405Z  INFO tailwindcss_oxide::scanner: Reading "C:\\My Web Sites\\Portfolio\\soliman.netlify.app\\static_backup\\assets\\css\\bootstrap.css"
2026-02-08T04:47:30.542442Z  INFO tailwindcss_oxide::scanner: Reading "C:\\My Web Sites\\Portfolio\\soliman.netlify.app\\static_backup\\assets\\css\\font-awesome.min.css"
2026-02-08T04:47:30.542984Z  INFO tailwindcss_oxide::scanner: Reading "C:\\My Web Sites\\Portfolio\\soliman.netlify.app\\static_backup\\assets\\css\\responsive.css"
2026-02-08T04:47:30.542127Z  INFO tailwindcss_oxide::scanner: Reading "C:\\My Web Sites\\Portfolio\\soliman.netlify.app\\public\\assets\\css\\owl.carousel.min.css"
2026-02-08T04:47:30.543904Z  INFO tailwindcss_oxide::scanner: Reading "C:\\My Web Sites\\Portfolio\\soliman.netlify.app\\public\\assets\\css\\style.css"
2026-02-08T04:47:30.544268Z  INFO extract_candidates:read_all_files: tailwindcss_oxide::scanner: exit
2026-02-08T04:47:30.544319Z  INFO extract_candidates:extract_css_variables: tailwindcss_oxide::scanner: enter
2026-02-08T04:47:30.544332Z  INFO extract_candidates:extract_css_variables:extract: tailwindcss_oxide::scanner: enter
2026-02-08T04:47:30.545802Z  INFO extract_candidates:extract_css_variables:extract: tailwindcss_oxide::scanner: exit
2026-02-08T04:47:30.546608Z  INFO extract_candidates:extract_css_variables: tailwindcss_oxide::scanner: exit
2026-02-08T04:47:30.549362Z  INFO extract_candidates: tailwindcss_oxide::scanner: exit
2026-02-08T04:47:30.551038Z  INFO get_files: tailwindcss_oxide::scanner: enter
2026-02-08T04:47:30.551064Z  INFO get_files:scan_sources: tailwindcss_oxide::scanner: enter
2026-02-08T04:47:30.554991Z  INFO get_files:scan_sources: tailwindcss_oxide::scanner: Discovering "C:\\My Web Sites\\Portfolio\\soliman.netlify.app\\prisma"
2026-02-08T04:47:30.555444Z  INFO get_files:scan_sources: tailwindcss_oxide::scanner: Discovering "C:\\My Web Sites\\Portfolio\\soliman.netlify.app\\public"
2026-02-08T04:47:30.555640Z  INFO get_files:scan_sources: tailwindcss_oxide::scanner: Discovering "C:\\My Web Sites\\Portfolio\\soliman.netlify.app\\public\\assets"
2026-02-08T04:47:30.555995Z  INFO get_files:scan_sources: tailwindcss_oxide::scanner: Discovering "C:\\My Web Sites\\Portfolio\\soliman.netlify.app\\public\\assets\\css"
2026-02-08T04:47:30.556777Z  INFO get_files:scan_sources: tailwindcss_oxide::scanner: Discovering "C:\\My Web Sites\\Portfolio\\soliman.netlify.app\\public\\assets\\fonts"
2026-02-08T04:47:30.557082Z  INFO get_files:scan_sources: tailwindcss_oxide::scanner: Discovering "C:\\My Web Sites\\Portfolio\\soliman.netlify.app\\public\\assets\\images"
2026-02-08T04:47:30.557305Z  INFO get_files:scan_sources: tailwindcss_oxide::scanner: Discovering "C:\\My Web Sites\\Portfolio\\soliman.netlify.app\\public\\assets\\images\\blog"
2026-02-08T04:47:30.557524Z  INFO get_files:scan_sources: tailwindcss_oxide::scanner: Discovering "C:\\My Web Sites\\Portfolio\\soliman.netlify.app\\public\\assets\\images\\landing"
2026-02-08T04:47:30.557761Z  INFO get_files:scan_sources: tailwindcss_oxide::scanner: Discovering "C:\\My Web Sites\\Portfolio\\soliman.netlify.app\\public\\assets\\images\\portfolio"
2026-02-08T04:47:30.557999Z  INFO get_files:scan_sources: tailwindcss_oxide::scanner: Discovering "C:\\My Web Sites\\Portfolio\\soliman.netlify.app\\public\\assets\\images\\testimonials"
2026-02-08T04:47:30.558232Z  INFO get_files:scan_sources: tailwindcss_oxide::scanner: Discovering "C:\\My Web Sites\\Portfolio\\soliman.netlify.app\\public\\assets\\js"
2026-02-08T04:47:30.560048Z  INFO get_files:scan_sources: tailwindcss_oxide::scanner: Discovering "C:\\My Web Sites\\Portfolio\\soliman.netlify.app\\src"
2026-02-08T04:47:30.560464Z  INFO get_files:scan_sources: tailwindcss_oxide::scanner: Discovering "C:\\My Web Sites\\Portfolio\\soliman.netlify.app\\src\\app"
2026-02-08T04:47:30.560751Z  INFO get_files:scan_sources: tailwindcss_oxide::scanner: Discovering "C:\\My Web Sites\\Portfolio\\soliman.netlify.app\\src\\app\\admin"
2026-02-08T04:47:30.560929Z  INFO get_files:scan_sources: tailwindcss_oxide::scanner: Discovering "C:\\My Web Sites\\Portfolio\\soliman.netlify.app\\src\\app\\admin\\login"
2026-02-08T04:47:30.561328Z  INFO get_files:scan_sources: tailwindcss_oxide::scanner: Discovering "C:\\My Web Sites\\Portfolio\\soliman.netlify.app\\src\\app\\api"
2026-02-08T04:47:30.561680Z  INFO get_files:scan_sources: tailwindcss_oxide::scanner: Discovering "C:\\My Web Sites\\Portfolio\\soliman.netlify.app\\src\\app\\api\\admin"
2026-02-08T04:47:30.561885Z  INFO get_files:scan_sources: tailwindcss_oxide::scanner: Discovering "C:\\My Web Sites\\Portfolio\\soliman.netlify.app\\src\\app\\api\\admin\\posts"
2026-02-08T04:47:30.562240Z  INFO get_files:scan_sources: tailwindcss_oxide::scanner: Discovering "C:\\My Web Sites\\Portfolio\\soliman.netlify.app\\src\\app\\api\\auth"
2026-02-08T04:47:30.562436Z  INFO get_files:scan_sources: tailwindcss_oxide::scanner: Discovering "C:\\My Web Sites\\Portfolio\\soliman.netlify.app\\src\\app\\api\\auth\\login"
2026-02-08T04:47:30.562681Z  INFO get_files:scan_sources: tailwindcss_oxide::scanner: Discovering "C:\\My Web Sites\\Portfolio\\soliman.netlify.app\\src\\app\\api\\debug"
2026-02-08T04:47:30.563006Z  INFO get_files:scan_sources: tailwindcss_oxide::scanner: Discovering "C:\\My Web Sites\\Portfolio\\soliman.netlify.app\\src\\app\\blog"
2026-02-08T04:47:30.563203Z  INFO get_files:scan_sources: tailwindcss_oxide::scanner: Discovering "C:\\My Web Sites\\Portfolio\\soliman.netlify.app\\src\\app\\blog\\[slug]"
2026-02-08T04:47:30.563549Z  INFO get_files:scan_sources: tailwindcss_oxide::scanner: Discovering "C:\\My Web Sites\\Portfolio\\soliman.netlify.app\\src\\components"
2026-02-08T04:47:30.563963Z  INFO get_files:scan_sources: tailwindcss_oxide::scanner: Discovering "C:\\My Web Sites\\Portfolio\\soliman.netlify.app\\src\\data"
2026-02-08T04:47:30.564194Z  INFO get_files:scan_sources: tailwindcss_oxide::scanner: Discovering "C:\\My Web Sites\\Portfolio\\soliman.netlify.app\\src\\lib"
2026-02-08T04:47:30.564469Z  INFO get_files:scan_sources: tailwindcss_oxide::scanner: Discovering "C:\\My Web Sites\\Portfolio\\soliman.netlify.app\\src\\scripts"
2026-02-08T04:47:30.564681Z  INFO get_files:scan_sources: tailwindcss_oxide::scanner: Discovering "C:\\My Web Sites\\Portfolio\\soliman.netlify.app\\src\\types"
2026-02-08T04:47:30.564918Z  INFO get_files:scan_sources: tailwindcss_oxide::scanner: Discovering "C:\\My Web Sites\\Portfolio\\soliman.netlify.app\\static_backup"
2026-02-08T04:47:30.565090Z  INFO get_files:scan_sources: tailwindcss_oxide::scanner: Discovering "C:\\My Web Sites\\Portfolio\\soliman.netlify.app\\static_backup\\assets"
2026-02-08T04:47:30.565307Z  INFO get_files:scan_sources: tailwindcss_oxide::scanner: Discovering "C:\\My Web Sites\\Portfolio\\soliman.netlify.app\\static_backup\\assets\\css"
2026-02-08T04:47:30.565897Z  INFO get_files:scan_sources: tailwindcss_oxide::scanner: Discovering "C:\\My Web Sites\\Portfolio\\soliman.netlify.app\\static_backup\\assets\\fonts"
2026-02-08T04:47:30.566190Z  INFO get_files:scan_sources: tailwindcss_oxide::scanner: Discovering "C:\\My Web Sites\\Portfolio\\soliman.netlify.app\\static_backup\\assets\\images"
2026-02-08T04:47:30.566361Z  INFO get_files:scan_sources: tailwindcss_oxide::scanner: Discovering "C:\\My Web Sites\\Portfolio\\soliman.netlify.app\\static_backup\\assets\\images\\blog"
2026-02-08T04:47:30.566564Z  INFO get_files:scan_sources: tailwindcss_oxide::scanner: Discovering "C:\\My Web Sites\\Portfolio\\soliman.netlify.app\\static_backup\\assets\\images\\landing"
2026-02-08T04:47:30.566783Z  INFO get_files:scan_sources: tailwindcss_oxide::scanner: Discovering "C:\\My Web Sites\\Portfolio\\soliman.netlify.app\\static_backup\\assets\\images\\portfolio"
2026-02-08T04:47:30.566999Z  INFO get_files:scan_sources: tailwindcss_oxide::scanner: Discovering "C:\\My Web Sites\\Portfolio\\soliman.netlify.app\\static_backup\\assets\\images\\testimonials"
2026-02-08T04:47:30.567224Z  INFO get_files:scan_sources: tailwindcss_oxide::scanner: Discovering "C:\\My Web Sites\\Portfolio\\soliman.netlify.app\\static_backup\\assets\\js"
2026-02-08T04:47:30.568723Z  INFO get_files:scan_sources: tailwindcss_oxide::scanner: exit
2026-02-08T04:47:30.569544Z  INFO get_files: tailwindcss_oxide::scanner: exit
2026-02-08T04:47:30.570869Z  INFO get_globs: tailwindcss_oxide::scanner: enter
2026-02-08T04:47:30.570879Z  INFO get_globs:scan_sources: tailwindcss_oxide::scanner: enter
2026-02-08T04:47:30.572563Z  INFO get_globs:scan_sources: tailwindcss_oxide::scanner: Discovering "C:\\My Web Sites\\Portfolio\\soliman.netlify.app\\prisma"
2026-02-08T04:47:30.572861Z  INFO get_globs:scan_sources: tailwindcss_oxide::scanner: Discovering "C:\\My Web Sites\\Portfolio\\soliman.netlify.app\\public"
2026-02-08T04:47:30.573027Z  INFO get_globs:scan_sources: tailwindcss_oxide::scanner: Discovering "C:\\My Web Sites\\Portfolio\\soliman.netlify.app\\public\\assets"
2026-02-08T04:47:30.573194Z  INFO get_globs:scan_sources: tailwindcss_oxide::scanner: Discovering "C:\\My Web Sites\\Portfolio\\soliman.netlify.app\\public\\assets\\css"
2026-02-08T04:47:30.573932Z  INFO get_globs:scan_sources: tailwindcss_oxide::scanner: Discovering "C:\\My Web Sites\\Portfolio\\soliman.netlify.app\\public\\assets\\fonts"
2026-02-08T04:47:30.574283Z  INFO get_globs:scan_sources: tailwindcss_oxide::scanner: Discovering "C:\\My Web Sites\\Portfolio\\soliman.netlify.app\\public\\assets\\images"
2026-02-08T04:47:30.574459Z  INFO get_globs:scan_sources: tailwindcss_oxide::scanner: Discovering "C:\\My Web Sites\\Portfolio\\soliman.netlify.app\\public\\assets\\images\\blog"
2026-02-08T04:47:30.574665Z  INFO get_globs:scan_sources: tailwindcss_oxide::scanner: Discovering "C:\\My Web Sites\\Portfolio\\soliman.netlify.app\\public\\assets\\images\\landing"
2026-02-08T04:47:30.574884Z  INFO get_globs:scan_sources: tailwindcss_oxide::scanner: Discovering "C:\\My Web Sites\\Portfolio\\soliman.netlify.app\\public\\assets\\images\\portfolio"
2026-02-08T04:47:30.575216Z  INFO get_globs:scan_sources: tailwindcss_oxide::scanner: Discovering "C:\\My Web Sites\\Portfolio\\soliman.netlify.app\\public\\assets\\images\\testimonials"
2026-02-08T04:47:30.575502Z  INFO get_globs:scan_sources: tailwindcss_oxide::scanner: Discovering "C:\\My Web Sites\\Portfolio\\soliman.netlify.app\\public\\assets\\js"
2026-02-08T04:47:30.577242Z  INFO get_globs:scan_sources: tailwindcss_oxide::scanner: Discovering "C:\\My Web Sites\\Portfolio\\soliman.netlify.app\\src"
2026-02-08T04:47:30.577438Z  INFO get_globs:scan_sources: tailwindcss_oxide::scanner: Discovering "C:\\My Web Sites\\Portfolio\\soliman.netlify.app\\src\\app"
2026-02-08T04:47:30.577655Z  INFO get_globs:scan_sources: tailwindcss_oxide::scanner: Discovering "C:\\My Web Sites\\Portfolio\\soliman.netlify.app\\src\\app\\admin"
2026-02-08T04:47:30.577884Z  INFO get_globs:scan_sources: tailwindcss_oxide::scanner: Discovering "C:\\My Web Sites\\Portfolio\\soliman.netlify.app\\src\\app\\admin\\login"
2026-02-08T04:47:30.578232Z  INFO get_globs:scan_sources: tailwindcss_oxide::scanner: Discovering "C:\\My Web Sites\\Portfolio\\soliman.netlify.app\\src\\app\\api"
2026-02-08T04:47:30.578420Z  INFO get_globs:scan_sources: tailwindcss_oxide::scanner: Discovering "C:\\My Web Sites\\Portfolio\\soliman.netlify.app\\src\\app\\api\\admin"
2026-02-08T04:47:30.578614Z  INFO get_globs:scan_sources: tailwindcss_oxide::scanner: Discovering "C:\\My Web Sites\\Portfolio\\soliman.netlify.app\\src\\app\\api\\admin\\posts"
2026-02-08T04:47:30.579024Z  INFO get_globs:scan_sources: tailwindcss_oxide::scanner: Discovering "C:\\My Web Sites\\Portfolio\\soliman.netlify.app\\src\\app\\api\\auth"
2026-02-08T04:47:30.579214Z  INFO get_globs:scan_sources: tailwindcss_oxide::scanner: Discovering "C:\\My Web Sites\\Portfolio\\soliman.netlify.app\\src\\app\\api\\auth\\login"
2026-02-08T04:47:30.579450Z  INFO get_globs:scan_sources: tailwindcss_oxide::scanner: Discovering "C:\\My Web Sites\\Portfolio\\soliman.netlify.app\\src\\app\\api\\debug"
2026-02-08T04:47:30.579692Z  INFO get_globs:scan_sources: tailwindcss_oxide::scanner: Discovering "C:\\My Web Sites\\Portfolio\\soliman.netlify.app\\src\\app\\blog"
2026-02-08T04:47:30.579888Z  INFO get_globs:scan_sources: tailwindcss_oxide::scanner: Discovering "C:\\My Web Sites\\Portfolio\\soliman.netlify.app\\src\\app\\blog\\[slug]"
2026-02-08T04:47:30.580230Z  INFO get_globs:scan_sources: tailwindcss_oxide::scanner: Discovering "C:\\My Web Sites\\Portfolio\\soliman.netlify.app\\src\\components"
2026-02-08T04:47:30.580502Z  INFO get_globs:scan_sources: tailwindcss_oxide::scanner: Discovering "C:\\My Web Sites\\Portfolio\\soliman.netlify.app\\src\\data"
2026-02-08T04:47:30.580711Z  INFO get_globs:scan_sources: tailwindcss_oxide::scanner: Discovering "C:\\My Web Sites\\Portfolio\\soliman.netlify.app\\src\\lib"
2026-02-08T04:47:30.580986Z  INFO get_globs:scan_sources: tailwindcss_oxide::scanner: Discovering "C:\\My Web Sites\\Portfolio\\soliman.netlify.app\\src\\scripts"
2026-02-08T04:47:30.581204Z  INFO get_globs:scan_sources: tailwindcss_oxide::scanner: Discovering "C:\\My Web Sites\\Portfolio\\soliman.netlify.app\\src\\types"
2026-02-08T04:47:30.581433Z  INFO get_globs:scan_sources: tailwindcss_oxide::scanner: Discovering "C:\\My Web Sites\\Portfolio\\soliman.netlify.app\\static_backup"
2026-02-08T04:47:30.581602Z  INFO get_globs:scan_sources: tailwindcss_oxide::scanner: Discovering "C:\\My Web Sites\\Portfolio\\soliman.netlify.app\\static_backup\\assets"
2026-02-08T04:47:30.581763Z  INFO get_globs:scan_sources: tailwindcss_oxide::scanner: Discovering "C:\\My Web Sites\\Portfolio\\soliman.netlify.app\\static_backup\\assets\\css"
2026-02-08T04:47:30.582334Z  INFO get_globs:scan_sources: tailwindcss_oxide::scanner: Discovering "C:\\My Web Sites\\Portfolio\\soliman.netlify.app\\static_backup\\assets\\fonts"
2026-02-08T04:47:30.582623Z  INFO get_globs:scan_sources: tailwindcss_oxide::scanner: Discovering "C:\\My Web Sites\\Portfolio\\soliman.netlify.app\\static_backup\\assets\\images"
2026-02-08T04:47:30.582791Z  INFO get_globs:scan_sources: tailwindcss_oxide::scanner: Discovering "C:\\My Web Sites\\Portfolio\\soliman.netlify.app\\static_backup\\assets\\images\\blog"
2026-02-08T04:47:30.582993Z  INFO get_globs:scan_sources: tailwindcss_oxide::scanner: Discovering "C:\\My Web Sites\\Portfolio\\soliman.netlify.app\\static_backup\\assets\\images\\landing"
2026-02-08T04:47:30.583227Z  INFO get_globs:scan_sources: tailwindcss_oxide::scanner: Discovering "C:\\My Web Sites\\Portfolio\\soliman.netlify.app\\static_backup\\assets\\images\\portfolio"
2026-02-08T04:47:30.583443Z  INFO get_globs:scan_sources: tailwindcss_oxide::scanner: Discovering "C:\\My Web Sites\\Portfolio\\soliman.netlify.app\\static_backup\\assets\\images\\testimonials"
2026-02-08T04:47:30.583718Z  INFO get_globs:scan_sources: tailwindcss_oxide::scanner: Discovering "C:\\My Web Sites\\Portfolio\\soliman.netlify.app\\static_backup\\assets\\js"
2026-02-08T04:47:30.585986Z  INFO get_globs:scan_sources: tailwindcss_oxide::scanner: exit
2026-02-08T04:47:30.598251Z  INFO get_globs: tailwindcss_oxide::scanner: exit
