2026-02-08T04:49:02.544439Z  INFO tailwindcss_oxide::scanner: Provided sources:
2026-02-08T04:49:02.544859Z  INFO tailwindcss_oxide::scanner: Source: PublicSourceEntry { base: "C:\\My Web Sites\\Portfolio\\soliman.netlify.app", pattern: "**/*", negated: false }
2026-02-08T04:49:02.545327Z  INFO tailwindcss_oxide::scanner: Optimized sources:
2026-02-08T04:49:02.545356Z  INFO tailwindcss_oxide::scanner: Source: Auto { base: "C:\\My Web Sites\\Portfolio\\soliman.netlify.app" }
2026-02-08T04:49:02.547661Z  INFO scan_sources: tailwindcss_oxide::scanner: enter
2026-02-08T04:49:02.549245Z  INFO scan_sources: tailwindcss_oxide::scanner: Discovering "C:\\My Web Sites\\Portfolio\\soliman.netlify.app\\eslint.config.mjs"
2026-02-08T04:49:02.549734Z  INFO scan_sources: tailwindcss_oxide::scanner: Discovering "C:\\My Web Sites\\Portfolio\\soliman.netlify.app\\next.config.ts"
2026-02-08T04:49:02.549988Z  INFO scan_sources: tailwindcss_oxide::scanner: Discovering "C:\\My Web Sites\\Portfolio\\soliman.netlify.app\\package.json"
2026-02-08T04:49:02.550057Z  INFO scan_sources: tailwindcss_oxide::scanner: Discovering "C:\\My Web Sites\\Portfolio\\soliman.netlify.app\\postcss.config.mjs"
2026-02-08T04:49:02.550170Z  INFO scan_sources: tailwindcss_oxide::scanner: Discovering "C:\\My Web Sites\\Portfolio\\soliman.netlify.app\\prisma"
2026-02-08T04:49:02.550321Z  INFO scan_sources: tailwindcss_oxide::scanner: Discovering "C:\\My Web Sites\\Portfolio\\soliman.netlify.app\\prisma\\schema.prisma"
2026-02-08T04:49:02.550458Z  INFO scan_sources: tailwindcss_oxide::scanner: Discovering "C:\\My Web Sites\\Portfolio\\soliman.netlify.app\\prisma-error.txt"
2026-02-08T04:49:02.550553Z  INFO scan_sources: tailwindcss_oxide::scanner: Discovering "C:\\My Web Sites\\Portfolio\\soliman.netlify.app\\prisma.config.ts.backup"
2026-02-08T04:49:02.550682Z  INFO scan_sources: tailwindcss_oxide::scanner: Discovering "C:\\My Web Sites\\Portfolio\\soliman.netlify.app\\public"
2026-02-08T04:49:02.551134Z  INFO scan_sources: tailwindcss_oxide::scanner: Discovering "C:\\My Web Sites\\Portfolio\\soliman.netlify.app\\public\\assets"
2026-02-08T04:49:02.551869Z  INFO scan_sources: tailwindcss_oxide::scanner: Discovering "C:\\My Web Sites\\Portfolio\\soliman.netlify.app\\public\\assets\\css"
2026-02-08T04:49:02.552148Z  INFO scan_sources: tailwindcss_oxide::scanner: Discovering "C:\\My Web Sites\\Portfolio\\soliman.netlify.app\\public\\assets\\css\\AjaxLoader.html"
2026-02-08T04:49:02.552251Z  INFO scan_sources: tailwindcss_oxide::scanner: Discovering "C:\\My Web Sites\\Portfolio\\soliman.netlify.app\\public\\assets\\css\\animate.css"
2026-02-08T04:49:02.552366Z  INFO scan_sources: tailwindcss_oxide::scanner: Discovering "C:\\My Web Sites\\Portfolio\\soliman.netlify.app\\public\\assets\\css\\bg_fixed.css"
2026-02-08T04:49:02.552471Z  INFO scan_sources: tailwindcss_oxide::scanner: Discovering "C:\\My Web Sites\\Portfolio\\soliman.netlify.app\\public\\assets\\css\\bootstrap.css"
2026-02-08T04:49:02.552601Z  INFO scan_sources: tailwindcss_oxide::scanner: Discovering "C:\\My Web Sites\\Portfolio\\soliman.netlify.app\\public\\assets\\css\\font-awesome.min.css"
2026-02-08T04:49:02.552735Z  INFO scan_sources: tailwindcss_oxide::scanner: Discovering "C:\\My Web Sites\\Portfolio\\soliman.netlify.app\\public\\assets\\css\\grabbing.html"
2026-02-08T04:49:02.553112Z  INFO scan_sources: tailwindcss_oxide::scanner: Discovering "C:\\My Web Sites\\Portfolio\\soliman.netlify.app\\public\\assets\\css\\landing.css"
2026-02-08T04:49:02.553225Z  INFO scan_sources: tailwindcss_oxide::scanner: Discovering "C:\\My Web Sites\\Portfolio\\soliman.netlify.app\\public\\assets\\css\\magnific-popup.css"
2026-02-08T04:49:02.553319Z  INFO scan_sources: tailwindcss_oxide::scanner: Discovering "C:\\My Web Sites\\Portfolio\\soliman.netlify.app\\public\\assets\\css\\owl.carousel.min.css"
2026-02-08T04:49:02.553414Z  INFO scan_sources: tailwindcss_oxide::scanner: Discovering "C:\\My Web Sites\\Portfolio\\soliman.netlify.app\\public\\assets\\css\\owl.theme.min.css"
2026-02-08T04:49:02.553494Z  INFO scan_sources: tailwindcss_oxide::scanner: Discovering "C:\\My Web Sites\\Portfolio\\soliman.netlify.app\\public\\assets\\css\\responsive.css"
2026-02-08T04:49:02.553641Z  INFO scan_sources: tailwindcss_oxide::scanner: Discovering "C:\\My Web Sites\\Portfolio\\soliman.netlify.app\\public\\assets\\css\\style.css"
2026-02-08T04:49:02.553798Z  INFO scan_sources: tailwindcss_oxide::scanner: Discovering "C:\\My Web Sites\\Portfolio\\soliman.netlify.app\\public\\assets\\fonts"
2026-02-08T04:49:02.553970Z  INFO scan_sources: tailwindcss_oxide::scanner: Discovering "C:\\My Web Sites\\Portfolio\\soliman.netlify.app\\public\\assets\\fonts\\fontawesome-webfont5b62.svg"
2026-02-08T04:49:02.554060Z  INFO scan_sources: tailwindcss_oxide::scanner: Discovering "C:\\My Web Sites\\Portfolio\\soliman.netlify.app\\public\\assets\\fonts\\glyphicons-halflings-regular.svg"
2026-02-08T04:49:02.554207Z  INFO scan_sources: tailwindcss_oxide::scanner: Discovering "C:\\My Web Sites\\Portfolio\\soliman.netlify.app\\public\\assets\\images"
2026-02-08T04:49:02.554405Z  INFO scan_sources: tailwindcss_oxide::scanner: Discovering "C:\\My Web Sites\\Portfolio\\soliman.netlify.app\\public\\assets\\images\\blog"
2026-02-08T04:49:02.554649Z  INFO scan_sources: tailwindcss_oxide::scanner: Discovering "C:\\My Web Sites\\Portfolio\\soliman.netlify.app\\public\\assets\\images\\landing"
2026-02-08T04:49:02.554916Z  INFO scan_sources: tailwindcss_oxide::scanner: Discovering "C:\\My Web Sites\\Portfolio\\soliman.netlify.app\\public\\assets\\images\\portfolio"
2026-02-08T04:49:02.555156Z  INFO scan_sources: tailwindcss_oxide::scanner: Discovering "C:\\My Web Sites\\Portfolio\\soliman.netlify.app\\public\\assets\\images\\testimonials"
2026-02-08T04:49:02.555386Z  INFO scan_sources: tailwindcss_oxide::scanner: Discovering "C:\\My Web Sites\\Portfolio\\soliman.netlify.app\\public\\assets\\js"
2026-02-08T04:49:02.555540Z  INFO scan_sources: tailwindcss_oxide::scanner: Discovering "C:\\My Web Sites\\Portfolio\\soliman.netlify.app\\public\\assets\\js\\animate-skills.js"
2026-02-08T04:49:02.555618Z  INFO scan_sources: tailwindcss_oxide::scanner: Discovering "C:\\My Web Sites\\Portfolio\\soliman.netlify.app\\public\\assets\\js\\app.js"
2026-02-08T04:49:02.555683Z  INFO scan_sources: tailwindcss_oxide::scanner: Discovering "C:\\My Web Sites\\Portfolio\\soliman.netlify.app\\public\\assets\\js\\bootstrap.min.js"
2026-02-08T04:49:02.555754Z  INFO scan_sources: tailwindcss_oxide::scanner: Discovering "C:\\My Web Sites\\Portfolio\\soliman.netlify.app\\public\\assets\\js\\classie.js"
2026-02-08T04:49:02.555817Z  INFO scan_sources: tailwindcss_oxide::scanner: Discovering "C:\\My Web Sites\\Portfolio\\soliman.netlify.app\\public\\assets\\js\\custom.js"
2026-02-08T04:49:02.555894Z  INFO scan_sources: tailwindcss_oxide::scanner: Discovering "C:\\My Web Sites\\Portfolio\\soliman.netlify.app\\public\\assets\\js\\isotope.pkgd.min.js"
2026-02-08T04:49:02.555962Z  INFO scan_sources: tailwindcss_oxide::scanner: Discovering "C:\\My Web Sites\\Portfolio\\soliman.netlify.app\\public\\assets\\js\\jquery.fittext.js"
2026-02-08T04:49:02.556033Z  INFO scan_sources: tailwindcss_oxide::scanner: Discovering "C:\\My Web Sites\\Portfolio\\soliman.netlify.app\\public\\assets\\js\\jquery.magnific-popup.min.js"
2026-02-08T04:49:02.556098Z  INFO scan_sources: tailwindcss_oxide::scanner: Discovering "C:\\My Web Sites\\Portfolio\\soliman.netlify.app\\public\\assets\\js\\jquery.mb.YTPlayer.min.js"
2026-02-08T04:49:02.556166Z  INFO scan_sources: tailwindcss_oxide::scanner: Discovering "C:\\My Web Sites\\Portfolio\\soliman.netlify.app\\public\\assets\\js\\jquery.min.js"
2026-02-08T04:49:02.556229Z  INFO scan_sources: tailwindcss_oxide::scanner: Discovering "C:\\My Web Sites\\Portfolio\\soliman.netlify.app\\public\\assets\\js\\landing.js"
2026-02-08T04:49:02.556298Z  INFO scan_sources: tailwindcss_oxide::scanner: Discovering "C:\\My Web Sites\\Portfolio\\soliman.netlify.app\\public\\assets\\js\\owl.carousel.min.js"
2026-02-08T04:49:02.556375Z  INFO scan_sources: tailwindcss_oxide::scanner: Discovering "C:\\My Web Sites\\Portfolio\\soliman.netlify.app\\public\\assets\\js\\parallax.min.js"
2026-02-08T04:49:02.556466Z  INFO scan_sources: tailwindcss_oxide::scanner: Discovering "C:\\My Web Sites\\Portfolio\\soliman.netlify.app\\public\\assets\\js\\particles.min.js"
2026-02-08T04:49:02.556535Z  INFO scan_sources: tailwindcss_oxide::scanner: Discovering "C:\\My Web Sites\\Portfolio\\soliman.netlify.app\\public\\assets\\js\\snap.svg-min.js"
2026-02-08T04:49:02.556599Z  INFO scan_sources: tailwindcss_oxide::scanner: Discovering "C:\\My Web Sites\\Portfolio\\soliman.netlify.app\\public\\assets\\js\\svgLoader.js"
2026-02-08T04:49:02.556659Z  INFO scan_sources: tailwindcss_oxide::scanner: Discovering "C:\\My Web Sites\\Portfolio\\soliman.netlify.app\\public\\assets\\js\\typed.min.js"
2026-02-08T04:49:02.556761Z  INFO scan_sources: tailwindcss_oxide::scanner: Discovering "C:\\My Web Sites\\Portfolio\\soliman.netlify.app\\public\\file.svg"
2026-02-08T04:49:02.556837Z  INFO scan_sources: tailwindcss_oxide::scanner: Discovering "C:\\My Web Sites\\Portfolio\\soliman.netlify.app\\public\\globe.svg"
2026-02-08T04:49:02.556904Z  INFO scan_sources: tailwindcss_oxide::scanner: Discovering "C:\\My Web Sites\\Portfolio\\soliman.netlify.app\\public\\next.svg"
2026-02-08T04:49:02.556972Z  INFO scan_sources: tailwindcss_oxide::scanner: Discovering "C:\\My Web Sites\\Portfolio\\soliman.netlify.app\\public\\vercel.svg"
2026-02-08T04:49:02.557035Z  INFO scan_sources: tailwindcss_oxide::scanner: Discovering "C:\\My Web Sites\\Portfolio\\soliman.netlify.app\\public\\window.svg"
2026-02-08T04:49:02.557131Z  INFO scan_sources: tailwindcss_oxide::scanner: Discovering "C:\\My Web Sites\\Portfolio\\soliman.netlify.app\\README.md"
2026-02-08T04:49:02.557237Z  INFO scan_sources: tailwindcss_oxide::scanner: Discovering "C:\\My Web Sites\\Portfolio\\soliman.netlify.app\\src"
2026-02-08T04:49:02.557415Z  INFO scan_sources: tailwindcss_oxide::scanner: Discovering "C:\\My Web Sites\\Portfolio\\soliman.netlify.app\\src\\app"
2026-02-08T04:49:02.557584Z  INFO scan_sources: tailwindcss_oxide::scanner: Discovering "C:\\My Web Sites\\Portfolio\\soliman.netlify.app\\src\\app\\admin"
2026-02-08T04:49:02.557745Z  INFO scan_sources: tailwindcss_oxide::scanner: Discovering "C:\\My Web Sites\\Portfolio\\soliman.netlify.app\\src\\app\\admin\\login"
2026-02-08T04:49:02.557887Z  INFO scan_sources: tailwindcss_oxide::scanner: Discovering "C:\\My Web Sites\\Portfolio\\soliman.netlify.app\\src\\app\\admin\\login\\page.tsx"
2026-02-08T04:49:02.557971Z  INFO scan_sources: tailwindcss_oxide::scanner: Discovering "C:\\My Web Sites\\Portfolio\\soliman.netlify.app\\src\\app\\admin\\page.tsx"
2026-02-08T04:49:02.558093Z  INFO scan_sources: tailwindcss_oxide::scanner: Discovering "C:\\My Web Sites\\Portfolio\\soliman.netlify.app\\src\\app\\api"
2026-02-08T04:49:02.558258Z  INFO scan_sources: tailwindcss_oxide::scanner: Discovering "C:\\My Web Sites\\Portfolio\\soliman.netlify.app\\src\\app\\api\\admin"
2026-02-08T04:49:02.558442Z  INFO scan_sources: tailwindcss_oxide::scanner: Discovering "C:\\My Web Sites\\Portfolio\\soliman.netlify.app\\src\\app\\api\\admin\\posts"
2026-02-08T04:49:02.558596Z  INFO scan_sources: tailwindcss_oxide::scanner: Discovering "C:\\My Web Sites\\Portfolio\\soliman.netlify.app\\src\\app\\api\\admin\\posts\\route.ts"
2026-02-08T04:49:02.558757Z  INFO scan_sources: tailwindcss_oxide::scanner: Discovering "C:\\My Web Sites\\Portfolio\\soliman.netlify.app\\src\\app\\api\\auth"
2026-02-08T04:49:02.559047Z  INFO scan_sources: tailwindcss_oxide::scanner: Discovering "C:\\My Web Sites\\Portfolio\\soliman.netlify.app\\src\\app\\api\\auth\\login"
2026-02-08T04:49:02.559185Z  INFO scan_sources: tailwindcss_oxide::scanner: Discovering "C:\\My Web Sites\\Portfolio\\soliman.netlify.app\\src\\app\\api\\auth\\login\\route.ts"
2026-02-08T04:49:02.559442Z  INFO scan_sources: tailwindcss_oxide::scanner: Discovering "C:\\My Web Sites\\Portfolio\\soliman.netlify.app\\src\\app\\api\\debug"
2026-02-08T04:49:02.559588Z  INFO scan_sources: tailwindcss_oxide::scanner: Discovering "C:\\My Web Sites\\Portfolio\\soliman.netlify.app\\src\\app\\api\\debug\\route.ts"
2026-02-08T04:49:02.559748Z  INFO scan_sources: tailwindcss_oxide::scanner: Discovering "C:\\My Web Sites\\Portfolio\\soliman.netlify.app\\src\\app\\blog"
2026-02-08T04:49:02.559883Z  INFO scan_sources: tailwindcss_oxide::scanner: Discovering "C:\\My Web Sites\\Portfolio\\soliman.netlify.app\\src\\app\\blog\\page.tsx"
2026-02-08T04:49:02.559990Z  INFO scan_sources: tailwindcss_oxide::scanner: Discovering "C:\\My Web Sites\\Portfolio\\soliman.netlify.app\\src\\app\\blog\\[slug]"
2026-02-08T04:49:02.560134Z  INFO scan_sources: tailwindcss_oxide::scanner: Discovering "C:\\My Web Sites\\Portfolio\\soliman.netlify.app\\src\\app\\blog\\[slug]\\page.tsx"
2026-02-08T04:49:02.560252Z  INFO scan_sources: tailwindcss_oxide::scanner: Discovering "C:\\My Web Sites\\Portfolio\\soliman.netlify.app\\src\\app\\globals.css"
2026-02-08T04:49:02.560315Z  INFO scan_sources: tailwindcss_oxide::scanner: Discovering "C:\\My Web Sites\\Portfolio\\soliman.netlify.app\\src\\app\\layout.tsx"
2026-02-08T04:49:02.560385Z  INFO scan_sources: tailwindcss_oxide::scanner: Discovering "C:\\My Web Sites\\Portfolio\\soliman.netlify.app\\src\\app\\page.tsx"
2026-02-08T04:49:02.560519Z  INFO scan_sources: tailwindcss_oxide::scanner: Discovering "C:\\My Web Sites\\Portfolio\\soliman.netlify.app\\src\\components"
2026-02-08T04:49:02.560664Z  INFO scan_sources: tailwindcss_oxide::scanner: Discovering "C:\\My Web Sites\\Portfolio\\soliman.netlify.app\\src\\components\\Hero.tsx"
2026-02-08T04:49:02.560728Z  INFO scan_sources: tailwindcss_oxide::scanner: Discovering "C:\\My Web Sites\\Portfolio\\soliman.netlify.app\\src\\components\\Navbar.tsx"
2026-02-08T04:49:02.560808Z  INFO scan_sources: tailwindcss_oxide::scanner: Discovering "C:\\My Web Sites\\Portfolio\\soliman.netlify.app\\src\\components\\Skills.tsx"
2026-02-08T04:49:02.560942Z  INFO scan_sources: tailwindcss_oxide::scanner: Discovering "C:\\My Web Sites\\Portfolio\\soliman.netlify.app\\src\\data"
2026-02-08T04:49:02.561073Z  INFO scan_sources: tailwindcss_oxide::scanner: Discovering "C:\\My Web Sites\\Portfolio\\soliman.netlify.app\\src\\data\\posts.json"
2026-02-08T04:49:02.561404Z  INFO scan_sources: tailwindcss_oxide::scanner: Discovering "C:\\My Web Sites\\Portfolio\\soliman.netlify.app\\src\\lib"
2026-02-08T04:49:02.561814Z  INFO scan_sources: tailwindcss_oxide::scanner: Discovering "C:\\My Web Sites\\Portfolio\\soliman.netlify.app\\src\\lib\\posts.ts"
2026-02-08T04:49:02.561990Z  INFO scan_sources: tailwindcss_oxide::scanner: Discovering "C:\\My Web Sites\\Portfolio\\soliman.netlify.app\\src\\lib\\prisma.ts"
2026-02-08T04:49:02.562223Z  INFO scan_sources: tailwindcss_oxide::scanner: Discovering "C:\\My Web Sites\\Portfolio\\soliman.netlify.app\\src\\middleware.ts"
2026-02-08T04:49:02.562537Z  INFO scan_sources: tailwindcss_oxide::scanner: Discovering "C:\\My Web Sites\\Portfolio\\soliman.netlify.app\\src\\scripts"
2026-02-08T04:49:02.562962Z  INFO scan_sources: tailwindcss_oxide::scanner: Discovering "C:\\My Web Sites\\Portfolio\\soliman.netlify.app\\src\\scripts\\test-db.ts"
2026-02-08T04:49:02.563336Z  INFO scan_sources: tailwindcss_oxide::scanner: Discovering "C:\\My Web Sites\\Portfolio\\soliman.netlify.app\\src\\types"
2026-02-08T04:49:02.563561Z  INFO scan_sources: tailwindcss_oxide::scanner: Discovering "C:\\My Web Sites\\Portfolio\\soliman.netlify.app\\src\\types\\index.ts"
2026-02-08T04:49:02.563741Z  INFO scan_sources: tailwindcss_oxide::scanner: Discovering "C:\\My Web Sites\\Portfolio\\soliman.netlify.app\\static_backup"
2026-02-08T04:49:02.563935Z  INFO scan_sources: tailwindcss_oxide::scanner: Discovering "C:\\My Web Sites\\Portfolio\\soliman.netlify.app\\static_backup\\assets"
2026-02-08T04:49:02.564152Z  INFO scan_sources: tailwindcss_oxide::scanner: Discovering "C:\\My Web Sites\\Portfolio\\soliman.netlify.app\\static_backup\\assets\\css"
2026-02-08T04:49:02.564308Z  INFO scan_sources: tailwindcss_oxide::scanner: Discovering "C:\\My Web Sites\\Portfolio\\soliman.netlify.app\\static_backup\\assets\\css\\AjaxLoader.html"
2026-02-08T04:49:02.564376Z  INFO scan_sources: tailwindcss_oxide::scanner: Discovering "C:\\My Web Sites\\Portfolio\\soliman.netlify.app\\static_backup\\assets\\css\\animate.css"
2026-02-08T04:49:02.564522Z  INFO scan_sources: tailwindcss_oxide::scanner: Discovering "C:\\My Web Sites\\Portfolio\\soliman.netlify.app\\static_backup\\assets\\css\\bg_fixed.css"
2026-02-08T04:49:02.564603Z  INFO scan_sources: tailwindcss_oxide::scanner: Discovering "C:\\My Web Sites\\Portfolio\\soliman.netlify.app\\static_backup\\assets\\css\\bootstrap.css"
2026-02-08T04:49:02.564668Z  INFO scan_sources: tailwindcss_oxide::scanner: Discovering "C:\\My Web Sites\\Portfolio\\soliman.netlify.app\\static_backup\\assets\\css\\font-awesome.min.css"
2026-02-08T04:49:02.564834Z  INFO scan_sources: tailwindcss_oxide::scanner: Discovering "C:\\My Web Sites\\Portfolio\\soliman.netlify.app\\static_backup\\assets\\css\\grabbing.html"
2026-02-08T04:49:02.564940Z  INFO scan_sources: tailwindcss_oxide::scanner: Discovering "C:\\My Web Sites\\Portfolio\\soliman.netlify.app\\static_backup\\assets\\css\\landing.css"
2026-02-08T04:49:02.565015Z  INFO scan_sources: tailwindcss_oxide::scanner: Discovering "C:\\My Web Sites\\Portfolio\\soliman.netlify.app\\static_backup\\assets\\css\\magnific-popup.css"
2026-02-08T04:49:02.565080Z  INFO scan_sources: tailwindcss_oxide::scanner: Discovering "C:\\My Web Sites\\Portfolio\\soliman.netlify.app\\static_backup\\assets\\css\\owl.carousel.min.css"
2026-02-08T04:49:02.565156Z  INFO scan_sources: tailwindcss_oxide::scanner: Discovering "C:\\My Web Sites\\Portfolio\\soliman.netlify.app\\static_backup\\assets\\css\\owl.theme.min.css"
2026-02-08T04:49:02.565221Z  INFO scan_sources: tailwindcss_oxide::scanner: Discovering "C:\\My Web Sites\\Portfolio\\soliman.netlify.app\\static_backup\\assets\\css\\responsive.css"
2026-02-08T04:49:02.565288Z  INFO scan_sources: tailwindcss_oxide::scanner: Discovering "C:\\My Web Sites\\Portfolio\\soliman.netlify.app\\static_backup\\assets\\css\\style.css"
2026-02-08T04:49:02.565434Z  INFO scan_sources: tailwindcss_oxide::scanner: Discovering "C:\\My Web Sites\\Portfolio\\soliman.netlify.app\\static_backup\\assets\\fonts"
2026-02-08T04:49:02.565601Z  INFO scan_sources: tailwindcss_oxide::scanner: Discovering "C:\\My Web Sites\\Portfolio\\soliman.netlify.app\\static_backup\\assets\\fonts\\fontawesome-webfont5b62.svg"
2026-02-08T04:49:02.565690Z  INFO scan_sources: tailwindcss_oxide::scanner: Discovering "C:\\My Web Sites\\Portfolio\\soliman.netlify.app\\static_backup\\assets\\fonts\\glyphicons-halflings-regular.svg"
2026-02-08T04:49:02.565854Z  INFO scan_sources: tailwindcss_oxide::scanner: Discovering "C:\\My Web Sites\\Portfolio\\soliman.netlify.app\\static_backup\\assets\\images"
2026-02-08T04:49:02.566069Z  INFO scan_sources: tailwindcss_oxide::scanner: Discovering "C:\\My Web Sites\\Portfolio\\soliman.netlify.app\\static_backup\\assets\\images\\blog"
2026-02-08T04:49:02.566327Z  INFO scan_sources: tailwindcss_oxide::scanner: Discovering "C:\\My Web Sites\\Portfolio\\soliman.netlify.app\\static_backup\\assets\\images\\landing"
2026-02-08T04:49:02.566566Z  INFO scan_sources: tailwindcss_oxide::scanner: Discovering "C:\\My Web Sites\\Portfolio\\soliman.netlify.app\\static_backup\\assets\\images\\portfolio"
2026-02-08T04:49:02.566800Z  INFO scan_sources: tailwindcss_oxide::scanner: Discovering "C:\\My Web Sites\\Portfolio\\soliman.netlify.app\\static_backup\\assets\\images\\testimonials"
2026-02-08T04:49:02.567098Z  INFO scan_sources: tailwindcss_oxide::scanner: Discovering "C:\\My Web Sites\\Portfolio\\soliman.netlify.app\\static_backup\\assets\\js"
2026-02-08T04:49:02.567302Z  INFO scan_sources: tailwindcss_oxide::scanner: Discovering "C:\\My Web Sites\\Portfolio\\soliman.netlify.app\\static_backup\\assets\\js\\animate-skills.js"
2026-02-08T04:49:02.567397Z  INFO scan_sources: tailwindcss_oxide::scanner: Discovering "C:\\My Web Sites\\Portfolio\\soliman.netlify.app\\static_backup\\assets\\js\\app.js"
2026-02-08T04:49:02.567502Z  INFO scan_sources: tailwindcss_oxide::scanner: Discovering "C:\\My Web Sites\\Portfolio\\soliman.netlify.app\\static_backup\\assets\\js\\bootstrap.min.js"
2026-02-08T04:49:02.567643Z  INFO scan_sources: tailwindcss_oxide::scanner: Discovering "C:\\My Web Sites\\Portfolio\\soliman.netlify.app\\static_backup\\assets\\js\\classie.js"
2026-02-08T04:49:02.567755Z  INFO scan_sources: tailwindcss_oxide::scanner: Discovering "C:\\My Web Sites\\Portfolio\\soliman.netlify.app\\static_backup\\assets\\js\\custom.js"
2026-02-08T04:49:02.567856Z  INFO scan_sources: tailwindcss_oxide::scanner: Discovering "C:\\My Web Sites\\Portfolio\\soliman.netlify.app\\static_backup\\assets\\js\\isotope.pkgd.min.js"
2026-02-08T04:49:02.567952Z  INFO scan_sources: tailwindcss_oxide::scanner: Discovering "C:\\My Web Sites\\Portfolio\\soliman.netlify.app\\static_backup\\assets\\js\\jquery.fittext.js"
2026-02-08T04:49:02.568038Z  INFO scan_sources: tailwindcss_oxide::scanner: Discovering "C:\\My Web Sites\\Portfolio\\soliman.netlify.app\\static_backup\\assets\\js\\jquery.magnific-popup.min.js"
2026-02-08T04:49:02.568114Z  INFO scan_sources: tailwindcss_oxide::scanner: Discovering "C:\\My Web Sites\\Portfolio\\soliman.netlify.app\\static_backup\\assets\\js\\jquery.mb.YTPlayer.min.js"
2026-02-08T04:49:02.568235Z  INFO scan_sources: tailwindcss_oxide::scanner: Discovering "C:\\My Web Sites\\Portfolio\\soliman.netlify.app\\static_backup\\assets\\js\\jquery.min.js"
2026-02-08T04:49:02.568317Z  INFO scan_sources: tailwindcss_oxide::scanner: Discovering "C:\\My Web Sites\\Portfolio\\soliman.netlify.app\\static_backup\\assets\\js\\landing.js"
2026-02-08T04:49:02.568400Z  INFO scan_sources: tailwindcss_oxide::scanner: Discovering "C:\\My Web Sites\\Portfolio\\soliman.netlify.app\\static_backup\\assets\\js\\owl.carousel.min.js"
2026-02-08T04:49:02.568484Z  INFO scan_sources: tailwindcss_oxide::scanner: Discovering "C:\\My Web Sites\\Portfolio\\soliman.netlify.app\\static_backup\\assets\\js\\parallax.min.js"
2026-02-08T04:49:02.568567Z  INFO scan_sources: tailwindcss_oxide::scanner: Discovering "C:\\My Web Sites\\Portfolio\\soliman.netlify.app\\static_backup\\assets\\js\\particles.min.js"
2026-02-08T04:49:02.568643Z  INFO scan_sources: tailwindcss_oxide::scanner: Discovering "C:\\My Web Sites\\Portfolio\\soliman.netlify.app\\static_backup\\assets\\js\\snap.svg-min.js"
2026-02-08T04:49:02.568706Z  INFO scan_sources: tailwindcss_oxide::scanner: Discovering "C:\\My Web Sites\\Portfolio\\soliman.netlify.app\\static_backup\\assets\\js\\svgLoader.js"
2026-02-08T04:49:02.568767Z  INFO scan_sources: tailwindcss_oxide::scanner: Discovering "C:\\My Web Sites\\Portfolio\\soliman.netlify.app\\static_backup\\assets\\js\\typed.min.js"
2026-02-08T04:49:02.568874Z  INFO scan_sources: tailwindcss_oxide::scanner: Discovering "C:\\My Web Sites\\Portfolio\\soliman.netlify.app\\static_backup\\index.html"
2026-02-08T04:49:02.568940Z  INFO scan_sources: tailwindcss_oxide::scanner: Discovering "C:\\My Web Sites\\Portfolio\\soliman.netlify.app\\static_backup\\index_static.html"
2026-02-08T04:49:02.569001Z  INFO scan_sources: tailwindcss_oxide::scanner: Discovering "C:\\My Web Sites\\Portfolio\\soliman.netlify.app\\static_backup\\index_static_bg_fixed.html"
2026-02-08T04:49:02.569065Z  INFO scan_sources: tailwindcss_oxide::scanner: Discovering "C:\\My Web Sites\\Portfolio\\soliman.netlify.app\\static_backup\\index_static_bg_video.html"
2026-02-08T04:49:02.569132Z  INFO scan_sources: tailwindcss_oxide::scanner: Discovering "C:\\My Web Sites\\Portfolio\\soliman.netlify.app\\static_backup\\index_static_particle.html"
2026-02-08T04:49:02.569193Z  INFO scan_sources: tailwindcss_oxide::scanner: Discovering "C:\\My Web Sites\\Portfolio\\soliman.netlify.app\\static_backup\\index_static_svg_shape.html"
2026-02-08T04:49:02.569254Z  INFO scan_sources: tailwindcss_oxide::scanner: Discovering "C:\\My Web Sites\\Portfolio\\soliman.netlify.app\\static_backup\\index_type.html"
2026-02-08T04:49:02.569315Z  INFO scan_sources: tailwindcss_oxide::scanner: Discovering "C:\\My Web Sites\\Portfolio\\soliman.netlify.app\\static_backup\\index_type_bg_fixed.html"
2026-02-08T04:49:02.569376Z  INFO scan_sources: tailwindcss_oxide::scanner: Discovering "C:\\My Web Sites\\Portfolio\\soliman.netlify.app\\static_backup\\index_type_bg_video.html"
2026-02-08T04:49:02.569440Z  INFO scan_sources: tailwindcss_oxide::scanner: Discovering "C:\\My Web Sites\\Portfolio\\soliman.netlify.app\\static_backup\\index_type_particle.html"
2026-02-08T04:49:02.569503Z  INFO scan_sources: tailwindcss_oxide::scanner: Discovering "C:\\My Web Sites\\Portfolio\\soliman.netlify.app\\static_backup\\index_type_svg_shape.html"
2026-02-08T04:49:02.569600Z  INFO scan_sources: tailwindcss_oxide::scanner: Discovering "C:\\My Web Sites\\Portfolio\\soliman.netlify.app\\test-schema.prisma"
2026-02-08T04:49:02.569668Z  INFO scan_sources: tailwindcss_oxide::scanner: Discovering "C:\\My Web Sites\\Portfolio\\soliman.netlify.app\\tsconfig.json"
2026-02-08T04:49:02.569794Z  INFO scan_sources: tailwindcss_oxide::scanner: exit
2026-02-08T04:49:02.569807Z  INFO extract_candidates: tailwindcss_oxide::scanner: enter
2026-02-08T04:49:02.569818Z  INFO extract_candidates:read_all_files: tailwindcss_oxide::scanner: enter
2026-02-08T04:49:02.569824Z  INFO extract_candidates:read_all_files: tailwindcss_oxide::scanner: Reading 86 file(s)
2026-02-08T04:49:02.570514Z  INFO tailwindcss_oxide::scanner: Reading "C:\\My Web Sites\\Portfolio\\soliman.netlify.app\\eslint.config.mjs"
2026-02-08T04:49:02.570565Z  INFO tailwindcss_oxide::scanner: Reading "C:\\My Web Sites\\Portfolio\\soliman.netlify.app\\src\\components\\Hero.tsx"
2026-02-08T04:49:02.570649Z  INFO tailwindcss_oxide::scanner: Reading "C:\\My Web Sites\\Portfolio\\soliman.netlify.app\\next.config.ts"
2026-02-08T04:49:02.570745Z  INFO tailwindcss_oxide::scanner: Reading "C:\\My Web Sites\\Portfolio\\soliman.netlify.app\\src\\components\\Navbar.tsx"
2026-02-08T04:49:02.570793Z  INFO tailwindcss_oxide::scanner: Reading "C:\\My Web Sites\\Portfolio\\soliman.netlify.app\\package.json"
2026-02-08T04:49:02.570942Z  INFO tailwindcss_oxide::scanner: Reading "C:\\My Web Sites\\Portfolio\\soliman.netlify.app\\src\\components\\Skills.tsx"
2026-02-08T04:49:02.570944Z  INFO tailwindcss_oxide::scanner: Reading "C:\\My Web Sites\\Portfolio\\soliman.netlify.app\\public\\assets\\js\\landing.js"
2026-02-08T04:49:02.571015Z  INFO tailwindcss_oxide::scanner: Reading "C:\\My Web Sites\\Portfolio\\soliman.netlify.app\\postcss.config.mjs"
2026-02-08T04:49:02.571091Z  INFO tailwindcss_oxide::scanner: Reading "C:\\My Web Sites\\Portfolio\\soliman.netlify.app\\src\\data\\posts.json"
2026-02-08T04:49:02.571129Z  INFO tailwindcss_oxide::scanner: Reading "C:\\My Web Sites\\Portfolio\\soliman.netlify.app\\public\\assets\\js\\owl.carousel.min.js"
2026-02-08T04:49:02.571145Z  INFO tailwindcss_oxide::scanner: Reading "C:\\My Web Sites\\Portfolio\\soliman.netlify.app\\prisma\\schema.prisma"
2026-02-08T04:49:02.571215Z  INFO tailwindcss_oxide::scanner: Reading "C:\\My Web Sites\\Portfolio\\soliman.netlify.app\\src\\lib\\posts.ts"
2026-02-08T04:49:02.571232Z  INFO tailwindcss_oxide::scanner: Reading "C:\\My Web Sites\\Portfolio\\soliman.netlify.app\\public\\assets\\fonts\\glyphicons-halflings-regular.svg"
2026-02-08T04:49:02.571255Z  INFO tailwindcss_oxide::scanner: Reading "C:\\My Web Sites\\Portfolio\\soliman.netlify.app\\public\\assets\\js\\parallax.min.js"
2026-02-08T04:49:02.571267Z  INFO tailwindcss_oxide::scanner: Reading "C:\\My Web Sites\\Portfolio\\soliman.netlify.app\\prisma-error.txt"
2026-02-08T04:49:02.571326Z  INFO tailwindcss_oxide::scanner: Reading "C:\\My Web Sites\\Portfolio\\soliman.netlify.app\\src\\lib\\prisma.ts"
2026-02-08T04:49:02.571378Z  INFO tailwindcss_oxide::scanner: Reading "C:\\My Web Sites\\Portfolio\\soliman.netlify.app\\public\\assets\\js\\particles.min.js"
2026-02-08T04:49:02.571378Z  INFO tailwindcss_oxide::scanner: Reading "C:\\My Web Sites\\Portfolio\\soliman.netlify.app\\public\\assets\\css\\AjaxLoader.html"
2026-02-08T04:49:02.571441Z  INFO tailwindcss_oxide::scanner: Reading "C:\\My Web Sites\\Portfolio\\soliman.netlify.app\\public\\assets\\js\\animate-skills.js"
2026-02-08T04:49:02.571442Z  INFO tailwindcss_oxide::scanner: Reading "C:\\My Web Sites\\Portfolio\\soliman.netlify.app\\src\\middleware.ts"
2026-02-08T04:49:02.571481Z  INFO tailwindcss_oxide::scanner: Reading "C:\\My Web Sites\\Portfolio\\soliman.netlify.app\\prisma.config.ts.backup"
2026-02-08T04:49:02.571497Z  INFO tailwindcss_oxide::scanner: Reading "C:\\My Web Sites\\Portfolio\\soliman.netlify.app\\public\\assets\\css\\grabbing.html"
2026-02-08T04:49:02.571534Z  INFO tailwindcss_oxide::scanner: Reading "C:\\My Web Sites\\Portfolio\\soliman.netlify.app\\public\\assets\\js\\app.js"
2026-02-08T04:49:02.571541Z  INFO tailwindcss_oxide::scanner: Reading "C:\\My Web Sites\\Portfolio\\soliman.netlify.app\\public\\assets\\js\\snap.svg-min.js"
2026-02-08T04:49:02.571543Z  INFO tailwindcss_oxide::scanner: Reading "C:\\My Web Sites\\Portfolio\\soliman.netlify.app\\static_backup\\assets\\js\\jquery.mb.YTPlayer.min.js"
2026-02-08T04:49:02.571562Z  INFO tailwindcss_oxide::scanner: Reading "C:\\My Web Sites\\Portfolio\\soliman.netlify.app\\src\\scripts\\test-db.ts"
2026-02-08T04:49:02.571616Z  INFO tailwindcss_oxide::scanner: Reading "C:\\My Web Sites\\Portfolio\\soliman.netlify.app\\static_backup\\assets\\css\\grabbing.html"
2026-02-08T04:49:02.571622Z  INFO tailwindcss_oxide::scanner: Reading "C:\\My Web Sites\\Portfolio\\soliman.netlify.app\\src\\types\\index.ts"
2026-02-08T04:49:02.571666Z  INFO tailwindcss_oxide::scanner: Reading "C:\\My Web Sites\\Portfolio\\soliman.netlify.app\\public\\assets\\js\\bootstrap.min.js"
2026-02-08T04:49:02.571674Z  INFO tailwindcss_oxide::scanner: Reading "C:\\My Web Sites\\Portfolio\\soliman.netlify.app\\public\\window.svg"
2026-02-08T04:49:02.571702Z  INFO tailwindcss_oxide::scanner: Reading "C:\\My Web Sites\\Portfolio\\soliman.netlify.app\\static_backup\\assets\\js\\bootstrap.min.js"
2026-02-08T04:49:02.571725Z  INFO tailwindcss_oxide::scanner: Reading "C:\\My Web Sites\\Portfolio\\soliman.netlify.app\\public\\assets\\js\\svgLoader.js"
2026-02-08T04:49:02.571779Z  INFO tailwindcss_oxide::scanner: Reading "C:\\My Web Sites\\Portfolio\\soliman.netlify.app\\static_backup\\assets\\css\\AjaxLoader.html"
2026-02-08T04:49:02.571784Z  INFO tailwindcss_oxide::scanner: Reading "C:\\My Web Sites\\Portfolio\\soliman.netlify.app\\README.md"
2026-02-08T04:49:02.571798Z  INFO tailwindcss_oxide::scanner: Reading "C:\\My Web Sites\\Portfolio\\soliman.netlify.app\\static_backup\\assets\\js\\jquery.min.js"
2026-02-08T04:49:02.571802Z  INFO tailwindcss_oxide::scanner: Reading "C:\\My Web Sites\\Portfolio\\soliman.netlify.app\\public\\assets\\js\\classie.js"
2026-02-08T04:49:02.571826Z  INFO tailwindcss_oxide::scanner: Reading "C:\\My Web Sites\\Portfolio\\soliman.netlify.app\\static_backup\\assets\\fonts\\glyphicons-halflings-regular.svg"
2026-02-08T04:49:02.571834Z  INFO tailwindcss_oxide::scanner: Reading "C:\\My Web Sites\\Portfolio\\soliman.netlify.app\\static_backup\\assets\\js\\classie.js"
2026-02-08T04:49:02.571862Z  INFO tailwindcss_oxide::scanner: Reading "C:\\My Web Sites\\Portfolio\\soliman.netlify.app\\public\\assets\\js\\typed.min.js"
2026-02-08T04:49:02.571886Z  INFO tailwindcss_oxide::scanner: Reading "C:\\My Web Sites\\Portfolio\\soliman.netlify.app\\public\\assets\\fonts\\fontawesome-webfont5b62.svg"
2026-02-08T04:49:02.571886Z  INFO tailwindcss_oxide::scanner: Reading "C:\\My Web Sites\\Portfolio\\soliman.netlify.app\\public\\globe.svg"
2026-02-08T04:49:02.571886Z  INFO tailwindcss_oxide::scanner: Reading "C:\\My Web Sites\\Portfolio\\soliman.netlify.app\\src\\app\\api\\auth\\login\\route.ts"
2026-02-08T04:49:02.571927Z  INFO tailwindcss_oxide::scanner: Reading "C:\\My Web Sites\\Portfolio\\soliman.netlify.app\\src\\app\\admin\\page.tsx"
2026-02-08T04:49:02.571899Z  INFO tailwindcss_oxide::scanner: Reading "C:\\My Web Sites\\Portfolio\\soliman.netlify.app\\src\\app\\admin\\login\\page.tsx"
2026-02-08T04:49:02.571948Z  INFO tailwindcss_oxide::scanner: Reading "C:\\My Web Sites\\Portfolio\\soliman.netlify.app\\public\\assets\\js\\custom.js"
2026-02-08T04:49:02.571981Z  INFO tailwindcss_oxide::scanner: Reading "C:\\My Web Sites\\Portfolio\\soliman.netlify.app\\static_backup\\assets\\js\\landing.js"
2026-02-08T04:49:02.571984Z  INFO tailwindcss_oxide::scanner: Reading "C:\\My Web Sites\\Portfolio\\soliman.netlify.app\\public\\file.svg"
2026-02-08T04:49:02.572118Z  INFO tailwindcss_oxide::scanner: Reading "C:\\My Web Sites\\Portfolio\\soliman.netlify.app\\static_backup\\assets\\js\\jquery.fittext.js"
2026-02-08T04:49:02.571997Z  INFO tailwindcss_oxide::scanner: Reading "C:\\My Web Sites\\Portfolio\\soliman.netlify.app\\static_backup\\assets\\js\\animate-skills.js"
2026-02-08T04:49:02.572072Z  INFO tailwindcss_oxide::scanner: Reading "C:\\My Web Sites\\Portfolio\\soliman.netlify.app\\src\\app\\api\\admin\\posts\\route.ts"
2026-02-08T04:49:02.572085Z  INFO tailwindcss_oxide::scanner: Reading "C:\\My Web Sites\\Portfolio\\soliman.netlify.app\\public\\next.svg"
2026-02-08T04:49:02.572157Z  INFO tailwindcss_oxide::scanner: Reading "C:\\My Web Sites\\Portfolio\\soliman.netlify.app\\public\\assets\\js\\isotope.pkgd.min.js"
2026-02-08T04:49:02.572081Z  INFO tailwindcss_oxide::scanner: Reading "C:\\My Web Sites\\Portfolio\\soliman.netlify.app\\static_backup\\assets\\fonts\\fontawesome-webfont5b62.svg"
2026-02-08T04:49:02.572206Z  INFO tailwindcss_oxide::scanner: Reading "C:\\My Web Sites\\Portfolio\\soliman.netlify.app\\static_backup\\assets\\js\\owl.carousel.min.js"
2026-02-08T04:49:02.572153Z  INFO tailwindcss_oxide::scanner: Reading "C:\\My Web Sites\\Portfolio\\soliman.netlify.app\\public\\assets\\js\\jquery.magnific-popup.min.js"
2026-02-08T04:49:02.572228Z  INFO tailwindcss_oxide::scanner: Reading "C:\\My Web Sites\\Portfolio\\soliman.netlify.app\\static_backup\\assets\\js\\app.js"
2026-02-08T04:49:02.572085Z  INFO tailwindcss_oxide::scanner: Reading "C:\\My Web Sites\\Portfolio\\soliman.netlify.app\\static_backup\\assets\\js\\custom.js"
2026-02-08T04:49:02.572125Z  INFO tailwindcss_oxide::scanner: Reading "C:\\My Web Sites\\Portfolio\\soliman.netlify.app\\static_backup\\assets\\js\\isotope.pkgd.min.js"
2026-02-08T04:49:02.572279Z  INFO tailwindcss_oxide::scanner: Reading "C:\\My Web Sites\\Portfolio\\soliman.netlify.app\\public\\vercel.svg"
2026-02-08T04:49:02.572285Z  INFO tailwindcss_oxide::scanner: Reading "C:\\My Web Sites\\Portfolio\\soliman.netlify.app\\static_backup\\assets\\js\\particles.min.js"
2026-02-08T04:49:02.572291Z  INFO tailwindcss_oxide::scanner: Reading "C:\\My Web Sites\\Portfolio\\soliman.netlify.app\\static_backup\\index_static_bg_fixed.html"
2026-02-08T04:49:02.572237Z  INFO tailwindcss_oxide::scanner: Reading "C:\\My Web Sites\\Portfolio\\soliman.netlify.app\\static_backup\\assets\\js\\jquery.magnific-popup.min.js"
2026-02-08T04:49:02.572325Z  INFO tailwindcss_oxide::scanner: Reading "C:\\My Web Sites\\Portfolio\\soliman.netlify.app\\src\\app\\blog\\page.tsx"
2026-02-08T04:49:02.572342Z  INFO tailwindcss_oxide::scanner: Reading "C:\\My Web Sites\\Portfolio\\soliman.netlify.app\\static_backup\\assets\\js\\typed.min.js"
2026-02-08T04:49:02.572299Z  INFO tailwindcss_oxide::scanner: Reading "C:\\My Web Sites\\Portfolio\\soliman.netlify.app\\static_backup\\assets\\js\\parallax.min.js"
2026-02-08T04:49:02.572355Z  INFO tailwindcss_oxide::scanner: Reading "C:\\My Web Sites\\Portfolio\\soliman.netlify.app\\static_backup\\index_type_bg_fixed.html"
2026-02-08T04:49:02.572312Z  INFO tailwindcss_oxide::scanner: Reading "C:\\My Web Sites\\Portfolio\\soliman.netlify.app\\src\\app\\blog\\[slug]\\page.tsx"
2026-02-08T04:49:02.572381Z  INFO tailwindcss_oxide::scanner: Reading "C:\\My Web Sites\\Portfolio\\soliman.netlify.app\\static_backup\\index_static_bg_video.html"
2026-02-08T04:49:02.572087Z  INFO tailwindcss_oxide::scanner: Reading "C:\\My Web Sites\\Portfolio\\soliman.netlify.app\\src\\app\\api\\debug\\route.ts"
2026-02-08T04:49:02.572286Z  INFO tailwindcss_oxide::scanner: Reading "C:\\My Web Sites\\Portfolio\\soliman.netlify.app\\public\\assets\\js\\jquery.mb.YTPlayer.min.js"
2026-02-08T04:49:02.572445Z  INFO tailwindcss_oxide::scanner: Reading "C:\\My Web Sites\\Portfolio\\soliman.netlify.app\\src\\app\\page.tsx"
2026-02-08T04:49:02.572364Z  INFO tailwindcss_oxide::scanner: Reading "C:\\My Web Sites\\Portfolio\\soliman.netlify.app\\static_backup\\index.html"
2026-02-08T04:49:02.572390Z  INFO tailwindcss_oxide::scanner: Reading "C:\\My Web Sites\\Portfolio\\soliman.netlify.app\\static_backup\\index_static_particle.html"
2026-02-08T04:49:02.572505Z  INFO tailwindcss_oxide::scanner: Reading "C:\\My Web Sites\\Portfolio\\soliman.netlify.app\\test-schema.prisma"
2026-02-08T04:49:02.572445Z  INFO tailwindcss_oxide::scanner: Reading "C:\\My Web Sites\\Portfolio\\soliman.netlify.app\\src\\app\\layout.tsx"
2026-02-08T04:49:02.572447Z  INFO tailwindcss_oxide::scanner: Reading "C:\\My Web Sites\\Portfolio\\soliman.netlify.app\\static_backup\\assets\\js\\snap.svg-min.js"
2026-02-08T04:49:02.572228Z  INFO tailwindcss_oxide::scanner: Reading "C:\\My Web Sites\\Portfolio\\soliman.netlify.app\\public\\assets\\js\\jquery.fittext.js"
2026-02-08T04:49:02.572580Z  INFO tailwindcss_oxide::scanner: Reading "C:\\My Web Sites\\Portfolio\\soliman.netlify.app\\static_backup\\index_type.html"
2026-02-08T04:49:02.572477Z  INFO tailwindcss_oxide::scanner: Reading "C:\\My Web Sites\\Portfolio\\soliman.netlify.app\\static_backup\\index_type_bg_video.html"
2026-02-08T04:49:02.572394Z  INFO tailwindcss_oxide::scanner: Reading "C:\\My Web Sites\\Portfolio\\soliman.netlify.app\\static_backup\\assets\\js\\svgLoader.js"
2026-02-08T04:49:02.572513Z  INFO tailwindcss_oxide::scanner: Reading "C:\\My Web Sites\\Portfolio\\soliman.netlify.app\\tsconfig.json"
2026-02-08T04:49:02.572515Z  INFO tailwindcss_oxide::scanner: Reading "C:\\My Web Sites\\Portfolio\\soliman.netlify.app\\public\\assets\\js\\jquery.min.js"
2026-02-08T04:49:02.572517Z  INFO tailwindcss_oxide::scanner: Reading "C:\\My Web Sites\\Portfolio\\soliman.netlify.app\\static_backup\\index_static_svg_shape.html"
2026-02-08T04:49:02.572529Z  INFO tailwindcss_oxide::scanner: Reading "C:\\My Web Sites\\Portfolio\\soliman.netlify.app\\static_backup\\index_static.html"
2026-02-08T04:49:02.572568Z  INFO tailwindcss_oxide::scanner: Reading "C:\\My Web Sites\\Portfolio\\soliman.netlify.app\\static_backup\\index_type_particle.html"
2026-02-08T04:49:02.572486Z  INFO tailwindcss_oxide::scanner: Reading "C:\\My Web Sites\\Portfolio\\soliman.netlify.app\\static_backup\\index_type_svg_shape.html"
2026-02-08T04:49:02.573108Z  INFO extract_candidates:read_all_files: tailwindcss_oxide::scanner: exit
2026-02-08T04:49:02.573125Z  INFO extract_candidates:parse_all_blobs: tailwindcss_oxide::scanner: enter
2026-02-08T04:49:02.573148Z  INFO extract_candidates:parse_all_blobs:extract: tailwindcss_oxide::scanner: enter
2026-02-08T04:49:02.580332Z  INFO extract_candidates:parse_all_blobs:extract: tailwindcss_oxide::scanner: exit
2026-02-08T04:49:02.580646Z  INFO extract_candidates:parse_all_blobs: tailwindcss_oxide::scanner: exit
2026-02-08T04:49:02.580661Z  INFO extract_candidates:read_all_files: tailwindcss_oxide::scanner: enter
2026-02-08T04:49:02.580665Z  INFO extract_candidates:read_all_files: tailwindcss_oxide::scanner: Reading 21 file(s)
2026-02-08T04:49:02.581022Z  INFO tailwindcss_oxide::scanner: Reading "C:\\My Web Sites\\Portfolio\\soliman.netlify.app\\public\\assets\\css\\owl.carousel.min.css"
2026-02-08T04:49:02.581021Z  INFO tailwindcss_oxide::scanner: Reading "C:\\My Web Sites\\Portfolio\\soliman.netlify.app\\public\\assets\\css\\landing.css"
2026-02-08T04:49:02.581021Z  INFO tailwindcss_oxide::scanner: Reading "C:\\My Web Sites\\Portfolio\\soliman.netlify.app\\public\\assets\\css\\bg_fixed.css"
2026-02-08T04:49:02.581021Z  INFO tailwindcss_oxide::scanner: Reading "C:\\My Web Sites\\Portfolio\\soliman.netlify.app\\public\\assets\\css\\font-awesome.min.css"
2026-02-08T04:49:02.581038Z  INFO tailwindcss_oxide::scanner: Reading "C:\\My Web Sites\\Portfolio\\soliman.netlify.app\\public\\assets\\css\\style.css"
2026-02-08T04:49:02.581072Z  INFO tailwindcss_oxide::scanner: Reading "C:\\My Web Sites\\Portfolio\\soliman.netlify.app\\public\\assets\\css\\owl.theme.min.css"
2026-02-08T04:49:02.581046Z  INFO tailwindcss_oxide::scanner: Reading "C:\\My Web Sites\\Portfolio\\soliman.netlify.app\\static_backup\\assets\\css\\magnific-popup.css"
2026-02-08T04:49:02.581047Z  INFO tailwindcss_oxide::scanner: Reading "C:\\My Web Sites\\Portfolio\\soliman.netlify.app\\public\\assets\\css\\responsive.css"
2026-02-08T04:49:02.581139Z  INFO tailwindcss_oxide::scanner: Reading "C:\\My Web Sites\\Portfolio\\soliman.netlify.app\\public\\assets\\css\\bootstrap.css"
2026-02-08T04:49:02.581072Z  INFO tailwindcss_oxide::scanner: Reading "C:\\My Web Sites\\Portfolio\\soliman.netlify.app\\static_backup\\assets\\css\\bg_fixed.css"
2026-02-08T04:49:02.581023Z  INFO tailwindcss_oxide::scanner: Reading "C:\\My Web Sites\\Portfolio\\soliman.netlify.app\\static_backup\\assets\\css\\landing.css"
2026-02-08T04:49:02.581194Z  INFO tailwindcss_oxide::scanner: Reading "C:\\My Web Sites\\Portfolio\\soliman.netlify.app\\static_backup\\assets\\css\\font-awesome.min.css"
2026-02-08T04:49:02.581049Z  INFO tailwindcss_oxide::scanner: Reading "C:\\My Web Sites\\Portfolio\\soliman.netlify.app\\static_backup\\assets\\css\\owl.carousel.min.css"
2026-02-08T04:49:02.581216Z  INFO tailwindcss_oxide::scanner: Reading "C:\\My Web Sites\\Portfolio\\soliman.netlify.app\\static_backup\\assets\\css\\style.css"
2026-02-08T04:49:02.581047Z  INFO tailwindcss_oxide::scanner: Reading "C:\\My Web Sites\\Portfolio\\soliman.netlify.app\\public\\assets\\css\\animate.css"
2026-02-08T04:49:02.581059Z  INFO tailwindcss_oxide::scanner: Reading "C:\\My Web Sites\\Portfolio\\soliman.netlify.app\\src\\app\\globals.css"
2026-02-08T04:49:02.581161Z  INFO tailwindcss_oxide::scanner: Reading "C:\\My Web Sites\\Portfolio\\soliman.netlify.app\\static_backup\\assets\\css\\responsive.css"
2026-02-08T04:49:02.581136Z  INFO tailwindcss_oxide::scanner: Reading "C:\\My Web Sites\\Portfolio\\soliman.netlify.app\\public\\assets\\css\\magnific-popup.css"
2026-02-08T04:49:02.581037Z  INFO tailwindcss_oxide::scanner: Reading "C:\\My Web Sites\\Portfolio\\soliman.netlify.app\\static_backup\\assets\\css\\owl.theme.min.css"
2026-02-08T04:49:02.581241Z  INFO tailwindcss_oxide::scanner: Reading "C:\\My Web Sites\\Portfolio\\soliman.netlify.app\\static_backup\\assets\\css\\animate.css"
2026-02-08T04:49:02.581303Z  INFO tailwindcss_oxide::scanner: Reading "C:\\My Web Sites\\Portfolio\\soliman.netlify.app\\static_backup\\assets\\css\\bootstrap.css"
2026-02-08T04:49:02.581470Z  INFO extract_candidates:read_all_files: tailwindcss_oxide::scanner: exit
2026-02-08T04:49:02.581496Z  INFO extract_candidates:extract_css_variables: tailwindcss_oxide::scanner: enter
2026-02-08T04:49:02.581503Z  INFO extract_candidates:extract_css_variables:extract: tailwindcss_oxide::scanner: enter
2026-02-08T04:49:02.582202Z  INFO extract_candidates:extract_css_variables:extract: tailwindcss_oxide::scanner: exit
2026-02-08T04:49:02.582382Z  INFO extract_candidates:extract_css_variables: tailwindcss_oxide::scanner: exit
2026-02-08T04:49:02.586149Z  INFO extract_candidates: tailwindcss_oxide::scanner: exit
2026-02-08T04:49:02.587845Z  INFO get_files: tailwindcss_oxide::scanner: enter
2026-02-08T04:49:02.587860Z  INFO get_files:scan_sources: tailwindcss_oxide::scanner: enter
2026-02-08T04:49:02.589797Z  INFO get_files:scan_sources: tailwindcss_oxide::scanner: Discovering "C:\\My Web Sites\\Portfolio\\soliman.netlify.app\\prisma"
2026-02-08T04:49:02.590145Z  INFO get_files:scan_sources: tailwindcss_oxide::scanner: Discovering "C:\\My Web Sites\\Portfolio\\soliman.netlify.app\\public"
2026-02-08T04:49:02.590336Z  INFO get_files:scan_sources: tailwindcss_oxide::scanner: Discovering "C:\\My Web Sites\\Portfolio\\soliman.netlify.app\\public\\assets"
2026-02-08T04:49:02.590539Z  INFO get_files:scan_sources: tailwindcss_oxide::scanner: Discovering "C:\\My Web Sites\\Portfolio\\soliman.netlify.app\\public\\assets\\css"
2026-02-08T04:49:02.591180Z  INFO get_files:scan_sources: tailwindcss_oxide::scanner: Discovering "C:\\My Web Sites\\Portfolio\\soliman.netlify.app\\public\\assets\\fonts"
2026-02-08T04:49:02.591663Z  INFO get_files:scan_sources: tailwindcss_oxide::scanner: Discovering "C:\\My Web Sites\\Portfolio\\soliman.netlify.app\\public\\assets\\images"
2026-02-08T04:49:02.592041Z  INFO get_files:scan_sources: tailwindcss_oxide::scanner: Discovering "C:\\My Web Sites\\Portfolio\\soliman.netlify.app\\public\\assets\\images\\blog"
2026-02-08T04:49:02.592555Z  INFO get_files:scan_sources: tailwindcss_oxide::scanner: Discovering "C:\\My Web Sites\\Portfolio\\soliman.netlify.app\\public\\assets\\images\\landing"
2026-02-08T04:49:02.592887Z  INFO get_files:scan_sources: tailwindcss_oxide::scanner: Discovering "C:\\My Web Sites\\Portfolio\\soliman.netlify.app\\public\\assets\\images\\portfolio"
2026-02-08T04:49:02.593231Z  INFO get_files:scan_sources: tailwindcss_oxide::scanner: Discovering "C:\\My Web Sites\\Portfolio\\soliman.netlify.app\\public\\assets\\images\\testimonials"
2026-02-08T04:49:02.593803Z  INFO get_files:scan_sources: tailwindcss_oxide::scanner: Discovering "C:\\My Web Sites\\Portfolio\\soliman.netlify.app\\public\\assets\\js"
2026-02-08T04:49:02.595772Z  INFO get_files:scan_sources: tailwindcss_oxide::scanner: Discovering "C:\\My Web Sites\\Portfolio\\soliman.netlify.app\\src"
2026-02-08T04:49:02.595956Z  INFO get_files:scan_sources: tailwindcss_oxide::scanner: Discovering "C:\\My Web Sites\\Portfolio\\soliman.netlify.app\\src\\app"
2026-02-08T04:49:02.596146Z  INFO get_files:scan_sources: tailwindcss_oxide::scanner: Discovering "C:\\My Web Sites\\Portfolio\\soliman.netlify.app\\src\\app\\admin"
2026-02-08T04:49:02.596313Z  INFO get_files:scan_sources: tailwindcss_oxide::scanner: Discovering "C:\\My Web Sites\\Portfolio\\soliman.netlify.app\\src\\app\\admin\\login"
2026-02-08T04:49:02.596595Z  INFO get_files:scan_sources: tailwindcss_oxide::scanner: Discovering "C:\\My Web Sites\\Portfolio\\soliman.netlify.app\\src\\app\\api"
2026-02-08T04:49:02.596772Z  INFO get_files:scan_sources: tailwindcss_oxide::scanner: Discovering "C:\\My Web Sites\\Portfolio\\soliman.netlify.app\\src\\app\\api\\admin"
2026-02-08T04:49:02.596964Z  INFO get_files:scan_sources: tailwindcss_oxide::scanner: Discovering "C:\\My Web Sites\\Portfolio\\soliman.netlify.app\\src\\app\\api\\admin\\posts"
2026-02-08T04:49:02.597211Z  INFO get_files:scan_sources: tailwindcss_oxide::scanner: Discovering "C:\\My Web Sites\\Portfolio\\soliman.netlify.app\\src\\app\\api\\auth"
2026-02-08T04:49:02.597377Z  INFO get_files:scan_sources: tailwindcss_oxide::scanner: Discovering "C:\\My Web Sites\\Portfolio\\soliman.netlify.app\\src\\app\\api\\auth\\login"
2026-02-08T04:49:02.597635Z  INFO get_files:scan_sources: tailwindcss_oxide::scanner: Discovering "C:\\My Web Sites\\Portfolio\\soliman.netlify.app\\src\\app\\api\\debug"
2026-02-08T04:49:02.597890Z  INFO get_files:scan_sources: tailwindcss_oxide::scanner: Discovering "C:\\My Web Sites\\Portfolio\\soliman.netlify.app\\src\\app\\blog"
2026-02-08T04:49:02.598112Z  INFO get_files:scan_sources: tailwindcss_oxide::scanner: Discovering "C:\\My Web Sites\\Portfolio\\soliman.netlify.app\\src\\app\\blog\\[slug]"
2026-02-08T04:49:02.598510Z  INFO get_files:scan_sources: tailwindcss_oxide::scanner: Discovering "C:\\My Web Sites\\Portfolio\\soliman.netlify.app\\src\\components"
2026-02-08T04:49:02.598828Z  INFO get_files:scan_sources: tailwindcss_oxide::scanner: Discovering "C:\\My Web Sites\\Portfolio\\soliman.netlify.app\\src\\data"
2026-02-08T04:49:02.599086Z  INFO get_files:scan_sources: tailwindcss_oxide::scanner: Discovering "C:\\My Web Sites\\Portfolio\\soliman.netlify.app\\src\\lib"
2026-02-08T04:49:02.599611Z  INFO get_files:scan_sources: tailwindcss_oxide::scanner: Discovering "C:\\My Web Sites\\Portfolio\\soliman.netlify.app\\src\\scripts"
2026-02-08T04:49:02.599980Z  INFO get_files:scan_sources: tailwindcss_oxide::scanner: Discovering "C:\\My Web Sites\\Portfolio\\soliman.netlify.app\\src\\types"
2026-02-08T04:49:02.600449Z  INFO get_files:scan_sources: tailwindcss_oxide::scanner: Discovering "C:\\My Web Sites\\Portfolio\\soliman.netlify.app\\static_backup"
2026-02-08T04:49:02.600683Z  INFO get_files:scan_sources: tailwindcss_oxide::scanner: Discovering "C:\\My Web Sites\\Portfolio\\soliman.netlify.app\\static_backup\\assets"
2026-02-08T04:49:02.600991Z  INFO get_files:scan_sources: tailwindcss_oxide::scanner: Discovering "C:\\My Web Sites\\Portfolio\\soliman.netlify.app\\static_backup\\assets\\css"
2026-02-08T04:49:02.602000Z  INFO get_files:scan_sources: tailwindcss_oxide::scanner: Discovering "C:\\My Web Sites\\Portfolio\\soliman.netlify.app\\static_backup\\assets\\fonts"
2026-02-08T04:49:02.602419Z  INFO get_files:scan_sources: tailwindcss_oxide::scanner: Discovering "C:\\My Web Sites\\Portfolio\\soliman.netlify.app\\static_backup\\assets\\images"
2026-02-08T04:49:02.602609Z  INFO get_files:scan_sources: tailwindcss_oxide::scanner: Discovering "C:\\My Web Sites\\Portfolio\\soliman.netlify.app\\static_backup\\assets\\images\\blog"
2026-02-08T04:49:02.602853Z  INFO get_files:scan_sources: tailwindcss_oxide::scanner: Discovering "C:\\My Web Sites\\Portfolio\\soliman.netlify.app\\static_backup\\assets\\images\\landing"
2026-02-08T04:49:02.603097Z  INFO get_files:scan_sources: tailwindcss_oxide::scanner: Discovering "C:\\My Web Sites\\Portfolio\\soliman.netlify.app\\static_backup\\assets\\images\\portfolio"
2026-02-08T04:49:02.603351Z  INFO get_files:scan_sources: tailwindcss_oxide::scanner: Discovering "C:\\My Web Sites\\Portfolio\\soliman.netlify.app\\static_backup\\assets\\images\\testimonials"
2026-02-08T04:49:02.603591Z  INFO get_files:scan_sources: tailwindcss_oxide::scanner: Discovering "C:\\My Web Sites\\Portfolio\\soliman.netlify.app\\static_backup\\assets\\js"
2026-02-08T04:49:02.604842Z  INFO get_files:scan_sources: tailwindcss_oxide::scanner: exit
2026-02-08T04:49:02.605067Z  INFO get_files: tailwindcss_oxide::scanner: exit
2026-02-08T04:49:02.605879Z  INFO get_globs: tailwindcss_oxide::scanner: enter
2026-02-08T04:49:02.605890Z  INFO get_globs:scan_sources: tailwindcss_oxide::scanner: enter
2026-02-08T04:49:02.607543Z  INFO get_globs:scan_sources: tailwindcss_oxide::scanner: Discovering "C:\\My Web Sites\\Portfolio\\soliman.netlify.app\\prisma"
2026-02-08T04:49:02.607859Z  INFO get_globs:scan_sources: tailwindcss_oxide::scanner: Discovering "C:\\My Web Sites\\Portfolio\\soliman.netlify.app\\public"
2026-02-08T04:49:02.608028Z  INFO get_globs:scan_sources: tailwindcss_oxide::scanner: Discovering "C:\\My Web Sites\\Portfolio\\soliman.netlify.app\\public\\assets"
2026-02-08T04:49:02.608316Z  INFO get_globs:scan_sources: tailwindcss_oxide::scanner: Discovering "C:\\My Web Sites\\Portfolio\\soliman.netlify.app\\public\\assets\\css"
2026-02-08T04:49:02.609513Z  INFO get_globs:scan_sources: tailwindcss_oxide::scanner: Discovering "C:\\My Web Sites\\Portfolio\\soliman.netlify.app\\public\\assets\\fonts"
2026-02-08T04:49:02.610034Z  INFO get_globs:scan_sources: tailwindcss_oxide::scanner: Discovering "C:\\My Web Sites\\Portfolio\\soliman.netlify.app\\public\\assets\\images"
2026-02-08T04:49:02.610284Z  INFO get_globs:scan_sources: tailwindcss_oxide::scanner: Discovering "C:\\My Web Sites\\Portfolio\\soliman.netlify.app\\public\\assets\\images\\blog"
2026-02-08T04:49:02.610540Z  INFO get_globs:scan_sources: tailwindcss_oxide::scanner: Discovering "C:\\My Web Sites\\Portfolio\\soliman.netlify.app\\public\\assets\\images\\landing"
2026-02-08T04:49:02.610899Z  INFO get_globs:scan_sources: tailwindcss_oxide::scanner: Discovering "C:\\My Web Sites\\Portfolio\\soliman.netlify.app\\public\\assets\\images\\portfolio"
2026-02-08T04:49:02.611330Z  INFO get_globs:scan_sources: tailwindcss_oxide::scanner: Discovering "C:\\My Web Sites\\Portfolio\\soliman.netlify.app\\public\\assets\\images\\testimonials"
2026-02-08T04:49:02.611565Z  INFO get_globs:scan_sources: tailwindcss_oxide::scanner: Discovering "C:\\My Web Sites\\Portfolio\\soliman.netlify.app\\public\\assets\\js"
2026-02-08T04:49:02.612884Z  INFO get_globs:scan_sources: tailwindcss_oxide::scanner: Discovering "C:\\My Web Sites\\Portfolio\\soliman.netlify.app\\src"
2026-02-08T04:49:02.613112Z  INFO get_globs:scan_sources: tailwindcss_oxide::scanner: Discovering "C:\\My Web Sites\\Portfolio\\soliman.netlify.app\\src\\app"
2026-02-08T04:49:02.613325Z  INFO get_globs:scan_sources: tailwindcss_oxide::scanner: Discovering "C:\\My Web Sites\\Portfolio\\soliman.netlify.app\\src\\app\\admin"
2026-02-08T04:49:02.613580Z  INFO get_globs:scan_sources: tailwindcss_oxide::scanner: Discovering "C:\\My Web Sites\\Portfolio\\soliman.netlify.app\\src\\app\\admin\\login"
2026-02-08T04:49:02.614025Z  INFO get_globs:scan_sources: tailwindcss_oxide::scanner: Discovering "C:\\My Web Sites\\Portfolio\\soliman.netlify.app\\src\\app\\api"
2026-02-08T04:49:02.614232Z  INFO get_globs:scan_sources: tailwindcss_oxide::scanner: Discovering "C:\\My Web Sites\\Portfolio\\soliman.netlify.app\\src\\app\\api\\admin"
2026-02-08T04:49:02.614414Z  INFO get_globs:scan_sources: tailwindcss_oxide::scanner: Discovering "C:\\My Web Sites\\Portfolio\\soliman.netlify.app\\src\\app\\api\\admin\\posts"
2026-02-08T04:49:02.614649Z  INFO get_globs:scan_sources: tailwindcss_oxide::scanner: Discovering "C:\\My Web Sites\\Portfolio\\soliman.netlify.app\\src\\app\\api\\auth"
2026-02-08T04:49:02.614819Z  INFO get_globs:scan_sources: tailwindcss_oxide::scanner: Discovering "C:\\My Web Sites\\Portfolio\\soliman.netlify.app\\src\\app\\api\\auth\\login"
2026-02-08T04:49:02.615052Z  INFO get_globs:scan_sources: tailwindcss_oxide::scanner: Discovering "C:\\My Web Sites\\Portfolio\\soliman.netlify.app\\src\\app\\api\\debug"
2026-02-08T04:49:02.615291Z  INFO get_globs:scan_sources: tailwindcss_oxide::scanner: Discovering "C:\\My Web Sites\\Portfolio\\soliman.netlify.app\\src\\app\\blog"
2026-02-08T04:49:02.615499Z  INFO get_globs:scan_sources: tailwindcss_oxide::scanner: Discovering "C:\\My Web Sites\\Portfolio\\soliman.netlify.app\\src\\app\\blog\\[slug]"
2026-02-08T04:49:02.615867Z  INFO get_globs:scan_sources: tailwindcss_oxide::scanner: Discovering "C:\\My Web Sites\\Portfolio\\soliman.netlify.app\\src\\components"
2026-02-08T04:49:02.616156Z  INFO get_globs:scan_sources: tailwindcss_oxide::scanner: Discovering "C:\\My Web Sites\\Portfolio\\soliman.netlify.app\\src\\data"
2026-02-08T04:49:02.616373Z  INFO get_globs:scan_sources: tailwindcss_oxide::scanner: Discovering "C:\\My Web Sites\\Portfolio\\soliman.netlify.app\\src\\lib"
2026-02-08T04:49:02.616655Z  INFO get_globs:scan_sources: tailwindcss_oxide::scanner: Discovering "C:\\My Web Sites\\Portfolio\\soliman.netlify.app\\src\\scripts"
2026-02-08T04:49:02.616928Z  INFO get_globs:scan_sources: tailwindcss_oxide::scanner: Discovering "C:\\My Web Sites\\Portfolio\\soliman.netlify.app\\src\\types"
2026-02-08T04:49:02.617288Z  INFO get_globs:scan_sources: tailwindcss_oxide::scanner: Discovering "C:\\My Web Sites\\Portfolio\\soliman.netlify.app\\static_backup"
2026-02-08T04:49:02.617541Z  INFO get_globs:scan_sources: tailwindcss_oxide::scanner: Discovering "C:\\My Web Sites\\Portfolio\\soliman.netlify.app\\static_backup\\assets"
2026-02-08T04:49:02.617760Z  INFO get_globs:scan_sources: tailwindcss_oxide::scanner: Discovering "C:\\My Web Sites\\Portfolio\\soliman.netlify.app\\static_backup\\assets\\css"
2026-02-08T04:49:02.618742Z  INFO get_globs:scan_sources: tailwindcss_oxide::scanner: Discovering "C:\\My Web Sites\\Portfolio\\soliman.netlify.app\\static_backup\\assets\\fonts"
2026-02-08T04:49:02.619058Z  INFO get_globs:scan_sources: tailwindcss_oxide::scanner: Discovering "C:\\My Web Sites\\Portfolio\\soliman.netlify.app\\static_backup\\assets\\images"
2026-02-08T04:49:02.619255Z  INFO get_globs:scan_sources: tailwindcss_oxide::scanner: Discovering "C:\\My Web Sites\\Portfolio\\soliman.netlify.app\\static_backup\\assets\\images\\blog"
2026-02-08T04:49:02.619473Z  INFO get_globs:scan_sources: tailwindcss_oxide::scanner: Discovering "C:\\My Web Sites\\Portfolio\\soliman.netlify.app\\static_backup\\assets\\images\\landing"
2026-02-08T04:49:02.619716Z  INFO get_globs:scan_sources: tailwindcss_oxide::scanner: Discovering "C:\\My Web Sites\\Portfolio\\soliman.netlify.app\\static_backup\\assets\\images\\portfolio"
2026-02-08T04:49:02.619951Z  INFO get_globs:scan_sources: tailwindcss_oxide::scanner: Discovering "C:\\My Web Sites\\Portfolio\\soliman.netlify.app\\static_backup\\assets\\images\\testimonials"
2026-02-08T04:49:02.620188Z  INFO get_globs:scan_sources: tailwindcss_oxide::scanner: Discovering "C:\\My Web Sites\\Portfolio\\soliman.netlify.app\\static_backup\\assets\\js"
2026-02-08T04:49:02.621423Z  INFO get_globs:scan_sources: tailwindcss_oxide::scanner: exit
2026-02-08T04:49:02.635375Z  INFO get_globs: tailwindcss_oxide::scanner: exit
