2026-02-08T04:49:40.712482Z  INFO tailwindcss_oxide::scanner: Provided sources:
2026-02-08T04:49:40.712613Z  INFO tailwindcss_oxide::scanner: Source: PublicSourceEntry { base: "C:\\My Web Sites\\Portfolio\\soliman.netlify.app", pattern: "**/*", negated: false }
2026-02-08T04:49:40.712768Z  INFO tailwindcss_oxide::scanner: Optimized sources:
2026-02-08T04:49:40.712787Z  INFO tailwindcss_oxide::scanner: Source: Auto { base: "C:\\My Web Sites\\Portfolio\\soliman.netlify.app" }
2026-02-08T04:49:40.714446Z  INFO scan_sources: tailwindcss_oxide::scanner: enter
2026-02-08T04:49:40.716067Z  INFO scan_sources: tailwindcss_oxide::scanner: Discovering "C:\\My Web Sites\\Portfolio\\soliman.netlify.app\\eslint.config.mjs"
2026-02-08T04:49:40.716456Z  INFO scan_sources: tailwindcss_oxide::scanner: Discovering "C:\\My Web Sites\\Portfolio\\soliman.netlify.app\\next.config.ts"
2026-02-08T04:49:40.717897Z  INFO scan_sources: tailwindcss_oxide::scanner: Discovering "C:\\My Web Sites\\Portfolio\\soliman.netlify.app\\package.json"
2026-02-08T04:49:40.718111Z  INFO scan_sources: tailwindcss_oxide::scanner: Discovering "C:\\My Web Sites\\Portfolio\\soliman.netlify.app\\postcss.config.mjs"
2026-02-08T04:49:40.718394Z  INFO scan_sources: tailwindcss_oxide::scanner: Discovering "C:\\My Web Sites\\Portfolio\\soliman.netlify.app\\prisma"
2026-02-08T04:49:40.718786Z  INFO scan_sources: tailwindcss_oxide::scanner: Discovering "C:\\My Web Sites\\Portfolio\\soliman.netlify.app\\prisma\\schema.prisma"
2026-02-08T04:49:40.718931Z  INFO scan_sources: tailwindcss_oxide::scanner: Discovering "C:\\My Web Sites\\Portfolio\\soliman.netlify.app\\prisma-error.txt"
2026-02-08T04:49:40.719032Z  INFO scan_sources: tailwindcss_oxide::scanner: Discovering "C:\\My Web Sites\\Portfolio\\soliman.netlify.app\\prisma.config.ts.backup"
2026-02-08T04:49:40.719188Z  INFO scan_sources: tailwindcss_oxide::scanner: Discovering "C:\\My Web Sites\\Portfolio\\soliman.netlify.app\\public"
2026-02-08T04:49:40.719379Z  INFO scan_sources: tailwindcss_oxide::scanner: Discovering "C:\\My Web Sites\\Portfolio\\soliman.netlify.app\\public\\assets"
2026-02-08T04:49:40.719572Z  INFO scan_sources: tailwindcss_oxide::scanner: Discovering "C:\\My Web Sites\\Portfolio\\soliman.netlify.app\\public\\assets\\css"
2026-02-08T04:49:40.719724Z  INFO scan_sources: tailwindcss_oxide::scanner: Discovering "C:\\My Web Sites\\Portfolio\\soliman.netlify.app\\public\\assets\\css\\AjaxLoader.html"
2026-02-08T04:49:40.719798Z  INFO scan_sources: tailwindcss_oxide::scanner: Discovering "C:\\My Web Sites\\Portfolio\\soliman.netlify.app\\public\\assets\\css\\animate.css"
2026-02-08T04:49:40.720020Z  INFO scan_sources: tailwindcss_oxide::scanner: Discovering "C:\\My Web Sites\\Portfolio\\soliman.netlify.app\\public\\assets\\css\\bg_fixed.css"
2026-02-08T04:49:40.720094Z  INFO scan_sources: tailwindcss_oxide::scanner: Discovering "C:\\My Web Sites\\Portfolio\\soliman.netlify.app\\public\\assets\\css\\bootstrap.css"
2026-02-08T04:49:40.720182Z  INFO scan_sources: tailwindcss_oxide::scanner: Discovering "C:\\My Web Sites\\Portfolio\\soliman.netlify.app\\public\\assets\\css\\font-awesome.min.css"
2026-02-08T04:49:40.720247Z  INFO scan_sources: tailwindcss_oxide::scanner: Discovering "C:\\My Web Sites\\Portfolio\\soliman.netlify.app\\public\\assets\\css\\grabbing.html"
2026-02-08T04:49:40.720312Z  INFO scan_sources: tailwindcss_oxide::scanner: Discovering "C:\\My Web Sites\\Portfolio\\soliman.netlify.app\\public\\assets\\css\\landing.css"
2026-02-08T04:49:40.720380Z  INFO scan_sources: tailwindcss_oxide::scanner: Discovering "C:\\My Web Sites\\Portfolio\\soliman.netlify.app\\public\\assets\\css\\magnific-popup.css"
2026-02-08T04:49:40.720445Z  INFO scan_sources: tailwindcss_oxide::scanner: Discovering "C:\\My Web Sites\\Portfolio\\soliman.netlify.app\\public\\assets\\css\\owl.carousel.min.css"
2026-02-08T04:49:40.720528Z  INFO scan_sources: tailwindcss_oxide::scanner: Discovering "C:\\My Web Sites\\Portfolio\\soliman.netlify.app\\public\\assets\\css\\owl.theme.min.css"
2026-02-08T04:49:40.720591Z  INFO scan_sources: tailwindcss_oxide::scanner: Discovering "C:\\My Web Sites\\Portfolio\\soliman.netlify.app\\public\\assets\\css\\responsive.css"
2026-02-08T04:49:40.720694Z  INFO scan_sources: tailwindcss_oxide::scanner: Discovering "C:\\My Web Sites\\Portfolio\\soliman.netlify.app\\public\\assets\\css\\style.css"
2026-02-08T04:49:40.720832Z  INFO scan_sources: tailwindcss_oxide::scanner: Discovering "C:\\My Web Sites\\Portfolio\\soliman.netlify.app\\public\\assets\\fonts"
2026-02-08T04:49:40.720985Z  INFO scan_sources: tailwindcss_oxide::scanner: Discovering "C:\\My Web Sites\\Portfolio\\soliman.netlify.app\\public\\assets\\fonts\\fontawesome-webfont5b62.svg"
2026-02-08T04:49:40.721069Z  INFO scan_sources: tailwindcss_oxide::scanner: Discovering "C:\\My Web Sites\\Portfolio\\soliman.netlify.app\\public\\assets\\fonts\\glyphicons-halflings-regular.svg"
2026-02-08T04:49:40.721226Z  INFO scan_sources: tailwindcss_oxide::scanner: Discovering "C:\\My Web Sites\\Portfolio\\soliman.netlify.app\\public\\assets\\images"
2026-02-08T04:49:40.721414Z  INFO scan_sources: tailwindcss_oxide::scanner: Discovering "C:\\My Web Sites\\Portfolio\\soliman.netlify.app\\public\\assets\\images\\blog"
2026-02-08T04:49:40.721629Z  INFO scan_sources: tailwindcss_oxide::scanner: Discovering "C:\\My Web Sites\\Portfolio\\soliman.netlify.app\\public\\assets\\images\\landing"
2026-02-08T04:49:40.721853Z  INFO scan_sources: tailwindcss_oxide::scanner: Discovering "C:\\My Web Sites\\Portfolio\\soliman.netlify.app\\public\\assets\\images\\portfolio"
2026-02-08T04:49:40.722076Z  INFO scan_sources: tailwindcss_oxide::scanner: Discovering "C:\\My Web Sites\\Portfolio\\soliman.netlify.app\\public\\assets\\images\\testimonials"
2026-02-08T04:49:40.722304Z  INFO scan_sources: tailwindcss_oxide::scanner: Discovering "C:\\My Web Sites\\Portfolio\\soliman.netlify.app\\public\\assets\\js"
2026-02-08T04:49:40.722438Z  INFO scan_sources: tailwindcss_oxide::scanner: Discovering "C:\\My Web Sites\\Portfolio\\soliman.netlify.app\\public\\assets\\js\\animate-skills.js"
2026-02-08T04:49:40.722502Z  INFO scan_sources: tailwindcss_oxide::scanner: Discovering "C:\\My Web Sites\\Portfolio\\soliman.netlify.app\\public\\assets\\js\\app.js"
2026-02-08T04:49:40.722565Z  INFO scan_sources: tailwindcss_oxide::scanner: Discovering "C:\\My Web Sites\\Portfolio\\soliman.netlify.app\\public\\assets\\js\\bootstrap.min.js"
2026-02-08T04:49:40.722627Z  INFO scan_sources: tailwindcss_oxide::scanner: Discovering "C:\\My Web Sites\\Portfolio\\soliman.netlify.app\\public\\assets\\js\\classie.js"
2026-02-08T04:49:40.722689Z  INFO scan_sources: tailwindcss_oxide::scanner: Discovering "C:\\My Web Sites\\Portfolio\\soliman.netlify.app\\public\\assets\\js\\custom.js"
2026-02-08T04:49:40.722752Z  INFO scan_sources: tailwindcss_oxide::scanner: Discovering "C:\\My Web Sites\\Portfolio\\soliman.netlify.app\\public\\assets\\js\\isotope.pkgd.min.js"
2026-02-08T04:49:40.722819Z  INFO scan_sources: tailwindcss_oxide::scanner: Discovering "C:\\My Web Sites\\Portfolio\\soliman.netlify.app\\public\\assets\\js\\jquery.fittext.js"
2026-02-08T04:49:40.722886Z  INFO scan_sources: tailwindcss_oxide::scanner: Discovering "C:\\My Web Sites\\Portfolio\\soliman.netlify.app\\public\\assets\\js\\jquery.magnific-popup.min.js"
2026-02-08T04:49:40.722950Z  INFO scan_sources: tailwindcss_oxide::scanner: Discovering "C:\\My Web Sites\\Portfolio\\soliman.netlify.app\\public\\assets\\js\\jquery.mb.YTPlayer.min.js"
2026-02-08T04:49:40.723011Z  INFO scan_sources: tailwindcss_oxide::scanner: Discovering "C:\\My Web Sites\\Portfolio\\soliman.netlify.app\\public\\assets\\js\\jquery.min.js"
2026-02-08T04:49:40.723072Z  INFO scan_sources: tailwindcss_oxide::scanner: Discovering "C:\\My Web Sites\\Portfolio\\soliman.netlify.app\\public\\assets\\js\\landing.js"
2026-02-08T04:49:40.723134Z  INFO scan_sources: tailwindcss_oxide::scanner: Discovering "C:\\My Web Sites\\Portfolio\\soliman.netlify.app\\public\\assets\\js\\owl.carousel.min.js"
2026-02-08T04:49:40.723203Z  INFO scan_sources: tailwindcss_oxide::scanner: Discovering "C:\\My Web Sites\\Portfolio\\soliman.netlify.app\\public\\assets\\js\\parallax.min.js"
2026-02-08T04:49:40.723293Z  INFO scan_sources: tailwindcss_oxide::scanner: Discovering "C:\\My Web Sites\\Portfolio\\soliman.netlify.app\\public\\assets\\js\\particles.min.js"
2026-02-08T04:49:40.723356Z  INFO scan_sources: tailwindcss_oxide::scanner: Discovering "C:\\My Web Sites\\Portfolio\\soliman.netlify.app\\public\\assets\\js\\snap.svg-min.js"
2026-02-08T04:49:40.723418Z  INFO scan_sources: tailwindcss_oxide::scanner: Discovering "C:\\My Web Sites\\Portfolio\\soliman.netlify.app\\public\\assets\\js\\svgLoader.js"
2026-02-08T04:49:40.723479Z  INFO scan_sources: tailwindcss_oxide::scanner: Discovering "C:\\My Web Sites\\Portfolio\\soliman.netlify.app\\public\\assets\\js\\typed.min.js"
2026-02-08T04:49:40.723579Z  INFO scan_sources: tailwindcss_oxide::scanner: Discovering "C:\\My Web Sites\\Portfolio\\soliman.netlify.app\\public\\file.svg"
2026-02-08T04:49:40.723640Z  INFO scan_sources: tailwindcss_oxide::scanner: Discovering "C:\\My Web Sites\\Portfolio\\soliman.netlify.app\\public\\globe.svg"
2026-02-08T04:49:40.723703Z  INFO scan_sources: tailwindcss_oxide::scanner: Discovering "C:\\My Web Sites\\Portfolio\\soliman.netlify.app\\public\\next.svg"
2026-02-08T04:49:40.723774Z  INFO scan_sources: tailwindcss_oxide::scanner: Discovering "C:\\My Web Sites\\Portfolio\\soliman.netlify.app\\public\\vercel.svg"
2026-02-08T04:49:40.723836Z  INFO scan_sources: tailwindcss_oxide::scanner: Discovering "C:\\My Web Sites\\Portfolio\\soliman.netlify.app\\public\\window.svg"
2026-02-08T04:49:40.723925Z  INFO scan_sources: tailwindcss_oxide::scanner: Discovering "C:\\My Web Sites\\Portfolio\\soliman.netlify.app\\README.md"
2026-02-08T04:49:40.724030Z  INFO scan_sources: tailwindcss_oxide::scanner: Discovering "C:\\My Web Sites\\Portfolio\\soliman.netlify.app\\src"
2026-02-08T04:49:40.724207Z  INFO scan_sources: tailwindcss_oxide::scanner: Discovering "C:\\My Web Sites\\Portfolio\\soliman.netlify.app\\src\\app"
2026-02-08T04:49:40.724372Z  INFO scan_sources: tailwindcss_oxide::scanner: Discovering "C:\\My Web Sites\\Portfolio\\soliman.netlify.app\\src\\app\\admin"
2026-02-08T04:49:40.724534Z  INFO scan_sources: tailwindcss_oxide::scanner: Discovering "C:\\My Web Sites\\Portfolio\\soliman.netlify.app\\src\\app\\admin\\login"
2026-02-08T04:49:40.724669Z  INFO scan_sources: tailwindcss_oxide::scanner: Discovering "C:\\My Web Sites\\Portfolio\\soliman.netlify.app\\src\\app\\admin\\login\\page.tsx"
2026-02-08T04:49:40.724804Z  INFO scan_sources: tailwindcss_oxide::scanner: Discovering "C:\\My Web Sites\\Portfolio\\soliman.netlify.app\\src\\app\\admin\\page.tsx"
2026-02-08T04:49:40.725027Z  INFO scan_sources: tailwindcss_oxide::scanner: Discovering "C:\\My Web Sites\\Portfolio\\soliman.netlify.app\\src\\app\\api"
2026-02-08T04:49:40.725296Z  INFO scan_sources: tailwindcss_oxide::scanner: Discovering "C:\\My Web Sites\\Portfolio\\soliman.netlify.app\\src\\app\\api\\admin"
2026-02-08T04:49:40.725560Z  INFO scan_sources: tailwindcss_oxide::scanner: Discovering "C:\\My Web Sites\\Portfolio\\soliman.netlify.app\\src\\app\\api\\admin\\posts"
2026-02-08T04:49:40.725755Z  INFO scan_sources: tailwindcss_oxide::scanner: Discovering "C:\\My Web Sites\\Portfolio\\soliman.netlify.app\\src\\app\\api\\admin\\posts\\route.ts"
2026-02-08T04:49:40.725910Z  INFO scan_sources: tailwindcss_oxide::scanner: Discovering "C:\\My Web Sites\\Portfolio\\soliman.netlify.app\\src\\app\\api\\auth"
2026-02-08T04:49:40.726087Z  INFO scan_sources: tailwindcss_oxide::scanner: Discovering "C:\\My Web Sites\\Portfolio\\soliman.netlify.app\\src\\app\\api\\auth\\login"
2026-02-08T04:49:40.726361Z  INFO scan_sources: tailwindcss_oxide::scanner: Discovering "C:\\My Web Sites\\Portfolio\\soliman.netlify.app\\src\\app\\api\\auth\\login\\route.ts"
2026-02-08T04:49:40.726611Z  INFO scan_sources: tailwindcss_oxide::scanner: Discovering "C:\\My Web Sites\\Portfolio\\soliman.netlify.app\\src\\app\\api\\debug"
2026-02-08T04:49:40.726784Z  INFO scan_sources: tailwindcss_oxide::scanner: Discovering "C:\\My Web Sites\\Portfolio\\soliman.netlify.app\\src\\app\\api\\debug\\route.ts"
2026-02-08T04:49:40.726956Z  INFO scan_sources: tailwindcss_oxide::scanner: Discovering "C:\\My Web Sites\\Portfolio\\soliman.netlify.app\\src\\app\\blog"
2026-02-08T04:49:40.727098Z  INFO scan_sources: tailwindcss_oxide::scanner: Discovering "C:\\My Web Sites\\Portfolio\\soliman.netlify.app\\src\\app\\blog\\page.tsx"
2026-02-08T04:49:40.727225Z  INFO scan_sources: tailwindcss_oxide::scanner: Discovering "C:\\My Web Sites\\Portfolio\\soliman.netlify.app\\src\\app\\blog\\[slug]"
2026-02-08T04:49:40.727372Z  INFO scan_sources: tailwindcss_oxide::scanner: Discovering "C:\\My Web Sites\\Portfolio\\soliman.netlify.app\\src\\app\\blog\\[slug]\\page.tsx"
2026-02-08T04:49:40.727543Z  INFO scan_sources: tailwindcss_oxide::scanner: Discovering "C:\\My Web Sites\\Portfolio\\soliman.netlify.app\\src\\app\\globals.css"
2026-02-08T04:49:40.727639Z  INFO scan_sources: tailwindcss_oxide::scanner: Discovering "C:\\My Web Sites\\Portfolio\\soliman.netlify.app\\src\\app\\layout.tsx"
2026-02-08T04:49:40.727723Z  INFO scan_sources: tailwindcss_oxide::scanner: Discovering "C:\\My Web Sites\\Portfolio\\soliman.netlify.app\\src\\app\\page.tsx"
2026-02-08T04:49:40.727910Z  INFO scan_sources: tailwindcss_oxide::scanner: Discovering "C:\\My Web Sites\\Portfolio\\soliman.netlify.app\\src\\components"
2026-02-08T04:49:40.728110Z  INFO scan_sources: tailwindcss_oxide::scanner: Discovering "C:\\My Web Sites\\Portfolio\\soliman.netlify.app\\src\\components\\Hero.tsx"
2026-02-08T04:49:40.728186Z  INFO scan_sources: tailwindcss_oxide::scanner: Discovering "C:\\My Web Sites\\Portfolio\\soliman.netlify.app\\src\\components\\Navbar.tsx"
2026-02-08T04:49:40.728295Z  INFO scan_sources: tailwindcss_oxide::scanner: Discovering "C:\\My Web Sites\\Portfolio\\soliman.netlify.app\\src\\components\\Skills.tsx"
2026-02-08T04:49:40.728442Z  INFO scan_sources: tailwindcss_oxide::scanner: Discovering "C:\\My Web Sites\\Portfolio\\soliman.netlify.app\\src\\data"
2026-02-08T04:49:40.728599Z  INFO scan_sources: tailwindcss_oxide::scanner: Discovering "C:\\My Web Sites\\Portfolio\\soliman.netlify.app\\src\\data\\posts.json"
2026-02-08T04:49:40.728744Z  INFO scan_sources: tailwindcss_oxide::scanner: Discovering "C:\\My Web Sites\\Portfolio\\soliman.netlify.app\\src\\lib"
2026-02-08T04:49:40.728876Z  INFO scan_sources: tailwindcss_oxide::scanner: Discovering "C:\\My Web Sites\\Portfolio\\soliman.netlify.app\\src\\lib\\posts.ts"
2026-02-08T04:49:40.728954Z  INFO scan_sources: tailwindcss_oxide::scanner: Discovering "C:\\My Web Sites\\Portfolio\\soliman.netlify.app\\src\\lib\\prisma.ts"
2026-02-08T04:49:40.729045Z  INFO scan_sources: tailwindcss_oxide::scanner: Discovering "C:\\My Web Sites\\Portfolio\\soliman.netlify.app\\src\\middleware.ts"
2026-02-08T04:49:40.729151Z  INFO scan_sources: tailwindcss_oxide::scanner: Discovering "C:\\My Web Sites\\Portfolio\\soliman.netlify.app\\src\\scripts"
2026-02-08T04:49:40.729281Z  INFO scan_sources: tailwindcss_oxide::scanner: Discovering "C:\\My Web Sites\\Portfolio\\soliman.netlify.app\\src\\scripts\\test-db.ts"
2026-02-08T04:49:40.729405Z  INFO scan_sources: tailwindcss_oxide::scanner: Discovering "C:\\My Web Sites\\Portfolio\\soliman.netlify.app\\src\\types"
2026-02-08T04:49:40.729559Z  INFO scan_sources: tailwindcss_oxide::scanner: Discovering "C:\\My Web Sites\\Portfolio\\soliman.netlify.app\\src\\types\\index.ts"
2026-02-08T04:49:40.729707Z  INFO scan_sources: tailwindcss_oxide::scanner: Discovering "C:\\My Web Sites\\Portfolio\\soliman.netlify.app\\static_backup"
2026-02-08T04:49:40.729881Z  INFO scan_sources: tailwindcss_oxide::scanner: Discovering "C:\\My Web Sites\\Portfolio\\soliman.netlify.app\\static_backup\\assets"
2026-02-08T04:49:40.730076Z  INFO scan_sources: tailwindcss_oxide::scanner: Discovering "C:\\My Web Sites\\Portfolio\\soliman.netlify.app\\static_backup\\assets\\css"
2026-02-08T04:49:40.730211Z  INFO scan_sources: tailwindcss_oxide::scanner: Discovering "C:\\My Web Sites\\Portfolio\\soliman.netlify.app\\static_backup\\assets\\css\\AjaxLoader.html"
2026-02-08T04:49:40.730276Z  INFO scan_sources: tailwindcss_oxide::scanner: Discovering "C:\\My Web Sites\\Portfolio\\soliman.netlify.app\\static_backup\\assets\\css\\animate.css"
2026-02-08T04:49:40.730390Z  INFO scan_sources: tailwindcss_oxide::scanner: Discovering "C:\\My Web Sites\\Portfolio\\soliman.netlify.app\\static_backup\\assets\\css\\bg_fixed.css"
2026-02-08T04:49:40.730464Z  INFO scan_sources: tailwindcss_oxide::scanner: Discovering "C:\\My Web Sites\\Portfolio\\soliman.netlify.app\\static_backup\\assets\\css\\bootstrap.css"
2026-02-08T04:49:40.730558Z  INFO scan_sources: tailwindcss_oxide::scanner: Discovering "C:\\My Web Sites\\Portfolio\\soliman.netlify.app\\static_backup\\assets\\css\\font-awesome.min.css"
2026-02-08T04:49:40.730623Z  INFO scan_sources: tailwindcss_oxide::scanner: Discovering "C:\\My Web Sites\\Portfolio\\soliman.netlify.app\\static_backup\\assets\\css\\grabbing.html"
2026-02-08T04:49:40.730688Z  INFO scan_sources: tailwindcss_oxide::scanner: Discovering "C:\\My Web Sites\\Portfolio\\soliman.netlify.app\\static_backup\\assets\\css\\landing.css"
2026-02-08T04:49:40.730753Z  INFO scan_sources: tailwindcss_oxide::scanner: Discovering "C:\\My Web Sites\\Portfolio\\soliman.netlify.app\\static_backup\\assets\\css\\magnific-popup.css"
2026-02-08T04:49:40.730824Z  INFO scan_sources: tailwindcss_oxide::scanner: Discovering "C:\\My Web Sites\\Portfolio\\soliman.netlify.app\\static_backup\\assets\\css\\owl.carousel.min.css"
2026-02-08T04:49:40.730912Z  INFO scan_sources: tailwindcss_oxide::scanner: Discovering "C:\\My Web Sites\\Portfolio\\soliman.netlify.app\\static_backup\\assets\\css\\owl.theme.min.css"
2026-02-08T04:49:40.731044Z  INFO scan_sources: tailwindcss_oxide::scanner: Discovering "C:\\My Web Sites\\Portfolio\\soliman.netlify.app\\static_backup\\assets\\css\\responsive.css"
2026-02-08T04:49:40.731141Z  INFO scan_sources: tailwindcss_oxide::scanner: Discovering "C:\\My Web Sites\\Portfolio\\soliman.netlify.app\\static_backup\\assets\\css\\style.css"
2026-02-08T04:49:40.731396Z  INFO scan_sources: tailwindcss_oxide::scanner: Discovering "C:\\My Web Sites\\Portfolio\\soliman.netlify.app\\static_backup\\assets\\fonts"
2026-02-08T04:49:40.731706Z  INFO scan_sources: tailwindcss_oxide::scanner: Discovering "C:\\My Web Sites\\Portfolio\\soliman.netlify.app\\static_backup\\assets\\fonts\\fontawesome-webfont5b62.svg"
2026-02-08T04:49:40.731824Z  INFO scan_sources: tailwindcss_oxide::scanner: Discovering "C:\\My Web Sites\\Portfolio\\soliman.netlify.app\\static_backup\\assets\\fonts\\glyphicons-halflings-regular.svg"
2026-02-08T04:49:40.732092Z  INFO scan_sources: tailwindcss_oxide::scanner: Discovering "C:\\My Web Sites\\Portfolio\\soliman.netlify.app\\static_backup\\assets\\images"
2026-02-08T04:49:40.732442Z  INFO scan_sources: tailwindcss_oxide::scanner: Discovering "C:\\My Web Sites\\Portfolio\\soliman.netlify.app\\static_backup\\assets\\images\\blog"
2026-02-08T04:49:40.733109Z  INFO scan_sources: tailwindcss_oxide::scanner: Discovering "C:\\My Web Sites\\Portfolio\\soliman.netlify.app\\static_backup\\assets\\images\\landing"
2026-02-08T04:49:40.733908Z  INFO scan_sources: tailwindcss_oxide::scanner: Discovering "C:\\My Web Sites\\Portfolio\\soliman.netlify.app\\static_backup\\assets\\images\\portfolio"
2026-02-08T04:49:40.734342Z  INFO scan_sources: tailwindcss_oxide::scanner: Discovering "C:\\My Web Sites\\Portfolio\\soliman.netlify.app\\static_backup\\assets\\images\\testimonials"
2026-02-08T04:49:40.734699Z  INFO scan_sources: tailwindcss_oxide::scanner: Discovering "C:\\My Web Sites\\Portfolio\\soliman.netlify.app\\static_backup\\assets\\js"
2026-02-08T04:49:40.734839Z  INFO scan_sources: tailwindcss_oxide::scanner: Discovering "C:\\My Web Sites\\Portfolio\\soliman.netlify.app\\static_backup\\assets\\js\\animate-skills.js"
2026-02-08T04:49:40.734909Z  INFO scan_sources: tailwindcss_oxide::scanner: Discovering "C:\\My Web Sites\\Portfolio\\soliman.netlify.app\\static_backup\\assets\\js\\app.js"
2026-02-08T04:49:40.734976Z  INFO scan_sources: tailwindcss_oxide::scanner: Discovering "C:\\My Web Sites\\Portfolio\\soliman.netlify.app\\static_backup\\assets\\js\\bootstrap.min.js"
2026-02-08T04:49:40.735082Z  INFO scan_sources: tailwindcss_oxide::scanner: Discovering "C:\\My Web Sites\\Portfolio\\soliman.netlify.app\\static_backup\\assets\\js\\classie.js"
2026-02-08T04:49:40.735149Z  INFO scan_sources: tailwindcss_oxide::scanner: Discovering "C:\\My Web Sites\\Portfolio\\soliman.netlify.app\\static_backup\\assets\\js\\custom.js"
2026-02-08T04:49:40.735214Z  INFO scan_sources: tailwindcss_oxide::scanner: Discovering "C:\\My Web Sites\\Portfolio\\soliman.netlify.app\\static_backup\\assets\\js\\isotope.pkgd.min.js"
2026-02-08T04:49:40.735277Z  INFO scan_sources: tailwindcss_oxide::scanner: Discovering "C:\\My Web Sites\\Portfolio\\soliman.netlify.app\\static_backup\\assets\\js\\jquery.fittext.js"
2026-02-08T04:49:40.735340Z  INFO scan_sources: tailwindcss_oxide::scanner: Discovering "C:\\My Web Sites\\Portfolio\\soliman.netlify.app\\static_backup\\assets\\js\\jquery.magnific-popup.min.js"
2026-02-08T04:49:40.735403Z  INFO scan_sources: tailwindcss_oxide::scanner: Discovering "C:\\My Web Sites\\Portfolio\\soliman.netlify.app\\static_backup\\assets\\js\\jquery.mb.YTPlayer.min.js"
2026-02-08T04:49:40.735481Z  INFO scan_sources: tailwindcss_oxide::scanner: Discovering "C:\\My Web Sites\\Portfolio\\soliman.netlify.app\\static_backup\\assets\\js\\jquery.min.js"
2026-02-08T04:49:40.735544Z  INFO scan_sources: tailwindcss_oxide::scanner: Discovering "C:\\My Web Sites\\Portfolio\\soliman.netlify.app\\static_backup\\assets\\js\\landing.js"
2026-02-08T04:49:40.735607Z  INFO scan_sources: tailwindcss_oxide::scanner: Discovering "C:\\My Web Sites\\Portfolio\\soliman.netlify.app\\static_backup\\assets\\js\\owl.carousel.min.js"
2026-02-08T04:49:40.735668Z  INFO scan_sources: tailwindcss_oxide::scanner: Discovering "C:\\My Web Sites\\Portfolio\\soliman.netlify.app\\static_backup\\assets\\js\\parallax.min.js"
2026-02-08T04:49:40.735730Z  INFO scan_sources: tailwindcss_oxide::scanner: Discovering "C:\\My Web Sites\\Portfolio\\soliman.netlify.app\\static_backup\\assets\\js\\particles.min.js"
2026-02-08T04:49:40.735792Z  INFO scan_sources: tailwindcss_oxide::scanner: Discovering "C:\\My Web Sites\\Portfolio\\soliman.netlify.app\\static_backup\\assets\\js\\snap.svg-min.js"
2026-02-08T04:49:40.735853Z  INFO scan_sources: tailwindcss_oxide::scanner: Discovering "C:\\My Web Sites\\Portfolio\\soliman.netlify.app\\static_backup\\assets\\js\\svgLoader.js"
2026-02-08T04:49:40.735919Z  INFO scan_sources: tailwindcss_oxide::scanner: Discovering "C:\\My Web Sites\\Portfolio\\soliman.netlify.app\\static_backup\\assets\\js\\typed.min.js"
2026-02-08T04:49:40.736061Z  INFO scan_sources: tailwindcss_oxide::scanner: Discovering "C:\\My Web Sites\\Portfolio\\soliman.netlify.app\\static_backup\\index.html"
2026-02-08T04:49:40.736134Z  INFO scan_sources: tailwindcss_oxide::scanner: Discovering "C:\\My Web Sites\\Portfolio\\soliman.netlify.app\\static_backup\\index_static.html"
2026-02-08T04:49:40.736197Z  INFO scan_sources: tailwindcss_oxide::scanner: Discovering "C:\\My Web Sites\\Portfolio\\soliman.netlify.app\\static_backup\\index_static_bg_fixed.html"
2026-02-08T04:49:40.736258Z  INFO scan_sources: tailwindcss_oxide::scanner: Discovering "C:\\My Web Sites\\Portfolio\\soliman.netlify.app\\static_backup\\index_static_bg_video.html"
2026-02-08T04:49:40.736319Z  INFO scan_sources: tailwindcss_oxide::scanner: Discovering "C:\\My Web Sites\\Portfolio\\soliman.netlify.app\\static_backup\\index_static_particle.html"
2026-02-08T04:49:40.736381Z  INFO scan_sources: tailwindcss_oxide::scanner: Discovering "C:\\My Web Sites\\Portfolio\\soliman.netlify.app\\static_backup\\index_static_svg_shape.html"
2026-02-08T04:49:40.736442Z  INFO scan_sources: tailwindcss_oxide::scanner: Discovering "C:\\My Web Sites\\Portfolio\\soliman.netlify.app\\static_backup\\index_type.html"
2026-02-08T04:49:40.736503Z  INFO scan_sources: tailwindcss_oxide::scanner: Discovering "C:\\My Web Sites\\Portfolio\\soliman.netlify.app\\static_backup\\index_type_bg_fixed.html"
2026-02-08T04:49:40.736564Z  INFO scan_sources: tailwindcss_oxide::scanner: Discovering "C:\\My Web Sites\\Portfolio\\soliman.netlify.app\\static_backup\\index_type_bg_video.html"
2026-02-08T04:49:40.736653Z  INFO scan_sources: tailwindcss_oxide::scanner: Discovering "C:\\My Web Sites\\Portfolio\\soliman.netlify.app\\static_backup\\index_type_particle.html"
2026-02-08T04:49:40.736717Z  INFO scan_sources: tailwindcss_oxide::scanner: Discovering "C:\\My Web Sites\\Portfolio\\soliman.netlify.app\\static_backup\\index_type_svg_shape.html"
2026-02-08T04:49:40.736818Z  INFO scan_sources: tailwindcss_oxide::scanner: Discovering "C:\\My Web Sites\\Portfolio\\soliman.netlify.app\\test-schema.prisma"
2026-02-08T04:49:40.736882Z  INFO scan_sources: tailwindcss_oxide::scanner: Discovering "C:\\My Web Sites\\Portfolio\\soliman.netlify.app\\tsconfig.json"
2026-02-08T04:49:40.736995Z  INFO scan_sources: tailwindcss_oxide::scanner: exit
2026-02-08T04:49:40.737008Z  INFO extract_candidates: tailwindcss_oxide::scanner: enter
2026-02-08T04:49:40.737015Z  INFO extract_candidates:read_all_files: tailwindcss_oxide::scanner: enter
2026-02-08T04:49:40.737021Z  INFO extract_candidates:read_all_files: tailwindcss_oxide::scanner: Reading 86 file(s)
2026-02-08T04:49:40.737813Z  INFO tailwindcss_oxide::scanner: Reading "C:\\My Web Sites\\Portfolio\\soliman.netlify.app\\eslint.config.mjs"
2026-02-08T04:49:40.737861Z  INFO tailwindcss_oxide::scanner: Reading "C:\\My Web Sites\\Portfolio\\soliman.netlify.app\\src\\components\\Hero.tsx"
2026-02-08T04:49:40.737913Z  INFO tailwindcss_oxide::scanner: Reading "C:\\My Web Sites\\Portfolio\\soliman.netlify.app\\next.config.ts"
2026-02-08T04:49:40.738090Z  INFO tailwindcss_oxide::scanner: Reading "C:\\My Web Sites\\Portfolio\\soliman.netlify.app\\src\\components\\Navbar.tsx"
2026-02-08T04:49:40.738094Z  INFO tailwindcss_oxide::scanner: Reading "C:\\My Web Sites\\Portfolio\\soliman.netlify.app\\package.json"
2026-02-08T04:49:40.738256Z  INFO tailwindcss_oxide::scanner: Reading "C:\\My Web Sites\\Portfolio\\soliman.netlify.app\\static_backup\\assets\\js\\jquery.mb.YTPlayer.min.js"
2026-02-08T04:49:40.738269Z  INFO tailwindcss_oxide::scanner: Reading "C:\\My Web Sites\\Portfolio\\soliman.netlify.app\\src\\components\\Skills.tsx"
2026-02-08T04:49:40.738276Z  INFO tailwindcss_oxide::scanner: Reading "C:\\My Web Sites\\Portfolio\\soliman.netlify.app\\postcss.config.mjs"
2026-02-08T04:49:40.738442Z  INFO tailwindcss_oxide::scanner: Reading "C:\\My Web Sites\\Portfolio\\soliman.netlify.app\\src\\data\\posts.json"
2026-02-08T04:49:40.738470Z  INFO tailwindcss_oxide::scanner: Reading "C:\\My Web Sites\\Portfolio\\soliman.netlify.app\\prisma\\schema.prisma"
2026-02-08T04:49:40.738493Z  INFO tailwindcss_oxide::scanner: Reading "C:\\My Web Sites\\Portfolio\\soliman.netlify.app\\public\\assets\\js\\landing.js"
2026-02-08T04:49:40.738576Z  INFO tailwindcss_oxide::scanner: Reading "C:\\My Web Sites\\Portfolio\\soliman.netlify.app\\src\\lib\\posts.ts"
2026-02-08T04:49:40.738620Z  INFO tailwindcss_oxide::scanner: Reading "C:\\My Web Sites\\Portfolio\\soliman.netlify.app\\static_backup\\assets\\js\\jquery.min.js"
2026-02-08T04:49:40.738621Z  INFO tailwindcss_oxide::scanner: Reading "C:\\My Web Sites\\Portfolio\\soliman.netlify.app\\prisma-error.txt"
2026-02-08T04:49:40.738666Z  INFO tailwindcss_oxide::scanner: Reading "C:\\My Web Sites\\Portfolio\\soliman.netlify.app\\public\\assets\\js\\owl.carousel.min.js"
2026-02-08T04:49:40.738667Z  INFO tailwindcss_oxide::scanner: Reading "C:\\My Web Sites\\Portfolio\\soliman.netlify.app\\src\\lib\\prisma.ts"
2026-02-08T04:49:40.738819Z  INFO tailwindcss_oxide::scanner: Reading "C:\\My Web Sites\\Portfolio\\soliman.netlify.app\\prisma.config.ts.backup"
2026-02-08T04:49:40.738885Z  INFO tailwindcss_oxide::scanner: Reading "C:\\My Web Sites\\Portfolio\\soliman.netlify.app\\public\\assets\\js\\parallax.min.js"
2026-02-08T04:49:40.738882Z  INFO tailwindcss_oxide::scanner: Reading "C:\\My Web Sites\\Portfolio\\soliman.netlify.app\\public\\assets\\fonts\\glyphicons-halflings-regular.svg"
2026-02-08T04:49:40.738901Z  INFO tailwindcss_oxide::scanner: Reading "C:\\My Web Sites\\Portfolio\\soliman.netlify.app\\src\\middleware.ts"
2026-02-08T04:49:40.738915Z  INFO tailwindcss_oxide::scanner: Reading "C:\\My Web Sites\\Portfolio\\soliman.netlify.app\\public\\assets\\css\\AjaxLoader.html"
2026-02-08T04:49:40.738898Z  INFO tailwindcss_oxide::scanner: Reading "C:\\My Web Sites\\Portfolio\\soliman.netlify.app\\static_backup\\assets\\js\\landing.js"
2026-02-08T04:49:40.739007Z  INFO tailwindcss_oxide::scanner: Reading "C:\\My Web Sites\\Portfolio\\soliman.netlify.app\\static_backup\\assets\\css\\grabbing.html"
2026-02-08T04:49:40.739010Z  INFO tailwindcss_oxide::scanner: Reading "C:\\My Web Sites\\Portfolio\\soliman.netlify.app\\public\\assets\\js\\particles.min.js"
2026-02-08T04:49:40.739002Z  INFO tailwindcss_oxide::scanner: Reading "C:\\My Web Sites\\Portfolio\\soliman.netlify.app\\public\\window.svg"
2026-02-08T04:49:40.739053Z  INFO tailwindcss_oxide::scanner: Reading "C:\\My Web Sites\\Portfolio\\soliman.netlify.app\\src\\scripts\\test-db.ts"
2026-02-08T04:49:40.739087Z  INFO tailwindcss_oxide::scanner: Reading "C:\\My Web Sites\\Portfolio\\soliman.netlify.app\\static_backup\\assets\\js\\owl.carousel.min.js"
2026-02-08T04:49:40.739089Z  INFO tailwindcss_oxide::scanner: Reading "C:\\My Web Sites\\Portfolio\\soliman.netlify.app\\public\\assets\\js\\animate-skills.js"
2026-02-08T04:49:40.739095Z  INFO tailwindcss_oxide::scanner: Reading "C:\\My Web Sites\\Portfolio\\soliman.netlify.app\\public\\assets\\css\\grabbing.html"
2026-02-08T04:49:40.739132Z  INFO tailwindcss_oxide::scanner: Reading "C:\\My Web Sites\\Portfolio\\soliman.netlify.app\\public\\assets\\js\\snap.svg-min.js"
2026-02-08T04:49:40.739151Z  INFO tailwindcss_oxide::scanner: Reading "C:\\My Web Sites\\Portfolio\\soliman.netlify.app\\src\\types\\index.ts"
2026-02-08T04:49:40.739166Z  INFO tailwindcss_oxide::scanner: Reading "C:\\My Web Sites\\Portfolio\\soliman.netlify.app\\README.md"
2026-02-08T04:49:40.739196Z  INFO tailwindcss_oxide::scanner: Reading "C:\\My Web Sites\\Portfolio\\soliman.netlify.app\\static_backup\\assets\\js\\parallax.min.js"
2026-02-08T04:49:40.739184Z  INFO tailwindcss_oxide::scanner: Reading "C:\\My Web Sites\\Portfolio\\soliman.netlify.app\\static_backup\\assets\\js\\bootstrap.min.js"
2026-02-08T04:49:40.739219Z  INFO tailwindcss_oxide::scanner: Reading "C:\\My Web Sites\\Portfolio\\soliman.netlify.app\\public\\assets\\js\\app.js"
2026-02-08T04:49:40.739221Z  INFO tailwindcss_oxide::scanner: Reading "C:\\My Web Sites\\Portfolio\\soliman.netlify.app\\static_backup\\assets\\css\\AjaxLoader.html"
2026-02-08T04:49:40.739229Z  INFO tailwindcss_oxide::scanner: Reading "C:\\My Web Sites\\Portfolio\\soliman.netlify.app\\public\\assets\\js\\svgLoader.js"
2026-02-08T04:49:40.739262Z  INFO tailwindcss_oxide::scanner: Reading "C:\\My Web Sites\\Portfolio\\soliman.netlify.app\\public\\globe.svg"
2026-02-08T04:49:40.739295Z  INFO tailwindcss_oxide::scanner: Reading "C:\\My Web Sites\\Portfolio\\soliman.netlify.app\\public\\assets\\js\\typed.min.js"
2026-02-08T04:49:40.739312Z  INFO tailwindcss_oxide::scanner: Reading "C:\\My Web Sites\\Portfolio\\soliman.netlify.app\\src\\app\\admin\\login\\page.tsx"
2026-02-08T04:49:40.739301Z  INFO tailwindcss_oxide::scanner: Reading "C:\\My Web Sites\\Portfolio\\soliman.netlify.app\\static_backup\\assets\\js\\particles.min.js"
2026-02-08T04:49:40.739342Z  INFO tailwindcss_oxide::scanner: Reading "C:\\My Web Sites\\Portfolio\\soliman.netlify.app\\public\\file.svg"
2026-02-08T04:49:40.739349Z  INFO tailwindcss_oxide::scanner: Reading "C:\\My Web Sites\\Portfolio\\soliman.netlify.app\\static_backup\\assets\\fonts\\fontawesome-webfont5b62.svg"
2026-02-08T04:49:40.739345Z  INFO tailwindcss_oxide::scanner: Reading "C:\\My Web Sites\\Portfolio\\soliman.netlify.app\\static_backup\\assets\\js\\classie.js"
2026-02-08T04:49:40.739347Z  INFO tailwindcss_oxide::scanner: Reading "C:\\My Web Sites\\Portfolio\\soliman.netlify.app\\public\\assets\\js\\bootstrap.min.js"
2026-02-08T04:49:40.739399Z  INFO tailwindcss_oxide::scanner: Reading "C:\\My Web Sites\\Portfolio\\soliman.netlify.app\\public\\assets\\js\\custom.js"
2026-02-08T04:49:40.739420Z  INFO tailwindcss_oxide::scanner: Reading "C:\\My Web Sites\\Portfolio\\soliman.netlify.app\\public\\assets\\js\\classie.js"
2026-02-08T04:49:40.739391Z  INFO tailwindcss_oxide::scanner: Reading "C:\\My Web Sites\\Portfolio\\soliman.netlify.app\\static_backup\\assets\\fonts\\glyphicons-halflings-regular.svg"
2026-02-08T04:49:40.739404Z  INFO tailwindcss_oxide::scanner: Reading "C:\\My Web Sites\\Portfolio\\soliman.netlify.app\\public\\next.svg"
2026-02-08T04:49:40.739485Z  INFO tailwindcss_oxide::scanner: Reading "C:\\My Web Sites\\Portfolio\\soliman.netlify.app\\src\\app\\admin\\page.tsx"
2026-02-08T04:49:40.739494Z  INFO tailwindcss_oxide::scanner: Reading "C:\\My Web Sites\\Portfolio\\soliman.netlify.app\\public\\assets\\fonts\\fontawesome-webfont5b62.svg"
2026-02-08T04:49:40.739471Z  INFO tailwindcss_oxide::scanner: Reading "C:\\My Web Sites\\Portfolio\\soliman.netlify.app\\public\\vercel.svg"
2026-02-08T04:49:40.739523Z  INFO tailwindcss_oxide::scanner: Reading "C:\\My Web Sites\\Portfolio\\soliman.netlify.app\\static_backup\\assets\\js\\snap.svg-min.js"
2026-02-08T04:49:40.739492Z  INFO tailwindcss_oxide::scanner: Reading "C:\\My Web Sites\\Portfolio\\soliman.netlify.app\\public\\assets\\js\\jquery.magnific-popup.min.js"
2026-02-08T04:49:40.739558Z  INFO tailwindcss_oxide::scanner: Reading "C:\\My Web Sites\\Portfolio\\soliman.netlify.app\\static_backup\\assets\\js\\custom.js"
2026-02-08T04:49:40.739565Z  INFO tailwindcss_oxide::scanner: Reading "C:\\My Web Sites\\Portfolio\\soliman.netlify.app\\public\\assets\\js\\isotope.pkgd.min.js"
2026-02-08T04:49:40.739560Z  INFO tailwindcss_oxide::scanner: Reading "C:\\My Web Sites\\Portfolio\\soliman.netlify.app\\src\\app\\api\\admin\\posts\\route.ts"
2026-02-08T04:49:40.739592Z  INFO tailwindcss_oxide::scanner: Reading "C:\\My Web Sites\\Portfolio\\soliman.netlify.app\\src\\app\\api\\debug\\route.ts"
2026-02-08T04:49:40.739604Z  INFO tailwindcss_oxide::scanner: Reading "C:\\My Web Sites\\Portfolio\\soliman.netlify.app\\static_backup\\assets\\js\\app.js"
2026-02-08T04:49:40.739564Z  INFO tailwindcss_oxide::scanner: Reading "C:\\My Web Sites\\Portfolio\\soliman.netlify.app\\src\\app\\blog\\[slug]\\page.tsx"
2026-02-08T04:49:40.739588Z  INFO tailwindcss_oxide::scanner: Reading "C:\\My Web Sites\\Portfolio\\soliman.netlify.app\\static_backup\\assets\\js\\animate-skills.js"
2026-02-08T04:49:40.739467Z  INFO tailwindcss_oxide::scanner: Reading "C:\\My Web Sites\\Portfolio\\soliman.netlify.app\\src\\app\\api\\auth\\login\\route.ts"
2026-02-08T04:49:40.739612Z  INFO tailwindcss_oxide::scanner: Reading "C:\\My Web Sites\\Portfolio\\soliman.netlify.app\\src\\app\\layout.tsx"
2026-02-08T04:49:40.739676Z  INFO tailwindcss_oxide::scanner: Reading "C:\\My Web Sites\\Portfolio\\soliman.netlify.app\\static_backup\\assets\\js\\isotope.pkgd.min.js"
2026-02-08T04:49:40.739704Z  INFO tailwindcss_oxide::scanner: Reading "C:\\My Web Sites\\Portfolio\\soliman.netlify.app\\static_backup\\assets\\js\\jquery.magnific-popup.min.js"
2026-02-08T04:49:40.739679Z  INFO tailwindcss_oxide::scanner: Reading "C:\\My Web Sites\\Portfolio\\soliman.netlify.app\\static_backup\\assets\\js\\svgLoader.js"
2026-02-08T04:49:40.739682Z  INFO tailwindcss_oxide::scanner: Reading "C:\\My Web Sites\\Portfolio\\soliman.netlify.app\\public\\assets\\js\\jquery.mb.YTPlayer.min.js"
2026-02-08T04:49:40.739689Z  INFO tailwindcss_oxide::scanner: Reading "C:\\My Web Sites\\Portfolio\\soliman.netlify.app\\static_backup\\assets\\js\\jquery.fittext.js"
2026-02-08T04:49:40.739745Z  INFO tailwindcss_oxide::scanner: Reading "C:\\My Web Sites\\Portfolio\\soliman.netlify.app\\static_backup\\assets\\js\\typed.min.js"
2026-02-08T04:49:40.739707Z  INFO tailwindcss_oxide::scanner: Reading "C:\\My Web Sites\\Portfolio\\soliman.netlify.app\\static_backup\\index_static_bg_fixed.html"
2026-02-08T04:49:40.739718Z  INFO tailwindcss_oxide::scanner: Reading "C:\\My Web Sites\\Portfolio\\soliman.netlify.app\\public\\assets\\js\\jquery.fittext.js"
2026-02-08T04:49:40.739705Z  INFO tailwindcss_oxide::scanner: Reading "C:\\My Web Sites\\Portfolio\\soliman.netlify.app\\src\\app\\blog\\page.tsx"
2026-02-08T04:49:40.739898Z  INFO tailwindcss_oxide::scanner: Reading "C:\\My Web Sites\\Portfolio\\soliman.netlify.app\\static_backup\\index_static.html"
2026-02-08T04:49:40.739911Z  INFO tailwindcss_oxide::scanner: Reading "C:\\My Web Sites\\Portfolio\\soliman.netlify.app\\test-schema.prisma"
2026-02-08T04:49:40.739897Z  INFO tailwindcss_oxide::scanner: Reading "C:\\My Web Sites\\Portfolio\\soliman.netlify.app\\static_backup\\index_type_bg_video.html"
2026-02-08T04:49:40.739915Z  INFO tailwindcss_oxide::scanner: Reading "C:\\My Web Sites\\Portfolio\\soliman.netlify.app\\static_backup\\index_type_svg_shape.html"
2026-02-08T04:49:40.739980Z  INFO tailwindcss_oxide::scanner: Reading "C:\\My Web Sites\\Portfolio\\soliman.netlify.app\\static_backup\\index_type_particle.html"
2026-02-08T04:49:40.740056Z  INFO tailwindcss_oxide::scanner: Reading "C:\\My Web Sites\\Portfolio\\soliman.netlify.app\\src\\app\\page.tsx"
2026-02-08T04:49:40.740101Z  INFO tailwindcss_oxide::scanner: Reading "C:\\My Web Sites\\Portfolio\\soliman.netlify.app\\static_backup\\index_static_bg_video.html"
2026-02-08T04:49:40.740153Z  INFO tailwindcss_oxide::scanner: Reading "C:\\My Web Sites\\Portfolio\\soliman.netlify.app\\static_backup\\index_type.html"
2026-02-08T04:49:40.740170Z  INFO tailwindcss_oxide::scanner: Reading "C:\\My Web Sites\\Portfolio\\soliman.netlify.app\\static_backup\\index_static_particle.html"
2026-02-08T04:49:40.740199Z  INFO tailwindcss_oxide::scanner: Reading "C:\\My Web Sites\\Portfolio\\soliman.netlify.app\\public\\assets\\js\\jquery.min.js"
2026-02-08T04:49:40.740224Z  INFO tailwindcss_oxide::scanner: Reading "C:\\My Web Sites\\Portfolio\\soliman.netlify.app\\tsconfig.json"
2026-02-08T04:49:40.740285Z  INFO tailwindcss_oxide::scanner: Reading "C:\\My Web Sites\\Portfolio\\soliman.netlify.app\\static_backup\\index_type_bg_fixed.html"
2026-02-08T04:49:40.740345Z  INFO tailwindcss_oxide::scanner: Reading "C:\\My Web Sites\\Portfolio\\soliman.netlify.app\\static_backup\\index.html"
2026-02-08T04:49:40.740403Z  INFO tailwindcss_oxide::scanner: Reading "C:\\My Web Sites\\Portfolio\\soliman.netlify.app\\static_backup\\index_static_svg_shape.html"
2026-02-08T04:49:40.740599Z  INFO extract_candidates:read_all_files: tailwindcss_oxide::scanner: exit
2026-02-08T04:49:40.740633Z  INFO extract_candidates:parse_all_blobs: tailwindcss_oxide::scanner: enter
2026-02-08T04:49:40.740641Z  INFO extract_candidates:parse_all_blobs:extract: tailwindcss_oxide::scanner: enter
2026-02-08T04:49:40.747489Z  INFO extract_candidates:parse_all_blobs:extract: tailwindcss_oxide::scanner: exit
2026-02-08T04:49:40.747791Z  INFO extract_candidates:parse_all_blobs: tailwindcss_oxide::scanner: exit
2026-02-08T04:49:40.747805Z  INFO extract_candidates:read_all_files: tailwindcss_oxide::scanner: enter
2026-02-08T04:49:40.747809Z  INFO extract_candidates:read_all_files: tailwindcss_oxide::scanner: Reading 21 file(s)
2026-02-08T04:49:40.748498Z  INFO tailwindcss_oxide::scanner: Reading "C:\\My Web Sites\\Portfolio\\soliman.netlify.app\\static_backup\\assets\\css\\responsive.css"
2026-02-08T04:49:40.748520Z  INFO tailwindcss_oxide::scanner: Reading "C:\\My Web Sites\\Portfolio\\soliman.netlify.app\\static_backup\\assets\\css\\style.css"
2026-02-08T04:49:40.748498Z  INFO tailwindcss_oxide::scanner: Reading "C:\\My Web Sites\\Portfolio\\soliman.netlify.app\\static_backup\\assets\\css\\magnific-popup.css"
2026-02-08T04:49:40.748498Z  INFO tailwindcss_oxide::scanner: Reading "C:\\My Web Sites\\Portfolio\\soliman.netlify.app\\public\\assets\\css\\responsive.css"
2026-02-08T04:49:40.748587Z  INFO tailwindcss_oxide::scanner: Reading "C:\\My Web Sites\\Portfolio\\soliman.netlify.app\\public\\assets\\css\\animate.css"
2026-02-08T04:49:40.748608Z  INFO tailwindcss_oxide::scanner: Reading "C:\\My Web Sites\\Portfolio\\soliman.netlify.app\\static_backup\\assets\\css\\landing.css"
2026-02-08T04:49:40.748498Z  INFO tailwindcss_oxide::scanner: Reading "C:\\My Web Sites\\Portfolio\\soliman.netlify.app\\public\\assets\\css\\magnific-popup.css"
2026-02-08T04:49:40.748536Z  INFO tailwindcss_oxide::scanner: Reading "C:\\My Web Sites\\Portfolio\\soliman.netlify.app\\src\\app\\globals.css"
2026-02-08T04:49:40.748633Z  INFO tailwindcss_oxide::scanner: Reading "C:\\My Web Sites\\Portfolio\\soliman.netlify.app\\static_backup\\assets\\css\\owl.theme.min.css"
2026-02-08T04:49:40.748498Z  INFO tailwindcss_oxide::scanner: Reading "C:\\My Web Sites\\Portfolio\\soliman.netlify.app\\public\\assets\\css\\owl.carousel.min.css"
2026-02-08T04:49:40.748885Z  INFO tailwindcss_oxide::scanner: Reading "C:\\My Web Sites\\Portfolio\\soliman.netlify.app\\public\\assets\\css\\landing.css"
2026-02-08T04:49:40.748895Z  INFO tailwindcss_oxide::scanner: Reading "C:\\My Web Sites\\Portfolio\\soliman.netlify.app\\public\\assets\\css\\style.css"
2026-02-08T04:49:40.748499Z  INFO tailwindcss_oxide::scanner: Reading "C:\\My Web Sites\\Portfolio\\soliman.netlify.app\\public\\assets\\css\\owl.theme.min.css"
2026-02-08T04:49:40.748944Z  INFO tailwindcss_oxide::scanner: Reading "C:\\My Web Sites\\Portfolio\\soliman.netlify.app\\static_backup\\assets\\css\\font-awesome.min.css"
2026-02-08T04:49:40.748513Z  INFO tailwindcss_oxide::scanner: Reading "C:\\My Web Sites\\Portfolio\\soliman.netlify.app\\static_backup\\assets\\css\\owl.carousel.min.css"
2026-02-08T04:49:40.749009Z  INFO tailwindcss_oxide::scanner: Reading "C:\\My Web Sites\\Portfolio\\soliman.netlify.app\\static_backup\\assets\\css\\animate.css"
2026-02-08T04:49:40.749046Z  INFO tailwindcss_oxide::scanner: Reading "C:\\My Web Sites\\Portfolio\\soliman.netlify.app\\public\\assets\\css\\font-awesome.min.css"
2026-02-08T04:49:40.748682Z  INFO tailwindcss_oxide::scanner: Reading "C:\\My Web Sites\\Portfolio\\soliman.netlify.app\\public\\assets\\css\\bg_fixed.css"
2026-02-08T04:49:40.748498Z  INFO tailwindcss_oxide::scanner: Reading "C:\\My Web Sites\\Portfolio\\soliman.netlify.app\\static_backup\\assets\\css\\bg_fixed.css"
2026-02-08T04:49:40.749048Z  INFO tailwindcss_oxide::scanner: Reading "C:\\My Web Sites\\Portfolio\\soliman.netlify.app\\public\\assets\\css\\bootstrap.css"
2026-02-08T04:49:40.748955Z  INFO tailwindcss_oxide::scanner: Reading "C:\\My Web Sites\\Portfolio\\soliman.netlify.app\\static_backup\\assets\\css\\bootstrap.css"
2026-02-08T04:49:40.749791Z  INFO extract_candidates:read_all_files: tailwindcss_oxide::scanner: exit
2026-02-08T04:49:40.749871Z  INFO extract_candidates:extract_css_variables: tailwindcss_oxide::scanner: enter
2026-02-08T04:49:40.749881Z  INFO extract_candidates:extract_css_variables:extract: tailwindcss_oxide::scanner: enter
2026-02-08T04:49:40.750963Z  INFO extract_candidates:extract_css_variables:extract: tailwindcss_oxide::scanner: exit
2026-02-08T04:49:40.751659Z  INFO extract_candidates:extract_css_variables: tailwindcss_oxide::scanner: exit
2026-02-08T04:49:40.753449Z  INFO extract_candidates: tailwindcss_oxide::scanner: exit
2026-02-08T04:49:40.755002Z  INFO get_files: tailwindcss_oxide::scanner: enter
2026-02-08T04:49:40.755026Z  INFO get_files:scan_sources: tailwindcss_oxide::scanner: enter
2026-02-08T04:49:40.756743Z  INFO get_files:scan_sources: tailwindcss_oxide::scanner: Discovering "C:\\My Web Sites\\Portfolio\\soliman.netlify.app\\prisma"
2026-02-08T04:49:40.757092Z  INFO get_files:scan_sources: tailwindcss_oxide::scanner: Discovering "C:\\My Web Sites\\Portfolio\\soliman.netlify.app\\public"
2026-02-08T04:49:40.757263Z  INFO get_files:scan_sources: tailwindcss_oxide::scanner: Discovering "C:\\My Web Sites\\Portfolio\\soliman.netlify.app\\public\\assets"
2026-02-08T04:49:40.757432Z  INFO get_files:scan_sources: tailwindcss_oxide::scanner: Discovering "C:\\My Web Sites\\Portfolio\\soliman.netlify.app\\public\\assets\\css"
2026-02-08T04:49:40.758069Z  INFO get_files:scan_sources: tailwindcss_oxide::scanner: Discovering "C:\\My Web Sites\\Portfolio\\soliman.netlify.app\\public\\assets\\fonts"
2026-02-08T04:49:40.758627Z  INFO get_files:scan_sources: tailwindcss_oxide::scanner: Discovering "C:\\My Web Sites\\Portfolio\\soliman.netlify.app\\public\\assets\\images"
2026-02-08T04:49:40.758841Z  INFO get_files:scan_sources: tailwindcss_oxide::scanner: Discovering "C:\\My Web Sites\\Portfolio\\soliman.netlify.app\\public\\assets\\images\\blog"
2026-02-08T04:49:40.759196Z  INFO get_files:scan_sources: tailwindcss_oxide::scanner: Discovering "C:\\My Web Sites\\Portfolio\\soliman.netlify.app\\public\\assets\\images\\landing"
2026-02-08T04:49:40.759561Z  INFO get_files:scan_sources: tailwindcss_oxide::scanner: Discovering "C:\\My Web Sites\\Portfolio\\soliman.netlify.app\\public\\assets\\images\\portfolio"
2026-02-08T04:49:40.759910Z  INFO get_files:scan_sources: tailwindcss_oxide::scanner: Discovering "C:\\My Web Sites\\Portfolio\\soliman.netlify.app\\public\\assets\\images\\testimonials"
2026-02-08T04:49:40.760219Z  INFO get_files:scan_sources: tailwindcss_oxide::scanner: Discovering "C:\\My Web Sites\\Portfolio\\soliman.netlify.app\\public\\assets\\js"
2026-02-08T04:49:40.761565Z  INFO get_files:scan_sources: tailwindcss_oxide::scanner: Discovering "C:\\My Web Sites\\Portfolio\\soliman.netlify.app\\src"
2026-02-08T04:49:40.761741Z  INFO get_files:scan_sources: tailwindcss_oxide::scanner: Discovering "C:\\My Web Sites\\Portfolio\\soliman.netlify.app\\src\\app"
2026-02-08T04:49:40.761913Z  INFO get_files:scan_sources: tailwindcss_oxide::scanner: Discovering "C:\\My Web Sites\\Portfolio\\soliman.netlify.app\\src\\app\\admin"
2026-02-08T04:49:40.762077Z  INFO get_files:scan_sources: tailwindcss_oxide::scanner: Discovering "C:\\My Web Sites\\Portfolio\\soliman.netlify.app\\src\\app\\admin\\login"
2026-02-08T04:49:40.762355Z  INFO get_files:scan_sources: tailwindcss_oxide::scanner: Discovering "C:\\My Web Sites\\Portfolio\\soliman.netlify.app\\src\\app\\api"
2026-02-08T04:49:40.762526Z  INFO get_files:scan_sources: tailwindcss_oxide::scanner: Discovering "C:\\My Web Sites\\Portfolio\\soliman.netlify.app\\src\\app\\api\\admin"
2026-02-08T04:49:40.762690Z  INFO get_files:scan_sources: tailwindcss_oxide::scanner: Discovering "C:\\My Web Sites\\Portfolio\\soliman.netlify.app\\src\\app\\api\\admin\\posts"
2026-02-08T04:49:40.762938Z  INFO get_files:scan_sources: tailwindcss_oxide::scanner: Discovering "C:\\My Web Sites\\Portfolio\\soliman.netlify.app\\src\\app\\api\\auth"
2026-02-08T04:49:40.763101Z  INFO get_files:scan_sources: tailwindcss_oxide::scanner: Discovering "C:\\My Web Sites\\Portfolio\\soliman.netlify.app\\src\\app\\api\\auth\\login"
2026-02-08T04:49:40.763343Z  INFO get_files:scan_sources: tailwindcss_oxide::scanner: Discovering "C:\\My Web Sites\\Portfolio\\soliman.netlify.app\\src\\app\\api\\debug"
2026-02-08T04:49:40.763574Z  INFO get_files:scan_sources: tailwindcss_oxide::scanner: Discovering "C:\\My Web Sites\\Portfolio\\soliman.netlify.app\\src\\app\\blog"
2026-02-08T04:49:40.763776Z  INFO get_files:scan_sources: tailwindcss_oxide::scanner: Discovering "C:\\My Web Sites\\Portfolio\\soliman.netlify.app\\src\\app\\blog\\[slug]"
2026-02-08T04:49:40.764590Z  INFO get_files:scan_sources: tailwindcss_oxide::scanner: Discovering "C:\\My Web Sites\\Portfolio\\soliman.netlify.app\\src\\components"
2026-02-08T04:49:40.765140Z  INFO get_files:scan_sources: tailwindcss_oxide::scanner: Discovering "C:\\My Web Sites\\Portfolio\\soliman.netlify.app\\src\\data"
2026-02-08T04:49:40.765500Z  INFO get_files:scan_sources: tailwindcss_oxide::scanner: Discovering "C:\\My Web Sites\\Portfolio\\soliman.netlify.app\\src\\lib"
2026-02-08T04:49:40.766031Z  INFO get_files:scan_sources: tailwindcss_oxide::scanner: Discovering "C:\\My Web Sites\\Portfolio\\soliman.netlify.app\\src\\scripts"
2026-02-08T04:49:40.766708Z  INFO get_files:scan_sources: tailwindcss_oxide::scanner: Discovering "C:\\My Web Sites\\Portfolio\\soliman.netlify.app\\src\\types"
2026-02-08T04:49:40.767280Z  INFO get_files:scan_sources: tailwindcss_oxide::scanner: Discovering "C:\\My Web Sites\\Portfolio\\soliman.netlify.app\\static_backup"
2026-02-08T04:49:40.767693Z  INFO get_files:scan_sources: tailwindcss_oxide::scanner: Discovering "C:\\My Web Sites\\Portfolio\\soliman.netlify.app\\static_backup\\assets"
2026-02-08T04:49:40.768025Z  INFO get_files:scan_sources: tailwindcss_oxide::scanner: Discovering "C:\\My Web Sites\\Portfolio\\soliman.netlify.app\\static_backup\\assets\\css"
2026-02-08T04:49:40.768729Z  INFO get_files:scan_sources: tailwindcss_oxide::scanner: Discovering "C:\\My Web Sites\\Portfolio\\soliman.netlify.app\\static_backup\\assets\\fonts"
2026-02-08T04:49:40.769041Z  INFO get_files:scan_sources: tailwindcss_oxide::scanner: Discovering "C:\\My Web Sites\\Portfolio\\soliman.netlify.app\\static_backup\\assets\\images"
2026-02-08T04:49:40.769220Z  INFO get_files:scan_sources: tailwindcss_oxide::scanner: Discovering "C:\\My Web Sites\\Portfolio\\soliman.netlify.app\\static_backup\\assets\\images\\blog"
2026-02-08T04:49:40.769427Z  INFO get_files:scan_sources: tailwindcss_oxide::scanner: Discovering "C:\\My Web Sites\\Portfolio\\soliman.netlify.app\\static_backup\\assets\\images\\landing"
2026-02-08T04:49:40.769655Z  INFO get_files:scan_sources: tailwindcss_oxide::scanner: Discovering "C:\\My Web Sites\\Portfolio\\soliman.netlify.app\\static_backup\\assets\\images\\portfolio"
2026-02-08T04:49:40.769875Z  INFO get_files:scan_sources: tailwindcss_oxide::scanner: Discovering "C:\\My Web Sites\\Portfolio\\soliman.netlify.app\\static_backup\\assets\\images\\testimonials"
2026-02-08T04:49:40.770094Z  INFO get_files:scan_sources: tailwindcss_oxide::scanner: Discovering "C:\\My Web Sites\\Portfolio\\soliman.netlify.app\\static_backup\\assets\\js"
2026-02-08T04:49:40.771348Z  INFO get_files:scan_sources: tailwindcss_oxide::scanner: exit
2026-02-08T04:49:40.771571Z  INFO get_files: tailwindcss_oxide::scanner: exit
2026-02-08T04:49:40.772348Z  INFO get_globs: tailwindcss_oxide::scanner: enter
2026-02-08T04:49:40.772358Z  INFO get_globs:scan_sources: tailwindcss_oxide::scanner: enter
2026-02-08T04:49:40.773987Z  INFO get_globs:scan_sources: tailwindcss_oxide::scanner: Discovering "C:\\My Web Sites\\Portfolio\\soliman.netlify.app\\prisma"
2026-02-08T04:49:40.774297Z  INFO get_globs:scan_sources: tailwindcss_oxide::scanner: Discovering "C:\\My Web Sites\\Portfolio\\soliman.netlify.app\\public"
2026-02-08T04:49:40.774465Z  INFO get_globs:scan_sources: tailwindcss_oxide::scanner: Discovering "C:\\My Web Sites\\Portfolio\\soliman.netlify.app\\public\\assets"
2026-02-08T04:49:40.774642Z  INFO get_globs:scan_sources: tailwindcss_oxide::scanner: Discovering "C:\\My Web Sites\\Portfolio\\soliman.netlify.app\\public\\assets\\css"
2026-02-08T04:49:40.775652Z  INFO get_globs:scan_sources: tailwindcss_oxide::scanner: Discovering "C:\\My Web Sites\\Portfolio\\soliman.netlify.app\\public\\assets\\fonts"
2026-02-08T04:49:40.776165Z  INFO get_globs:scan_sources: tailwindcss_oxide::scanner: Discovering "C:\\My Web Sites\\Portfolio\\soliman.netlify.app\\public\\assets\\images"
2026-02-08T04:49:40.776419Z  INFO get_globs:scan_sources: tailwindcss_oxide::scanner: Discovering "C:\\My Web Sites\\Portfolio\\soliman.netlify.app\\public\\assets\\images\\blog"
2026-02-08T04:49:40.776693Z  INFO get_globs:scan_sources: tailwindcss_oxide::scanner: Discovering "C:\\My Web Sites\\Portfolio\\soliman.netlify.app\\public\\assets\\images\\landing"
2026-02-08T04:49:40.777004Z  INFO get_globs:scan_sources: tailwindcss_oxide::scanner: Discovering "C:\\My Web Sites\\Portfolio\\soliman.netlify.app\\public\\assets\\images\\portfolio"
2026-02-08T04:49:40.777441Z  INFO get_globs:scan_sources: tailwindcss_oxide::scanner: Discovering "C:\\My Web Sites\\Portfolio\\soliman.netlify.app\\public\\assets\\images\\testimonials"
2026-02-08T04:49:40.777807Z  INFO get_globs:scan_sources: tailwindcss_oxide::scanner: Discovering "C:\\My Web Sites\\Portfolio\\soliman.netlify.app\\public\\assets\\js"
2026-02-08T04:49:40.778844Z  INFO get_globs:scan_sources: tailwindcss_oxide::scanner: Discovering "C:\\My Web Sites\\Portfolio\\soliman.netlify.app\\src"
2026-02-08T04:49:40.779021Z  INFO get_globs:scan_sources: tailwindcss_oxide::scanner: Discovering "C:\\My Web Sites\\Portfolio\\soliman.netlify.app\\src\\app"
2026-02-08T04:49:40.779192Z  INFO get_globs:scan_sources: tailwindcss_oxide::scanner: Discovering "C:\\My Web Sites\\Portfolio\\soliman.netlify.app\\src\\app\\admin"
2026-02-08T04:49:40.779564Z  INFO get_globs:scan_sources: tailwindcss_oxide::scanner: Discovering "C:\\My Web Sites\\Portfolio\\soliman.netlify.app\\src\\app\\admin\\login"
2026-02-08T04:49:40.780190Z  INFO get_globs:scan_sources: tailwindcss_oxide::scanner: Discovering "C:\\My Web Sites\\Portfolio\\soliman.netlify.app\\src\\app\\api"
2026-02-08T04:49:40.780378Z  INFO get_globs:scan_sources: tailwindcss_oxide::scanner: Discovering "C:\\My Web Sites\\Portfolio\\soliman.netlify.app\\src\\app\\api\\admin"
2026-02-08T04:49:40.780543Z  INFO get_globs:scan_sources: tailwindcss_oxide::scanner: Discovering "C:\\My Web Sites\\Portfolio\\soliman.netlify.app\\src\\app\\api\\admin\\posts"
2026-02-08T04:49:40.780776Z  INFO get_globs:scan_sources: tailwindcss_oxide::scanner: Discovering "C:\\My Web Sites\\Portfolio\\soliman.netlify.app\\src\\app\\api\\auth"
2026-02-08T04:49:40.780939Z  INFO get_globs:scan_sources: tailwindcss_oxide::scanner: Discovering "C:\\My Web Sites\\Portfolio\\soliman.netlify.app\\src\\app\\api\\auth\\login"
2026-02-08T04:49:40.781201Z  INFO get_globs:scan_sources: tailwindcss_oxide::scanner: Discovering "C:\\My Web Sites\\Portfolio\\soliman.netlify.app\\src\\app\\api\\debug"
2026-02-08T04:49:40.781462Z  INFO get_globs:scan_sources: tailwindcss_oxide::scanner: Discovering "C:\\My Web Sites\\Portfolio\\soliman.netlify.app\\src\\app\\blog"
2026-02-08T04:49:40.781743Z  INFO get_globs:scan_sources: tailwindcss_oxide::scanner: Discovering "C:\\My Web Sites\\Portfolio\\soliman.netlify.app\\src\\app\\blog\\[slug]"
2026-02-08T04:49:40.782666Z  INFO get_globs:scan_sources: tailwindcss_oxide::scanner: Discovering "C:\\My Web Sites\\Portfolio\\soliman.netlify.app\\src\\components"
2026-02-08T04:49:40.783485Z  INFO get_globs:scan_sources: tailwindcss_oxide::scanner: Discovering "C:\\My Web Sites\\Portfolio\\soliman.netlify.app\\src\\data"
2026-02-08T04:49:40.784006Z  INFO get_globs:scan_sources: tailwindcss_oxide::scanner: Discovering "C:\\My Web Sites\\Portfolio\\soliman.netlify.app\\src\\lib"
2026-02-08T04:49:40.784610Z  INFO get_globs:scan_sources: tailwindcss_oxide::scanner: Discovering "C:\\My Web Sites\\Portfolio\\soliman.netlify.app\\src\\scripts"
2026-02-08T04:49:40.785073Z  INFO get_globs:scan_sources: tailwindcss_oxide::scanner: Discovering "C:\\My Web Sites\\Portfolio\\soliman.netlify.app\\src\\types"
2026-02-08T04:49:40.785488Z  INFO get_globs:scan_sources: tailwindcss_oxide::scanner: Discovering "C:\\My Web Sites\\Portfolio\\soliman.netlify.app\\static_backup"
2026-02-08T04:49:40.785663Z  INFO get_globs:scan_sources: tailwindcss_oxide::scanner: Discovering "C:\\My Web Sites\\Portfolio\\soliman.netlify.app\\static_backup\\assets"
2026-02-08T04:49:40.785828Z  INFO get_globs:scan_sources: tailwindcss_oxide::scanner: Discovering "C:\\My Web Sites\\Portfolio\\soliman.netlify.app\\static_backup\\assets\\css"
2026-02-08T04:49:40.786433Z  INFO get_globs:scan_sources: tailwindcss_oxide::scanner: Discovering "C:\\My Web Sites\\Portfolio\\soliman.netlify.app\\static_backup\\assets\\fonts"
2026-02-08T04:49:40.786728Z  INFO get_globs:scan_sources: tailwindcss_oxide::scanner: Discovering "C:\\My Web Sites\\Portfolio\\soliman.netlify.app\\static_backup\\assets\\images"
2026-02-08T04:49:40.786899Z  INFO get_globs:scan_sources: tailwindcss_oxide::scanner: Discovering "C:\\My Web Sites\\Portfolio\\soliman.netlify.app\\static_backup\\assets\\images\\blog"
2026-02-08T04:49:40.787156Z  INFO get_globs:scan_sources: tailwindcss_oxide::scanner: Discovering "C:\\My Web Sites\\Portfolio\\soliman.netlify.app\\static_backup\\assets\\images\\landing"
2026-02-08T04:49:40.787380Z  INFO get_globs:scan_sources: tailwindcss_oxide::scanner: Discovering "C:\\My Web Sites\\Portfolio\\soliman.netlify.app\\static_backup\\assets\\images\\portfolio"
2026-02-08T04:49:40.787606Z  INFO get_globs:scan_sources: tailwindcss_oxide::scanner: Discovering "C:\\My Web Sites\\Portfolio\\soliman.netlify.app\\static_backup\\assets\\images\\testimonials"
2026-02-08T04:49:40.787832Z  INFO get_globs:scan_sources: tailwindcss_oxide::scanner: Discovering "C:\\My Web Sites\\Portfolio\\soliman.netlify.app\\static_backup\\assets\\js"
2026-02-08T04:49:40.789069Z  INFO get_globs:scan_sources: tailwindcss_oxide::scanner: exit
2026-02-08T04:49:40.803194Z  INFO get_globs: tailwindcss_oxide::scanner: exit
