2026-02-08T04:51:49.014524Z  INFO tailwindcss_oxide::scanner: Provided sources:
2026-02-08T04:51:49.014664Z  INFO tailwindcss_oxide::scanner: Source: PublicSourceEntry { base: "C:\\My Web Sites\\Portfolio\\soliman.netlify.app", pattern: "**/*", negated: false }
2026-02-08T04:51:49.014917Z  INFO tailwindcss_oxide::scanner: Optimized sources:
2026-02-08T04:51:49.014939Z  INFO tailwindcss_oxide::scanner: Source: Auto { base: "C:\\My Web Sites\\Portfolio\\soliman.netlify.app" }
2026-02-08T04:51:49.017080Z  INFO scan_sources: tailwindcss_oxide::scanner: enter
2026-02-08T04:51:49.018549Z  INFO scan_sources: tailwindcss_oxide::scanner: Discovering "C:\\My Web Sites\\Portfolio\\soliman.netlify.app\\eslint.config.mjs"
2026-02-08T04:51:49.018865Z  INFO scan_sources: tailwindcss_oxide::scanner: Discovering "C:\\My Web Sites\\Portfolio\\soliman.netlify.app\\next.config.ts"
2026-02-08T04:51:49.019109Z  INFO scan_sources: tailwindcss_oxide::scanner: Discovering "C:\\My Web Sites\\Portfolio\\soliman.netlify.app\\package.json"
2026-02-08T04:51:49.019177Z  INFO scan_sources: tailwindcss_oxide::scanner: Discovering "C:\\My Web Sites\\Portfolio\\soliman.netlify.app\\postcss.config.mjs"
2026-02-08T04:51:49.019285Z  INFO scan_sources: tailwindcss_oxide::scanner: Discovering "C:\\My Web Sites\\Portfolio\\soliman.netlify.app\\prisma"
2026-02-08T04:51:49.019549Z  INFO scan_sources: tailwindcss_oxide::scanner: Discovering "C:\\My Web Sites\\Portfolio\\soliman.netlify.app\\prisma\\schema.prisma"
2026-02-08T04:51:49.019645Z  INFO scan_sources: tailwindcss_oxide::scanner: Discovering "C:\\My Web Sites\\Portfolio\\soliman.netlify.app\\prisma-error.txt"
2026-02-08T04:51:49.019713Z  INFO scan_sources: tailwindcss_oxide::scanner: Discovering "C:\\My Web Sites\\Portfolio\\soliman.netlify.app\\prisma.config.ts.backup"
2026-02-08T04:51:49.019831Z  INFO scan_sources: tailwindcss_oxide::scanner: Discovering "C:\\My Web Sites\\Portfolio\\soliman.netlify.app\\public"
2026-02-08T04:51:49.020004Z  INFO scan_sources: tailwindcss_oxide::scanner: Discovering "C:\\My Web Sites\\Portfolio\\soliman.netlify.app\\public\\assets"
2026-02-08T04:51:49.020174Z  INFO scan_sources: tailwindcss_oxide::scanner: Discovering "C:\\My Web Sites\\Portfolio\\soliman.netlify.app\\public\\assets\\css"
2026-02-08T04:51:49.020331Z  INFO scan_sources: tailwindcss_oxide::scanner: Discovering "C:\\My Web Sites\\Portfolio\\soliman.netlify.app\\public\\assets\\css\\AjaxLoader.html"
2026-02-08T04:51:49.020423Z  INFO scan_sources: tailwindcss_oxide::scanner: Discovering "C:\\My Web Sites\\Portfolio\\soliman.netlify.app\\public\\assets\\css\\animate.css"
2026-02-08T04:51:49.020492Z  INFO scan_sources: tailwindcss_oxide::scanner: Discovering "C:\\My Web Sites\\Portfolio\\soliman.netlify.app\\public\\assets\\css\\bg_fixed.css"
2026-02-08T04:51:49.020555Z  INFO scan_sources: tailwindcss_oxide::scanner: Discovering "C:\\My Web Sites\\Portfolio\\soliman.netlify.app\\public\\assets\\css\\bootstrap.css"
2026-02-08T04:51:49.020626Z  INFO scan_sources: tailwindcss_oxide::scanner: Discovering "C:\\My Web Sites\\Portfolio\\soliman.netlify.app\\public\\assets\\css\\font-awesome.min.css"
2026-02-08T04:51:49.020689Z  INFO scan_sources: tailwindcss_oxide::scanner: Discovering "C:\\My Web Sites\\Portfolio\\soliman.netlify.app\\public\\assets\\css\\grabbing.html"
2026-02-08T04:51:49.020757Z  INFO scan_sources: tailwindcss_oxide::scanner: Discovering "C:\\My Web Sites\\Portfolio\\soliman.netlify.app\\public\\assets\\css\\landing.css"
2026-02-08T04:51:49.020823Z  INFO scan_sources: tailwindcss_oxide::scanner: Discovering "C:\\My Web Sites\\Portfolio\\soliman.netlify.app\\public\\assets\\css\\magnific-popup.css"
2026-02-08T04:51:49.020888Z  INFO scan_sources: tailwindcss_oxide::scanner: Discovering "C:\\My Web Sites\\Portfolio\\soliman.netlify.app\\public\\assets\\css\\owl.carousel.min.css"
2026-02-08T04:51:49.020952Z  INFO scan_sources: tailwindcss_oxide::scanner: Discovering "C:\\My Web Sites\\Portfolio\\soliman.netlify.app\\public\\assets\\css\\owl.theme.min.css"
2026-02-08T04:51:49.021015Z  INFO scan_sources: tailwindcss_oxide::scanner: Discovering "C:\\My Web Sites\\Portfolio\\soliman.netlify.app\\public\\assets\\css\\responsive.css"
2026-02-08T04:51:49.021110Z  INFO scan_sources: tailwindcss_oxide::scanner: Discovering "C:\\My Web Sites\\Portfolio\\soliman.netlify.app\\public\\assets\\css\\style.css"
2026-02-08T04:51:49.021250Z  INFO scan_sources: tailwindcss_oxide::scanner: Discovering "C:\\My Web Sites\\Portfolio\\soliman.netlify.app\\public\\assets\\fonts"
2026-02-08T04:51:49.021396Z  INFO scan_sources: tailwindcss_oxide::scanner: Discovering "C:\\My Web Sites\\Portfolio\\soliman.netlify.app\\public\\assets\\fonts\\fontawesome-webfont5b62.svg"
2026-02-08T04:51:49.021476Z  INFO scan_sources: tailwindcss_oxide::scanner: Discovering "C:\\My Web Sites\\Portfolio\\soliman.netlify.app\\public\\assets\\fonts\\glyphicons-halflings-regular.svg"
2026-02-08T04:51:49.021614Z  INFO scan_sources: tailwindcss_oxide::scanner: Discovering "C:\\My Web Sites\\Portfolio\\soliman.netlify.app\\public\\assets\\images"
2026-02-08T04:51:49.021787Z  INFO scan_sources: tailwindcss_oxide::scanner: Discovering "C:\\My Web Sites\\Portfolio\\soliman.netlify.app\\public\\assets\\images\\blog"
2026-02-08T04:51:49.021994Z  INFO scan_sources: tailwindcss_oxide::scanner: Discovering "C:\\My Web Sites\\Portfolio\\soliman.netlify.app\\public\\assets\\images\\landing"
2026-02-08T04:51:49.022216Z  INFO scan_sources: tailwindcss_oxide::scanner: Discovering "C:\\My Web Sites\\Portfolio\\soliman.netlify.app\\public\\assets\\images\\portfolio"
2026-02-08T04:51:49.022441Z  INFO scan_sources: tailwindcss_oxide::scanner: Discovering "C:\\My Web Sites\\Portfolio\\soliman.netlify.app\\public\\assets\\images\\testimonials"
2026-02-08T04:51:49.022764Z  INFO scan_sources: tailwindcss_oxide::scanner: Discovering "C:\\My Web Sites\\Portfolio\\soliman.netlify.app\\public\\assets\\js"
2026-02-08T04:51:49.022951Z  INFO scan_sources: tailwindcss_oxide::scanner: Discovering "C:\\My Web Sites\\Portfolio\\soliman.netlify.app\\public\\assets\\js\\animate-skills.js"
2026-02-08T04:51:49.023038Z  INFO scan_sources: tailwindcss_oxide::scanner: Discovering "C:\\My Web Sites\\Portfolio\\soliman.netlify.app\\public\\assets\\js\\app.js"
2026-02-08T04:51:49.023107Z  INFO scan_sources: tailwindcss_oxide::scanner: Discovering "C:\\My Web Sites\\Portfolio\\soliman.netlify.app\\public\\assets\\js\\bootstrap.min.js"
2026-02-08T04:51:49.023201Z  INFO scan_sources: tailwindcss_oxide::scanner: Discovering "C:\\My Web Sites\\Portfolio\\soliman.netlify.app\\public\\assets\\js\\classie.js"
2026-02-08T04:51:49.023288Z  INFO scan_sources: tailwindcss_oxide::scanner: Discovering "C:\\My Web Sites\\Portfolio\\soliman.netlify.app\\public\\assets\\js\\custom.js"
2026-02-08T04:51:49.023359Z  INFO scan_sources: tailwindcss_oxide::scanner: Discovering "C:\\My Web Sites\\Portfolio\\soliman.netlify.app\\public\\assets\\js\\isotope.pkgd.min.js"
2026-02-08T04:51:49.023432Z  INFO scan_sources: tailwindcss_oxide::scanner: Discovering "C:\\My Web Sites\\Portfolio\\soliman.netlify.app\\public\\assets\\js\\jquery.fittext.js"
2026-02-08T04:51:49.023506Z  INFO scan_sources: tailwindcss_oxide::scanner: Discovering "C:\\My Web Sites\\Portfolio\\soliman.netlify.app\\public\\assets\\js\\jquery.magnific-popup.min.js"
2026-02-08T04:51:49.023614Z  INFO scan_sources: tailwindcss_oxide::scanner: Discovering "C:\\My Web Sites\\Portfolio\\soliman.netlify.app\\public\\assets\\js\\jquery.mb.YTPlayer.min.js"
2026-02-08T04:51:49.023724Z  INFO scan_sources: tailwindcss_oxide::scanner: Discovering "C:\\My Web Sites\\Portfolio\\soliman.netlify.app\\public\\assets\\js\\jquery.min.js"
2026-02-08T04:51:49.023791Z  INFO scan_sources: tailwindcss_oxide::scanner: Discovering "C:\\My Web Sites\\Portfolio\\soliman.netlify.app\\public\\assets\\js\\landing.js"
2026-02-08T04:51:49.023858Z  INFO scan_sources: tailwindcss_oxide::scanner: Discovering "C:\\My Web Sites\\Portfolio\\soliman.netlify.app\\public\\assets\\js\\owl.carousel.min.js"
2026-02-08T04:51:49.023941Z  INFO scan_sources: tailwindcss_oxide::scanner: Discovering "C:\\My Web Sites\\Portfolio\\soliman.netlify.app\\public\\assets\\js\\parallax.min.js"
2026-02-08T04:51:49.024033Z  INFO scan_sources: tailwindcss_oxide::scanner: Discovering "C:\\My Web Sites\\Portfolio\\soliman.netlify.app\\public\\assets\\js\\particles.min.js"
2026-02-08T04:51:49.024097Z  INFO scan_sources: tailwindcss_oxide::scanner: Discovering "C:\\My Web Sites\\Portfolio\\soliman.netlify.app\\public\\assets\\js\\snap.svg-min.js"
2026-02-08T04:51:49.024160Z  INFO scan_sources: tailwindcss_oxide::scanner: Discovering "C:\\My Web Sites\\Portfolio\\soliman.netlify.app\\public\\assets\\js\\svgLoader.js"
2026-02-08T04:51:49.024223Z  INFO scan_sources: tailwindcss_oxide::scanner: Discovering "C:\\My Web Sites\\Portfolio\\soliman.netlify.app\\public\\assets\\js\\typed.min.js"
2026-02-08T04:51:49.024329Z  INFO scan_sources: tailwindcss_oxide::scanner: Discovering "C:\\My Web Sites\\Portfolio\\soliman.netlify.app\\public\\file.svg"
2026-02-08T04:51:49.024392Z  INFO scan_sources: tailwindcss_oxide::scanner: Discovering "C:\\My Web Sites\\Portfolio\\soliman.netlify.app\\public\\globe.svg"
2026-02-08T04:51:49.024502Z  INFO scan_sources: tailwindcss_oxide::scanner: Discovering "C:\\My Web Sites\\Portfolio\\soliman.netlify.app\\public\\next.svg"
2026-02-08T04:51:49.024619Z  INFO scan_sources: tailwindcss_oxide::scanner: Discovering "C:\\My Web Sites\\Portfolio\\soliman.netlify.app\\public\\vercel.svg"
2026-02-08T04:51:49.024718Z  INFO scan_sources: tailwindcss_oxide::scanner: Discovering "C:\\My Web Sites\\Portfolio\\soliman.netlify.app\\public\\window.svg"
2026-02-08T04:51:49.024903Z  INFO scan_sources: tailwindcss_oxide::scanner: Discovering "C:\\My Web Sites\\Portfolio\\soliman.netlify.app\\README.md"
2026-02-08T04:51:49.025111Z  INFO scan_sources: tailwindcss_oxide::scanner: Discovering "C:\\My Web Sites\\Portfolio\\soliman.netlify.app\\src"
2026-02-08T04:51:49.025611Z  INFO scan_sources: tailwindcss_oxide::scanner: Discovering "C:\\My Web Sites\\Portfolio\\soliman.netlify.app\\src\\app"
2026-02-08T04:51:49.025924Z  INFO scan_sources: tailwindcss_oxide::scanner: Discovering "C:\\My Web Sites\\Portfolio\\soliman.netlify.app\\src\\app\\admin"
2026-02-08T04:51:49.026236Z  INFO scan_sources: tailwindcss_oxide::scanner: Discovering "C:\\My Web Sites\\Portfolio\\soliman.netlify.app\\src\\app\\admin\\login"
2026-02-08T04:51:49.026431Z  INFO scan_sources: tailwindcss_oxide::scanner: Discovering "C:\\My Web Sites\\Portfolio\\soliman.netlify.app\\src\\app\\admin\\login\\page.tsx"
2026-02-08T04:51:49.026586Z  INFO scan_sources: tailwindcss_oxide::scanner: Discovering "C:\\My Web Sites\\Portfolio\\soliman.netlify.app\\src\\app\\admin\\page.tsx"
2026-02-08T04:51:49.026762Z  INFO scan_sources: tailwindcss_oxide::scanner: Discovering "C:\\My Web Sites\\Portfolio\\soliman.netlify.app\\src\\app\\api"
2026-02-08T04:51:49.027104Z  INFO scan_sources: tailwindcss_oxide::scanner: Discovering "C:\\My Web Sites\\Portfolio\\soliman.netlify.app\\src\\app\\api\\admin"
2026-02-08T04:51:49.027290Z  INFO scan_sources: tailwindcss_oxide::scanner: Discovering "C:\\My Web Sites\\Portfolio\\soliman.netlify.app\\src\\app\\api\\admin\\posts"
2026-02-08T04:51:49.027509Z  INFO scan_sources: tailwindcss_oxide::scanner: Discovering "C:\\My Web Sites\\Portfolio\\soliman.netlify.app\\src\\app\\api\\admin\\posts\\route.ts"
2026-02-08T04:51:49.027681Z  INFO scan_sources: tailwindcss_oxide::scanner: Discovering "C:\\My Web Sites\\Portfolio\\soliman.netlify.app\\src\\app\\api\\auth"
2026-02-08T04:51:49.027884Z  INFO scan_sources: tailwindcss_oxide::scanner: Discovering "C:\\My Web Sites\\Portfolio\\soliman.netlify.app\\src\\app\\api\\auth\\login"
2026-02-08T04:51:49.028063Z  INFO scan_sources: tailwindcss_oxide::scanner: Discovering "C:\\My Web Sites\\Portfolio\\soliman.netlify.app\\src\\app\\api\\auth\\login\\route.ts"
2026-02-08T04:51:49.028257Z  INFO scan_sources: tailwindcss_oxide::scanner: Discovering "C:\\My Web Sites\\Portfolio\\soliman.netlify.app\\src\\app\\api\\debug"
2026-02-08T04:51:49.028394Z  INFO scan_sources: tailwindcss_oxide::scanner: Discovering "C:\\My Web Sites\\Portfolio\\soliman.netlify.app\\src\\app\\api\\debug\\route.ts"
2026-02-08T04:51:49.028589Z  INFO scan_sources: tailwindcss_oxide::scanner: Discovering "C:\\My Web Sites\\Portfolio\\soliman.netlify.app\\src\\app\\blog"
2026-02-08T04:51:49.028739Z  INFO scan_sources: tailwindcss_oxide::scanner: Discovering "C:\\My Web Sites\\Portfolio\\soliman.netlify.app\\src\\app\\blog\\page.tsx"
2026-02-08T04:51:49.028887Z  INFO scan_sources: tailwindcss_oxide::scanner: Discovering "C:\\My Web Sites\\Portfolio\\soliman.netlify.app\\src\\app\\blog\\[slug]"
2026-02-08T04:51:49.029032Z  INFO scan_sources: tailwindcss_oxide::scanner: Discovering "C:\\My Web Sites\\Portfolio\\soliman.netlify.app\\src\\app\\blog\\[slug]\\page.tsx"
2026-02-08T04:51:49.029183Z  INFO scan_sources: tailwindcss_oxide::scanner: Discovering "C:\\My Web Sites\\Portfolio\\soliman.netlify.app\\src\\app\\globals.css"
2026-02-08T04:51:49.029352Z  INFO scan_sources: tailwindcss_oxide::scanner: Discovering "C:\\My Web Sites\\Portfolio\\soliman.netlify.app\\src\\app\\layout.tsx"
2026-02-08T04:51:49.029434Z  INFO scan_sources: tailwindcss_oxide::scanner: Discovering "C:\\My Web Sites\\Portfolio\\soliman.netlify.app\\src\\app\\page.tsx"
2026-02-08T04:51:49.029597Z  INFO scan_sources: tailwindcss_oxide::scanner: Discovering "C:\\My Web Sites\\Portfolio\\soliman.netlify.app\\src\\components"
2026-02-08T04:51:49.029724Z  INFO scan_sources: tailwindcss_oxide::scanner: Discovering "C:\\My Web Sites\\Portfolio\\soliman.netlify.app\\src\\components\\Hero.tsx"
2026-02-08T04:51:49.029787Z  INFO scan_sources: tailwindcss_oxide::scanner: Discovering "C:\\My Web Sites\\Portfolio\\soliman.netlify.app\\src\\components\\Navbar.tsx"
2026-02-08T04:51:49.029880Z  INFO scan_sources: tailwindcss_oxide::scanner: Discovering "C:\\My Web Sites\\Portfolio\\soliman.netlify.app\\src\\components\\Skills.tsx"
2026-02-08T04:51:49.030040Z  INFO scan_sources: tailwindcss_oxide::scanner: Discovering "C:\\My Web Sites\\Portfolio\\soliman.netlify.app\\src\\data"
2026-02-08T04:51:49.030427Z  INFO scan_sources: tailwindcss_oxide::scanner: Discovering "C:\\My Web Sites\\Portfolio\\soliman.netlify.app\\src\\data\\posts.json"
2026-02-08T04:51:49.030729Z  INFO scan_sources: tailwindcss_oxide::scanner: Discovering "C:\\My Web Sites\\Portfolio\\soliman.netlify.app\\src\\lib"
2026-02-08T04:51:49.030967Z  INFO scan_sources: tailwindcss_oxide::scanner: Discovering "C:\\My Web Sites\\Portfolio\\soliman.netlify.app\\src\\lib\\posts.ts"
2026-02-08T04:51:49.031167Z  INFO scan_sources: tailwindcss_oxide::scanner: Discovering "C:\\My Web Sites\\Portfolio\\soliman.netlify.app\\src\\lib\\prisma.ts"
2026-02-08T04:51:49.031376Z  INFO scan_sources: tailwindcss_oxide::scanner: Discovering "C:\\My Web Sites\\Portfolio\\soliman.netlify.app\\src\\middleware.ts"
2026-02-08T04:51:49.031603Z  INFO scan_sources: tailwindcss_oxide::scanner: Discovering "C:\\My Web Sites\\Portfolio\\soliman.netlify.app\\src\\scripts"
2026-02-08T04:51:49.031864Z  INFO scan_sources: tailwindcss_oxide::scanner: Discovering "C:\\My Web Sites\\Portfolio\\soliman.netlify.app\\src\\scripts\\test-db.ts"
2026-02-08T04:51:49.032069Z  INFO scan_sources: tailwindcss_oxide::scanner: Discovering "C:\\My Web Sites\\Portfolio\\soliman.netlify.app\\src\\types"
2026-02-08T04:51:49.032370Z  INFO scan_sources: tailwindcss_oxide::scanner: Discovering "C:\\My Web Sites\\Portfolio\\soliman.netlify.app\\src\\types\\index.ts"
2026-02-08T04:51:49.032669Z  INFO scan_sources: tailwindcss_oxide::scanner: Discovering "C:\\My Web Sites\\Portfolio\\soliman.netlify.app\\static_backup"
2026-02-08T04:51:49.033237Z  INFO scan_sources: tailwindcss_oxide::scanner: Discovering "C:\\My Web Sites\\Portfolio\\soliman.netlify.app\\static_backup\\assets"
2026-02-08T04:51:49.033734Z  INFO scan_sources: tailwindcss_oxide::scanner: Discovering "C:\\My Web Sites\\Portfolio\\soliman.netlify.app\\static_backup\\assets\\css"
2026-02-08T04:51:49.033999Z  INFO scan_sources: tailwindcss_oxide::scanner: Discovering "C:\\My Web Sites\\Portfolio\\soliman.netlify.app\\static_backup\\assets\\css\\AjaxLoader.html"
2026-02-08T04:51:49.034090Z  INFO scan_sources: tailwindcss_oxide::scanner: Discovering "C:\\My Web Sites\\Portfolio\\soliman.netlify.app\\static_backup\\assets\\css\\animate.css"
2026-02-08T04:51:49.034288Z  INFO scan_sources: tailwindcss_oxide::scanner: Discovering "C:\\My Web Sites\\Portfolio\\soliman.netlify.app\\static_backup\\assets\\css\\bg_fixed.css"
2026-02-08T04:51:49.034482Z  INFO scan_sources: tailwindcss_oxide::scanner: Discovering "C:\\My Web Sites\\Portfolio\\soliman.netlify.app\\static_backup\\assets\\css\\bootstrap.css"
2026-02-08T04:51:49.034601Z  INFO scan_sources: tailwindcss_oxide::scanner: Discovering "C:\\My Web Sites\\Portfolio\\soliman.netlify.app\\static_backup\\assets\\css\\font-awesome.min.css"
2026-02-08T04:51:49.034772Z  INFO scan_sources: tailwindcss_oxide::scanner: Discovering "C:\\My Web Sites\\Portfolio\\soliman.netlify.app\\static_backup\\assets\\css\\grabbing.html"
2026-02-08T04:51:49.034956Z  INFO scan_sources: tailwindcss_oxide::scanner: Discovering "C:\\My Web Sites\\Portfolio\\soliman.netlify.app\\static_backup\\assets\\css\\landing.css"
2026-02-08T04:51:49.035177Z  INFO scan_sources: tailwindcss_oxide::scanner: Discovering "C:\\My Web Sites\\Portfolio\\soliman.netlify.app\\static_backup\\assets\\css\\magnific-popup.css"
2026-02-08T04:51:49.035319Z  INFO scan_sources: tailwindcss_oxide::scanner: Discovering "C:\\My Web Sites\\Portfolio\\soliman.netlify.app\\static_backup\\assets\\css\\owl.carousel.min.css"
2026-02-08T04:51:49.035385Z  INFO scan_sources: tailwindcss_oxide::scanner: Discovering "C:\\My Web Sites\\Portfolio\\soliman.netlify.app\\static_backup\\assets\\css\\owl.theme.min.css"
2026-02-08T04:51:49.035450Z  INFO scan_sources: tailwindcss_oxide::scanner: Discovering "C:\\My Web Sites\\Portfolio\\soliman.netlify.app\\static_backup\\assets\\css\\responsive.css"
2026-02-08T04:51:49.035622Z  INFO scan_sources: tailwindcss_oxide::scanner: Discovering "C:\\My Web Sites\\Portfolio\\soliman.netlify.app\\static_backup\\assets\\css\\style.css"
2026-02-08T04:51:49.036224Z  INFO scan_sources: tailwindcss_oxide::scanner: Discovering "C:\\My Web Sites\\Portfolio\\soliman.netlify.app\\static_backup\\assets\\fonts"
2026-02-08T04:51:49.036574Z  INFO scan_sources: tailwindcss_oxide::scanner: Discovering "C:\\My Web Sites\\Portfolio\\soliman.netlify.app\\static_backup\\assets\\fonts\\fontawesome-webfont5b62.svg"
2026-02-08T04:51:49.036713Z  INFO scan_sources: tailwindcss_oxide::scanner: Discovering "C:\\My Web Sites\\Portfolio\\soliman.netlify.app\\static_backup\\assets\\fonts\\glyphicons-halflings-regular.svg"
2026-02-08T04:51:49.037108Z  INFO scan_sources: tailwindcss_oxide::scanner: Discovering "C:\\My Web Sites\\Portfolio\\soliman.netlify.app\\static_backup\\assets\\images"
2026-02-08T04:51:49.037521Z  INFO scan_sources: tailwindcss_oxide::scanner: Discovering "C:\\My Web Sites\\Portfolio\\soliman.netlify.app\\static_backup\\assets\\images\\blog"
2026-02-08T04:51:49.037880Z  INFO scan_sources: tailwindcss_oxide::scanner: Discovering "C:\\My Web Sites\\Portfolio\\soliman.netlify.app\\static_backup\\assets\\images\\landing"
2026-02-08T04:51:49.039868Z  INFO scan_sources: tailwindcss_oxide::scanner: Discovering "C:\\My Web Sites\\Portfolio\\soliman.netlify.app\\static_backup\\assets\\images\\portfolio"
2026-02-08T04:51:49.040775Z  INFO scan_sources: tailwindcss_oxide::scanner: Discovering "C:\\My Web Sites\\Portfolio\\soliman.netlify.app\\static_backup\\assets\\images\\testimonials"
2026-02-08T04:51:49.041554Z  INFO scan_sources: tailwindcss_oxide::scanner: Discovering "C:\\My Web Sites\\Portfolio\\soliman.netlify.app\\static_backup\\assets\\js"
2026-02-08T04:51:49.042022Z  INFO scan_sources: tailwindcss_oxide::scanner: Discovering "C:\\My Web Sites\\Portfolio\\soliman.netlify.app\\static_backup\\assets\\js\\animate-skills.js"
2026-02-08T04:51:49.044854Z  INFO scan_sources: tailwindcss_oxide::scanner: Discovering "C:\\My Web Sites\\Portfolio\\soliman.netlify.app\\static_backup\\assets\\js\\app.js"
2026-02-08T04:51:49.046025Z  INFO scan_sources: tailwindcss_oxide::scanner: Discovering "C:\\My Web Sites\\Portfolio\\soliman.netlify.app\\static_backup\\assets\\js\\bootstrap.min.js"
2026-02-08T04:51:49.046327Z  INFO scan_sources: tailwindcss_oxide::scanner: Discovering "C:\\My Web Sites\\Portfolio\\soliman.netlify.app\\static_backup\\assets\\js\\classie.js"
2026-02-08T04:51:49.046535Z  INFO scan_sources: tailwindcss_oxide::scanner: Discovering "C:\\My Web Sites\\Portfolio\\soliman.netlify.app\\static_backup\\assets\\js\\custom.js"
2026-02-08T04:51:49.046881Z  INFO scan_sources: tailwindcss_oxide::scanner: Discovering "C:\\My Web Sites\\Portfolio\\soliman.netlify.app\\static_backup\\assets\\js\\isotope.pkgd.min.js"
2026-02-08T04:51:49.047286Z  INFO scan_sources: tailwindcss_oxide::scanner: Discovering "C:\\My Web Sites\\Portfolio\\soliman.netlify.app\\static_backup\\assets\\js\\jquery.fittext.js"
2026-02-08T04:51:49.048547Z  INFO scan_sources: tailwindcss_oxide::scanner: Discovering "C:\\My Web Sites\\Portfolio\\soliman.netlify.app\\static_backup\\assets\\js\\jquery.magnific-popup.min.js"
2026-02-08T04:51:49.048697Z  INFO scan_sources: tailwindcss_oxide::scanner: Discovering "C:\\My Web Sites\\Portfolio\\soliman.netlify.app\\static_backup\\assets\\js\\jquery.mb.YTPlayer.min.js"
2026-02-08T04:51:49.049244Z  INFO scan_sources: tailwindcss_oxide::scanner: Discovering "C:\\My Web Sites\\Portfolio\\soliman.netlify.app\\static_backup\\assets\\js\\jquery.min.js"
2026-02-08T04:51:49.049359Z  INFO scan_sources: tailwindcss_oxide::scanner: Discovering "C:\\My Web Sites\\Portfolio\\soliman.netlify.app\\static_backup\\assets\\js\\landing.js"
2026-02-08T04:51:49.049750Z  INFO scan_sources: tailwindcss_oxide::scanner: Discovering "C:\\My Web Sites\\Portfolio\\soliman.netlify.app\\static_backup\\assets\\js\\owl.carousel.min.js"
2026-02-08T04:51:49.049981Z  INFO scan_sources: tailwindcss_oxide::scanner: Discovering "C:\\My Web Sites\\Portfolio\\soliman.netlify.app\\static_backup\\assets\\js\\parallax.min.js"
2026-02-08T04:51:49.050149Z  INFO scan_sources: tailwindcss_oxide::scanner: Discovering "C:\\My Web Sites\\Portfolio\\soliman.netlify.app\\static_backup\\assets\\js\\particles.min.js"
2026-02-08T04:51:49.050264Z  INFO scan_sources: tailwindcss_oxide::scanner: Discovering "C:\\My Web Sites\\Portfolio\\soliman.netlify.app\\static_backup\\assets\\js\\snap.svg-min.js"
2026-02-08T04:51:49.050379Z  INFO scan_sources: tailwindcss_oxide::scanner: Discovering "C:\\My Web Sites\\Portfolio\\soliman.netlify.app\\static_backup\\assets\\js\\svgLoader.js"
2026-02-08T04:51:49.050491Z  INFO scan_sources: tailwindcss_oxide::scanner: Discovering "C:\\My Web Sites\\Portfolio\\soliman.netlify.app\\static_backup\\assets\\js\\typed.min.js"
2026-02-08T04:51:49.050869Z  INFO scan_sources: tailwindcss_oxide::scanner: Discovering "C:\\My Web Sites\\Portfolio\\soliman.netlify.app\\static_backup\\index.html"
2026-02-08T04:51:49.050988Z  INFO scan_sources: tailwindcss_oxide::scanner: Discovering "C:\\My Web Sites\\Portfolio\\soliman.netlify.app\\static_backup\\index_static.html"
2026-02-08T04:51:49.051136Z  INFO scan_sources: tailwindcss_oxide::scanner: Discovering "C:\\My Web Sites\\Portfolio\\soliman.netlify.app\\static_backup\\index_static_bg_fixed.html"
2026-02-08T04:51:49.051421Z  INFO scan_sources: tailwindcss_oxide::scanner: Discovering "C:\\My Web Sites\\Portfolio\\soliman.netlify.app\\static_backup\\index_static_bg_video.html"
2026-02-08T04:51:49.051874Z  INFO scan_sources: tailwindcss_oxide::scanner: Discovering "C:\\My Web Sites\\Portfolio\\soliman.netlify.app\\static_backup\\index_static_particle.html"
2026-02-08T04:51:49.052228Z  INFO scan_sources: tailwindcss_oxide::scanner: Discovering "C:\\My Web Sites\\Portfolio\\soliman.netlify.app\\static_backup\\index_static_svg_shape.html"
2026-02-08T04:51:49.052353Z  INFO scan_sources: tailwindcss_oxide::scanner: Discovering "C:\\My Web Sites\\Portfolio\\soliman.netlify.app\\static_backup\\index_type.html"
2026-02-08T04:51:49.052638Z  INFO scan_sources: tailwindcss_oxide::scanner: Discovering "C:\\My Web Sites\\Portfolio\\soliman.netlify.app\\static_backup\\index_type_bg_fixed.html"
2026-02-08T04:51:49.052757Z  INFO scan_sources: tailwindcss_oxide::scanner: Discovering "C:\\My Web Sites\\Portfolio\\soliman.netlify.app\\static_backup\\index_type_bg_video.html"
2026-02-08T04:51:49.052989Z  INFO scan_sources: tailwindcss_oxide::scanner: Discovering "C:\\My Web Sites\\Portfolio\\soliman.netlify.app\\static_backup\\index_type_particle.html"
2026-02-08T04:51:49.053112Z  INFO scan_sources: tailwindcss_oxide::scanner: Discovering "C:\\My Web Sites\\Portfolio\\soliman.netlify.app\\static_backup\\index_type_svg_shape.html"
2026-02-08T04:51:49.054414Z  INFO scan_sources: tailwindcss_oxide::scanner: Discovering "C:\\My Web Sites\\Portfolio\\soliman.netlify.app\\test-schema.prisma"
2026-02-08T04:51:49.054623Z  INFO scan_sources: tailwindcss_oxide::scanner: Discovering "C:\\My Web Sites\\Portfolio\\soliman.netlify.app\\tsconfig.json"
2026-02-08T04:51:49.055023Z  INFO scan_sources: tailwindcss_oxide::scanner: exit
2026-02-08T04:51:49.055061Z  INFO extract_candidates: tailwindcss_oxide::scanner: enter
2026-02-08T04:51:49.055097Z  INFO extract_candidates:read_all_files: tailwindcss_oxide::scanner: enter
2026-02-08T04:51:49.055105Z  INFO extract_candidates:read_all_files: tailwindcss_oxide::scanner: Reading 86 file(s)
2026-02-08T04:51:49.056421Z  INFO tailwindcss_oxide::scanner: Reading "C:\\My Web Sites\\Portfolio\\soliman.netlify.app\\public\\assets\\js\\landing.js"
2026-02-08T04:51:49.056424Z  INFO tailwindcss_oxide::scanner: Reading "C:\\My Web Sites\\Portfolio\\soliman.netlify.app\\eslint.config.mjs"
2026-02-08T04:51:49.056486Z  INFO tailwindcss_oxide::scanner: Reading "C:\\My Web Sites\\Portfolio\\soliman.netlify.app\\static_backup\\assets\\js\\jquery.mb.YTPlayer.min.js"
2026-02-08T04:51:49.056429Z  INFO tailwindcss_oxide::scanner: Reading "C:\\My Web Sites\\Portfolio\\soliman.netlify.app\\src\\components\\Hero.tsx"
2026-02-08T04:51:49.056561Z  INFO tailwindcss_oxide::scanner: Reading "C:\\My Web Sites\\Portfolio\\soliman.netlify.app\\public\\window.svg"
2026-02-08T04:51:49.056628Z  INFO tailwindcss_oxide::scanner: Reading "C:\\My Web Sites\\Portfolio\\soliman.netlify.app\\next.config.ts"
2026-02-08T04:51:49.056630Z  INFO tailwindcss_oxide::scanner: Reading "C:\\My Web Sites\\Portfolio\\soliman.netlify.app\\public\\assets\\js\\owl.carousel.min.js"
2026-02-08T04:51:49.056680Z  INFO tailwindcss_oxide::scanner: Reading "C:\\My Web Sites\\Portfolio\\soliman.netlify.app\\src\\components\\Navbar.tsx"
2026-02-08T04:51:49.056692Z  INFO tailwindcss_oxide::scanner: Reading "C:\\My Web Sites\\Portfolio\\soliman.netlify.app\\README.md"
2026-02-08T04:51:49.056703Z  INFO tailwindcss_oxide::scanner: Reading "C:\\My Web Sites\\Portfolio\\soliman.netlify.app\\src\\app\\api\\auth\\login\\route.ts"
2026-02-08T04:51:49.056716Z  INFO tailwindcss_oxide::scanner: Reading "C:\\My Web Sites\\Portfolio\\soliman.netlify.app\\static_backup\\assets\\js\\jquery.min.js"
2026-02-08T04:51:49.056729Z  INFO tailwindcss_oxide::scanner: Reading "C:\\My Web Sites\\Portfolio\\soliman.netlify.app\\package.json"
2026-02-08T04:51:49.056763Z  INFO tailwindcss_oxide::scanner: Reading "C:\\My Web Sites\\Portfolio\\soliman.netlify.app\\public\\assets\\js\\parallax.min.js"
2026-02-08T04:51:49.056763Z  INFO tailwindcss_oxide::scanner: Reading "C:\\My Web Sites\\Portfolio\\soliman.netlify.app\\static_backup\\assets\\css\\grabbing.html"
2026-02-08T04:51:49.056788Z  INFO tailwindcss_oxide::scanner: Reading "C:\\My Web Sites\\Portfolio\\soliman.netlify.app\\src\\components\\Skills.tsx"
2026-02-08T04:51:49.056818Z  INFO tailwindcss_oxide::scanner: Reading "C:\\My Web Sites\\Portfolio\\soliman.netlify.app\\src\\app\\admin\\login\\page.tsx"
2026-02-08T04:51:49.056826Z  INFO tailwindcss_oxide::scanner: Reading "C:\\My Web Sites\\Portfolio\\soliman.netlify.app\\src\\app\\api\\debug\\route.ts"
2026-02-08T04:51:49.056832Z  INFO tailwindcss_oxide::scanner: Reading "C:\\My Web Sites\\Portfolio\\soliman.netlify.app\\postcss.config.mjs"
2026-02-08T04:51:49.056848Z  INFO tailwindcss_oxide::scanner: Reading "C:\\My Web Sites\\Portfolio\\soliman.netlify.app\\src\\app\\admin\\page.tsx"
2026-02-08T04:51:49.056855Z  INFO tailwindcss_oxide::scanner: Reading "C:\\My Web Sites\\Portfolio\\soliman.netlify.app\\static_backup\\assets\\js\\landing.js"
2026-02-08T04:51:49.056873Z  INFO tailwindcss_oxide::scanner: Reading "C:\\My Web Sites\\Portfolio\\soliman.netlify.app\\public\\assets\\js\\particles.min.js"
2026-02-08T04:51:49.056914Z  INFO tailwindcss_oxide::scanner: Reading "C:\\My Web Sites\\Portfolio\\soliman.netlify.app\\src\\data\\posts.json"
2026-02-08T04:51:49.056909Z  INFO tailwindcss_oxide::scanner: Reading "C:\\My Web Sites\\Portfolio\\soliman.netlify.app\\public\\assets\\js\\svgLoader.js"
2026-02-08T04:51:49.056932Z  INFO tailwindcss_oxide::scanner: Reading "C:\\My Web Sites\\Portfolio\\soliman.netlify.app\\src\\app\\blog\\page.tsx"
2026-02-08T04:51:49.056920Z  INFO tailwindcss_oxide::scanner: Reading "C:\\My Web Sites\\Portfolio\\soliman.netlify.app\\prisma\\schema.prisma"
2026-02-08T04:51:49.056920Z  INFO tailwindcss_oxide::scanner: Reading "C:\\My Web Sites\\Portfolio\\soliman.netlify.app\\public\\globe.svg"
2026-02-08T04:51:49.056976Z  INFO tailwindcss_oxide::scanner: Reading "C:\\My Web Sites\\Portfolio\\soliman.netlify.app\\static_backup\\assets\\js\\owl.carousel.min.js"
2026-02-08T04:51:49.056968Z  INFO tailwindcss_oxide::scanner: Reading "C:\\My Web Sites\\Portfolio\\soliman.netlify.app\\src\\app\\api\\admin\\posts\\route.ts"
2026-02-08T04:51:49.057036Z  INFO tailwindcss_oxide::scanner: Reading "C:\\My Web Sites\\Portfolio\\soliman.netlify.app\\static_backup\\index_static_bg_fixed.html"
2026-02-08T04:51:49.057040Z  INFO tailwindcss_oxide::scanner: Reading "C:\\My Web Sites\\Portfolio\\soliman.netlify.app\\src\\lib\\posts.ts"
2026-02-08T04:51:49.057067Z  INFO tailwindcss_oxide::scanner: Reading "C:\\My Web Sites\\Portfolio\\soliman.netlify.app\\src\\app\\blog\\[slug]\\page.tsx"
2026-02-08T04:51:49.057067Z  INFO tailwindcss_oxide::scanner: Reading "C:\\My Web Sites\\Portfolio\\soliman.netlify.app\\public\\assets\\js\\snap.svg-min.js"
2026-02-08T04:51:49.057044Z  INFO tailwindcss_oxide::scanner: Reading "C:\\My Web Sites\\Portfolio\\soliman.netlify.app\\public\\assets\\js\\typed.min.js"
2026-02-08T04:51:49.057069Z  INFO tailwindcss_oxide::scanner: Reading "C:\\My Web Sites\\Portfolio\\soliman.netlify.app\\prisma-error.txt"
2026-02-08T04:51:49.057120Z  INFO tailwindcss_oxide::scanner: Reading "C:\\My Web Sites\\Portfolio\\soliman.netlify.app\\src\\app\\layout.tsx"
2026-02-08T04:51:49.057093Z  INFO tailwindcss_oxide::scanner: Reading "C:\\My Web Sites\\Portfolio\\soliman.netlify.app\\public\\next.svg"
2026-02-08T04:51:49.057099Z  INFO tailwindcss_oxide::scanner: Reading "C:\\My Web Sites\\Portfolio\\soliman.netlify.app\\src\\lib\\prisma.ts"
2026-02-08T04:51:49.057110Z  INFO tailwindcss_oxide::scanner: Reading "C:\\My Web Sites\\Portfolio\\soliman.netlify.app\\static_backup\\assets\\js\\parallax.min.js"
2026-02-08T04:51:49.057170Z  INFO tailwindcss_oxide::scanner: Reading "C:\\My Web Sites\\Portfolio\\soliman.netlify.app\\static_backup\\assets\\js\\particles.min.js"
2026-02-08T04:51:49.057211Z  INFO tailwindcss_oxide::scanner: Reading "C:\\My Web Sites\\Portfolio\\soliman.netlify.app\\public\\file.svg"
2026-02-08T04:51:49.057178Z  INFO tailwindcss_oxide::scanner: Reading "C:\\My Web Sites\\Portfolio\\soliman.netlify.app\\static_backup\\assets\\fonts\\fontawesome-webfont5b62.svg"
2026-02-08T04:51:49.057239Z  INFO tailwindcss_oxide::scanner: Reading "C:\\My Web Sites\\Portfolio\\soliman.netlify.app\\public\\vercel.svg"
2026-02-08T04:51:49.057254Z  INFO tailwindcss_oxide::scanner: Reading "C:\\My Web Sites\\Portfolio\\soliman.netlify.app\\static_backup\\assets\\js\\bootstrap.min.js"
2026-02-08T04:51:49.057279Z  INFO tailwindcss_oxide::scanner: Reading "C:\\My Web Sites\\Portfolio\\soliman.netlify.app\\src\\middleware.ts"
2026-02-08T04:51:49.057281Z  INFO tailwindcss_oxide::scanner: Reading "C:\\My Web Sites\\Portfolio\\soliman.netlify.app\\prisma.config.ts.backup"
2026-02-08T04:51:49.057299Z  INFO tailwindcss_oxide::scanner: Reading "C:\\My Web Sites\\Portfolio\\soliman.netlify.app\\src\\app\\page.tsx"
2026-02-08T04:51:49.057296Z  INFO tailwindcss_oxide::scanner: Reading "C:\\My Web Sites\\Portfolio\\soliman.netlify.app\\public\\assets\\css\\AjaxLoader.html"
2026-02-08T04:51:49.057397Z  INFO tailwindcss_oxide::scanner: Reading "C:\\My Web Sites\\Portfolio\\soliman.netlify.app\\static_backup\\assets\\js\\classie.js"
2026-02-08T04:51:49.057304Z  INFO tailwindcss_oxide::scanner: Reading "C:\\My Web Sites\\Portfolio\\soliman.netlify.app\\public\\assets\\fonts\\glyphicons-halflings-regular.svg"
2026-02-08T04:51:49.057313Z  INFO tailwindcss_oxide::scanner: Reading "C:\\My Web Sites\\Portfolio\\soliman.netlify.app\\static_backup\\assets\\js\\jquery.fittext.js"
2026-02-08T04:51:49.057318Z  INFO tailwindcss_oxide::scanner: Reading "C:\\My Web Sites\\Portfolio\\soliman.netlify.app\\static_backup\\assets\\js\\typed.min.js"
2026-02-08T04:51:49.057218Z  INFO tailwindcss_oxide::scanner: Reading "C:\\My Web Sites\\Portfolio\\soliman.netlify.app\\static_backup\\index_static_bg_video.html"
2026-02-08T04:51:49.057335Z  INFO tailwindcss_oxide::scanner: Reading "C:\\My Web Sites\\Portfolio\\soliman.netlify.app\\static_backup\\assets\\js\\svgLoader.js"
2026-02-08T04:51:49.057500Z  INFO tailwindcss_oxide::scanner: Reading "C:\\My Web Sites\\Portfolio\\soliman.netlify.app\\static_backup\\assets\\fonts\\glyphicons-halflings-regular.svg"
2026-02-08T04:51:49.057368Z  INFO tailwindcss_oxide::scanner: Reading "C:\\My Web Sites\\Portfolio\\soliman.netlify.app\\static_backup\\index_type_bg_fixed.html"
2026-02-08T04:51:49.057530Z  INFO tailwindcss_oxide::scanner: Reading "C:\\My Web Sites\\Portfolio\\soliman.netlify.app\\static_backup\\index.html"
2026-02-08T04:51:49.057373Z  INFO tailwindcss_oxide::scanner: Reading "C:\\My Web Sites\\Portfolio\\soliman.netlify.app\\static_backup\\assets\\js\\snap.svg-min.js"
2026-02-08T04:51:49.057553Z  INFO tailwindcss_oxide::scanner: Reading "C:\\My Web Sites\\Portfolio\\soliman.netlify.app\\src\\types\\index.ts"
2026-02-08T04:51:49.057387Z  INFO tailwindcss_oxide::scanner: Reading "C:\\My Web Sites\\Portfolio\\soliman.netlify.app\\src\\scripts\\test-db.ts"
2026-02-08T04:51:49.057395Z  INFO tailwindcss_oxide::scanner: Reading "C:\\My Web Sites\\Portfolio\\soliman.netlify.app\\static_backup\\assets\\js\\custom.js"
2026-02-08T04:51:49.057405Z  INFO tailwindcss_oxide::scanner: Reading "C:\\My Web Sites\\Portfolio\\soliman.netlify.app\\public\\assets\\css\\grabbing.html"
2026-02-08T04:51:49.057309Z  INFO tailwindcss_oxide::scanner: Reading "C:\\My Web Sites\\Portfolio\\soliman.netlify.app\\static_backup\\assets\\js\\isotope.pkgd.min.js"
2026-02-08T04:51:49.057628Z  INFO tailwindcss_oxide::scanner: Reading "C:\\My Web Sites\\Portfolio\\soliman.netlify.app\\static_backup\\assets\\css\\AjaxLoader.html"
2026-02-08T04:51:49.057535Z  INFO tailwindcss_oxide::scanner: Reading "C:\\My Web Sites\\Portfolio\\soliman.netlify.app\\static_backup\\index_static.html"
2026-02-08T04:51:49.057650Z  INFO tailwindcss_oxide::scanner: Reading "C:\\My Web Sites\\Portfolio\\soliman.netlify.app\\public\\assets\\fonts\\fontawesome-webfont5b62.svg"
2026-02-08T04:51:49.057589Z  INFO tailwindcss_oxide::scanner: Reading "C:\\My Web Sites\\Portfolio\\soliman.netlify.app\\public\\assets\\js\\animate-skills.js"
2026-02-08T04:51:49.057638Z  INFO tailwindcss_oxide::scanner: Reading "C:\\My Web Sites\\Portfolio\\soliman.netlify.app\\static_backup\\index_type_bg_video.html"
2026-02-08T04:51:49.057677Z  INFO tailwindcss_oxide::scanner: Reading "C:\\My Web Sites\\Portfolio\\soliman.netlify.app\\static_backup\\index_type.html"
2026-02-08T04:51:49.057564Z  INFO tailwindcss_oxide::scanner: Reading "C:\\My Web Sites\\Portfolio\\soliman.netlify.app\\static_backup\\assets\\js\\jquery.magnific-popup.min.js"
2026-02-08T04:51:49.057706Z  INFO tailwindcss_oxide::scanner: Reading "C:\\My Web Sites\\Portfolio\\soliman.netlify.app\\public\\assets\\js\\isotope.pkgd.min.js"
2026-02-08T04:51:49.057607Z  INFO tailwindcss_oxide::scanner: Reading "C:\\My Web Sites\\Portfolio\\soliman.netlify.app\\static_backup\\index_static_particle.html"
2026-02-08T04:51:49.057672Z  INFO tailwindcss_oxide::scanner: Reading "C:\\My Web Sites\\Portfolio\\soliman.netlify.app\\static_backup\\index_static_svg_shape.html"
2026-02-08T04:51:49.057628Z  INFO tailwindcss_oxide::scanner: Reading "C:\\My Web Sites\\Portfolio\\soliman.netlify.app\\public\\assets\\js\\custom.js"
2026-02-08T04:51:49.057610Z  INFO tailwindcss_oxide::scanner: Reading "C:\\My Web Sites\\Portfolio\\soliman.netlify.app\\static_backup\\assets\\js\\animate-skills.js"
2026-02-08T04:51:49.057821Z  INFO tailwindcss_oxide::scanner: Reading "C:\\My Web Sites\\Portfolio\\soliman.netlify.app\\public\\assets\\js\\classie.js"
2026-02-08T04:51:49.057708Z  INFO tailwindcss_oxide::scanner: Reading "C:\\My Web Sites\\Portfolio\\soliman.netlify.app\\public\\assets\\js\\jquery.magnific-popup.min.js"
2026-02-08T04:51:49.057832Z  INFO tailwindcss_oxide::scanner: Reading "C:\\My Web Sites\\Portfolio\\soliman.netlify.app\\public\\assets\\js\\bootstrap.min.js"
2026-02-08T04:51:49.057643Z  INFO tailwindcss_oxide::scanner: Reading "C:\\My Web Sites\\Portfolio\\soliman.netlify.app\\static_backup\\assets\\js\\app.js"
2026-02-08T04:51:49.057831Z  INFO tailwindcss_oxide::scanner: Reading "C:\\My Web Sites\\Portfolio\\soliman.netlify.app\\static_backup\\index_type_particle.html"
2026-02-08T04:51:49.057743Z  INFO tailwindcss_oxide::scanner: Reading "C:\\My Web Sites\\Portfolio\\soliman.netlify.app\\public\\assets\\js\\app.js"
2026-02-08T04:51:49.057850Z  INFO tailwindcss_oxide::scanner: Reading "C:\\My Web Sites\\Portfolio\\soliman.netlify.app\\public\\assets\\js\\jquery.fittext.js"
2026-02-08T04:51:49.057743Z  INFO tailwindcss_oxide::scanner: Reading "C:\\My Web Sites\\Portfolio\\soliman.netlify.app\\static_backup\\index_type_svg_shape.html"
2026-02-08T04:51:49.057926Z  INFO tailwindcss_oxide::scanner: Reading "C:\\My Web Sites\\Portfolio\\soliman.netlify.app\\tsconfig.json"
2026-02-08T04:51:49.057934Z  INFO tailwindcss_oxide::scanner: Reading "C:\\My Web Sites\\Portfolio\\soliman.netlify.app\\public\\assets\\js\\jquery.min.js"
2026-02-08T04:51:49.057959Z  INFO tailwindcss_oxide::scanner: Reading "C:\\My Web Sites\\Portfolio\\soliman.netlify.app\\public\\assets\\js\\jquery.mb.YTPlayer.min.js"
2026-02-08T04:51:49.057907Z  INFO tailwindcss_oxide::scanner: Reading "C:\\My Web Sites\\Portfolio\\soliman.netlify.app\\test-schema.prisma"
2026-02-08T04:51:49.058035Z  INFO extract_candidates:read_all_files: tailwindcss_oxide::scanner: exit
2026-02-08T04:51:49.058053Z  INFO extract_candidates:parse_all_blobs: tailwindcss_oxide::scanner: enter
2026-02-08T04:51:49.058061Z  INFO extract_candidates:parse_all_blobs:extract: tailwindcss_oxide::scanner: enter
2026-02-08T04:51:49.063649Z  INFO extract_candidates:parse_all_blobs:extract: tailwindcss_oxide::scanner: exit
2026-02-08T04:51:49.063844Z  INFO extract_candidates:parse_all_blobs: tailwindcss_oxide::scanner: exit
2026-02-08T04:51:49.063855Z  INFO extract_candidates:read_all_files: tailwindcss_oxide::scanner: enter
2026-02-08T04:51:49.063860Z  INFO extract_candidates:read_all_files: tailwindcss_oxide::scanner: Reading 21 file(s)
2026-02-08T04:51:49.064103Z  INFO tailwindcss_oxide::scanner: Reading "C:\\My Web Sites\\Portfolio\\soliman.netlify.app\\src\\app\\globals.css"
2026-02-08T04:51:49.064108Z  INFO tailwindcss_oxide::scanner: Reading "C:\\My Web Sites\\Portfolio\\soliman.netlify.app\\public\\assets\\css\\magnific-popup.css"
2026-02-08T04:51:49.064103Z  INFO tailwindcss_oxide::scanner: Reading "C:\\My Web Sites\\Portfolio\\soliman.netlify.app\\public\\assets\\css\\owl.theme.min.css"
2026-02-08T04:51:49.064139Z  INFO tailwindcss_oxide::scanner: Reading "C:\\My Web Sites\\Portfolio\\soliman.netlify.app\\static_backup\\assets\\css\\owl.theme.min.css"
2026-02-08T04:51:49.064122Z  INFO tailwindcss_oxide::scanner: Reading "C:\\My Web Sites\\Portfolio\\soliman.netlify.app\\public\\assets\\css\\owl.carousel.min.css"
2026-02-08T04:51:49.064167Z  INFO tailwindcss_oxide::scanner: Reading "C:\\My Web Sites\\Portfolio\\soliman.netlify.app\\public\\assets\\css\\style.css"
2026-02-08T04:51:49.064181Z  INFO tailwindcss_oxide::scanner: Reading "C:\\My Web Sites\\Portfolio\\soliman.netlify.app\\public\\assets\\css\\responsive.css"
2026-02-08T04:51:49.064139Z  INFO tailwindcss_oxide::scanner: Reading "C:\\My Web Sites\\Portfolio\\soliman.netlify.app\\static_backup\\assets\\css\\magnific-popup.css"
2026-02-08T04:51:49.064213Z  INFO tailwindcss_oxide::scanner: Reading "C:\\My Web Sites\\Portfolio\\soliman.netlify.app\\public\\assets\\css\\bootstrap.css"
2026-02-08T04:51:49.064139Z  INFO tailwindcss_oxide::scanner: Reading "C:\\My Web Sites\\Portfolio\\soliman.netlify.app\\public\\assets\\css\\font-awesome.min.css"
2026-02-08T04:51:49.064103Z  INFO tailwindcss_oxide::scanner: Reading "C:\\My Web Sites\\Portfolio\\soliman.netlify.app\\public\\assets\\css\\bg_fixed.css"
2026-02-08T04:51:49.064261Z  INFO tailwindcss_oxide::scanner: Reading "C:\\My Web Sites\\Portfolio\\soliman.netlify.app\\static_backup\\assets\\css\\style.css"
2026-02-08T04:51:49.064167Z  INFO tailwindcss_oxide::scanner: Reading "C:\\My Web Sites\\Portfolio\\soliman.netlify.app\\static_backup\\assets\\css\\bg_fixed.css"
2026-02-08T04:51:49.064138Z  INFO tailwindcss_oxide::scanner: Reading "C:\\My Web Sites\\Portfolio\\soliman.netlify.app\\public\\assets\\css\\landing.css"
2026-02-08T04:51:49.064217Z  INFO tailwindcss_oxide::scanner: Reading "C:\\My Web Sites\\Portfolio\\soliman.netlify.app\\static_backup\\assets\\css\\responsive.css"
2026-02-08T04:51:49.064272Z  INFO tailwindcss_oxide::scanner: Reading "C:\\My Web Sites\\Portfolio\\soliman.netlify.app\\static_backup\\assets\\css\\animate.css"
2026-02-08T04:51:49.064193Z  INFO tailwindcss_oxide::scanner: Reading "C:\\My Web Sites\\Portfolio\\soliman.netlify.app\\public\\assets\\css\\animate.css"
2026-02-08T04:51:49.064146Z  INFO tailwindcss_oxide::scanner: Reading "C:\\My Web Sites\\Portfolio\\soliman.netlify.app\\static_backup\\assets\\css\\landing.css"
2026-02-08T04:51:49.064258Z  INFO tailwindcss_oxide::scanner: Reading "C:\\My Web Sites\\Portfolio\\soliman.netlify.app\\static_backup\\assets\\css\\owl.carousel.min.css"
2026-02-08T04:51:49.064350Z  INFO tailwindcss_oxide::scanner: Reading "C:\\My Web Sites\\Portfolio\\soliman.netlify.app\\static_backup\\assets\\css\\font-awesome.min.css"
2026-02-08T04:51:49.064377Z  INFO tailwindcss_oxide::scanner: Reading "C:\\My Web Sites\\Portfolio\\soliman.netlify.app\\static_backup\\assets\\css\\bootstrap.css"
2026-02-08T04:51:49.064886Z  INFO extract_candidates:read_all_files: tailwindcss_oxide::scanner: exit
2026-02-08T04:51:49.064947Z  INFO extract_candidates:extract_css_variables: tailwindcss_oxide::scanner: enter
2026-02-08T04:51:49.064953Z  INFO extract_candidates:extract_css_variables:extract: tailwindcss_oxide::scanner: enter
2026-02-08T04:51:49.065439Z  INFO extract_candidates:extract_css_variables:extract: tailwindcss_oxide::scanner: exit
2026-02-08T04:51:49.065571Z  INFO extract_candidates:extract_css_variables: tailwindcss_oxide::scanner: exit
2026-02-08T04:51:49.066790Z  INFO extract_candidates: tailwindcss_oxide::scanner: exit
2026-02-08T04:51:49.068115Z  INFO get_files: tailwindcss_oxide::scanner: enter
2026-02-08T04:51:49.068127Z  INFO get_files:scan_sources: tailwindcss_oxide::scanner: enter
2026-02-08T04:51:49.070151Z  INFO get_files:scan_sources: tailwindcss_oxide::scanner: Discovering "C:\\My Web Sites\\Portfolio\\soliman.netlify.app\\prisma"
2026-02-08T04:51:49.070463Z  INFO get_files:scan_sources: tailwindcss_oxide::scanner: Discovering "C:\\My Web Sites\\Portfolio\\soliman.netlify.app\\public"
2026-02-08T04:51:49.070634Z  INFO get_files:scan_sources: tailwindcss_oxide::scanner: Discovering "C:\\My Web Sites\\Portfolio\\soliman.netlify.app\\public\\assets"
2026-02-08T04:51:49.070807Z  INFO get_files:scan_sources: tailwindcss_oxide::scanner: Discovering "C:\\My Web Sites\\Portfolio\\soliman.netlify.app\\public\\assets\\css"
2026-02-08T04:51:49.071403Z  INFO get_files:scan_sources: tailwindcss_oxide::scanner: Discovering "C:\\My Web Sites\\Portfolio\\soliman.netlify.app\\public\\assets\\fonts"
2026-02-08T04:51:49.071729Z  INFO get_files:scan_sources: tailwindcss_oxide::scanner: Discovering "C:\\My Web Sites\\Portfolio\\soliman.netlify.app\\public\\assets\\images"
2026-02-08T04:51:49.071919Z  INFO get_files:scan_sources: tailwindcss_oxide::scanner: Discovering "C:\\My Web Sites\\Portfolio\\soliman.netlify.app\\public\\assets\\images\\blog"
2026-02-08T04:51:49.072139Z  INFO get_files:scan_sources: tailwindcss_oxide::scanner: Discovering "C:\\My Web Sites\\Portfolio\\soliman.netlify.app\\public\\assets\\images\\landing"
2026-02-08T04:51:49.072367Z  INFO get_files:scan_sources: tailwindcss_oxide::scanner: Discovering "C:\\My Web Sites\\Portfolio\\soliman.netlify.app\\public\\assets\\images\\portfolio"
2026-02-08T04:51:49.072655Z  INFO get_files:scan_sources: tailwindcss_oxide::scanner: Discovering "C:\\My Web Sites\\Portfolio\\soliman.netlify.app\\public\\assets\\images\\testimonials"
2026-02-08T04:51:49.072888Z  INFO get_files:scan_sources: tailwindcss_oxide::scanner: Discovering "C:\\My Web Sites\\Portfolio\\soliman.netlify.app\\public\\assets\\js"
2026-02-08T04:51:49.073855Z  INFO get_files:scan_sources: tailwindcss_oxide::scanner: Discovering "C:\\My Web Sites\\Portfolio\\soliman.netlify.app\\src"
2026-02-08T04:51:49.074028Z  INFO get_files:scan_sources: tailwindcss_oxide::scanner: Discovering "C:\\My Web Sites\\Portfolio\\soliman.netlify.app\\src\\app"
2026-02-08T04:51:49.074206Z  INFO get_files:scan_sources: tailwindcss_oxide::scanner: Discovering "C:\\My Web Sites\\Portfolio\\soliman.netlify.app\\src\\app\\admin"
2026-02-08T04:51:49.074372Z  INFO get_files:scan_sources: tailwindcss_oxide::scanner: Discovering "C:\\My Web Sites\\Portfolio\\soliman.netlify.app\\src\\app\\admin\\login"
2026-02-08T04:51:49.074797Z  INFO get_files:scan_sources: tailwindcss_oxide::scanner: Discovering "C:\\My Web Sites\\Portfolio\\soliman.netlify.app\\src\\app\\api"
2026-02-08T04:51:49.075125Z  INFO get_files:scan_sources: tailwindcss_oxide::scanner: Discovering "C:\\My Web Sites\\Portfolio\\soliman.netlify.app\\src\\app\\api\\admin"
2026-02-08T04:51:49.075467Z  INFO get_files:scan_sources: tailwindcss_oxide::scanner: Discovering "C:\\My Web Sites\\Portfolio\\soliman.netlify.app\\src\\app\\api\\admin\\posts"
2026-02-08T04:51:49.075822Z  INFO get_files:scan_sources: tailwindcss_oxide::scanner: Discovering "C:\\My Web Sites\\Portfolio\\soliman.netlify.app\\src\\app\\api\\auth"
2026-02-08T04:51:49.076130Z  INFO get_files:scan_sources: tailwindcss_oxide::scanner: Discovering "C:\\My Web Sites\\Portfolio\\soliman.netlify.app\\src\\app\\api\\auth\\login"
2026-02-08T04:51:49.076496Z  INFO get_files:scan_sources: tailwindcss_oxide::scanner: Discovering "C:\\My Web Sites\\Portfolio\\soliman.netlify.app\\src\\app\\api\\debug"
2026-02-08T04:51:49.076769Z  INFO get_files:scan_sources: tailwindcss_oxide::scanner: Discovering "C:\\My Web Sites\\Portfolio\\soliman.netlify.app\\src\\app\\blog"
2026-02-08T04:51:49.076968Z  INFO get_files:scan_sources: tailwindcss_oxide::scanner: Discovering "C:\\My Web Sites\\Portfolio\\soliman.netlify.app\\src\\app\\blog\\[slug]"
2026-02-08T04:51:49.077317Z  INFO get_files:scan_sources: tailwindcss_oxide::scanner: Discovering "C:\\My Web Sites\\Portfolio\\soliman.netlify.app\\src\\components"
2026-02-08T04:51:49.077592Z  INFO get_files:scan_sources: tailwindcss_oxide::scanner: Discovering "C:\\My Web Sites\\Portfolio\\soliman.netlify.app\\src\\data"
2026-02-08T04:51:49.077808Z  INFO get_files:scan_sources: tailwindcss_oxide::scanner: Discovering "C:\\My Web Sites\\Portfolio\\soliman.netlify.app\\src\\lib"
2026-02-08T04:51:49.078081Z  INFO get_files:scan_sources: tailwindcss_oxide::scanner: Discovering "C:\\My Web Sites\\Portfolio\\soliman.netlify.app\\src\\scripts"
2026-02-08T04:51:49.078299Z  INFO get_files:scan_sources: tailwindcss_oxide::scanner: Discovering "C:\\My Web Sites\\Portfolio\\soliman.netlify.app\\src\\types"
2026-02-08T04:51:49.078531Z  INFO get_files:scan_sources: tailwindcss_oxide::scanner: Discovering "C:\\My Web Sites\\Portfolio\\soliman.netlify.app\\static_backup"
2026-02-08T04:51:49.078742Z  INFO get_files:scan_sources: tailwindcss_oxide::scanner: Discovering "C:\\My Web Sites\\Portfolio\\soliman.netlify.app\\static_backup\\assets"
2026-02-08T04:51:49.078912Z  INFO get_files:scan_sources: tailwindcss_oxide::scanner: Discovering "C:\\My Web Sites\\Portfolio\\soliman.netlify.app\\static_backup\\assets\\css"
2026-02-08T04:51:49.079486Z  INFO get_files:scan_sources: tailwindcss_oxide::scanner: Discovering "C:\\My Web Sites\\Portfolio\\soliman.netlify.app\\static_backup\\assets\\fonts"
2026-02-08T04:51:49.079774Z  INFO get_files:scan_sources: tailwindcss_oxide::scanner: Discovering "C:\\My Web Sites\\Portfolio\\soliman.netlify.app\\static_backup\\assets\\images"
2026-02-08T04:51:49.079945Z  INFO get_files:scan_sources: tailwindcss_oxide::scanner: Discovering "C:\\My Web Sites\\Portfolio\\soliman.netlify.app\\static_backup\\assets\\images\\blog"
2026-02-08T04:51:49.080145Z  INFO get_files:scan_sources: tailwindcss_oxide::scanner: Discovering "C:\\My Web Sites\\Portfolio\\soliman.netlify.app\\static_backup\\assets\\images\\landing"
2026-02-08T04:51:49.080377Z  INFO get_files:scan_sources: tailwindcss_oxide::scanner: Discovering "C:\\My Web Sites\\Portfolio\\soliman.netlify.app\\static_backup\\assets\\images\\portfolio"
2026-02-08T04:51:49.080593Z  INFO get_files:scan_sources: tailwindcss_oxide::scanner: Discovering "C:\\My Web Sites\\Portfolio\\soliman.netlify.app\\static_backup\\assets\\images\\testimonials"
2026-02-08T04:51:49.080813Z  INFO get_files:scan_sources: tailwindcss_oxide::scanner: Discovering "C:\\My Web Sites\\Portfolio\\soliman.netlify.app\\static_backup\\assets\\js"
2026-02-08T04:51:49.081984Z  INFO get_files:scan_sources: tailwindcss_oxide::scanner: exit
2026-02-08T04:51:49.082133Z  INFO get_files: tailwindcss_oxide::scanner: exit
2026-02-08T04:51:49.082882Z  INFO get_globs: tailwindcss_oxide::scanner: enter
2026-02-08T04:51:49.082892Z  INFO get_globs:scan_sources: tailwindcss_oxide::scanner: enter
2026-02-08T04:51:49.084580Z  INFO get_globs:scan_sources: tailwindcss_oxide::scanner: Discovering "C:\\My Web Sites\\Portfolio\\soliman.netlify.app\\prisma"
2026-02-08T04:51:49.084989Z  INFO get_globs:scan_sources: tailwindcss_oxide::scanner: Discovering "C:\\My Web Sites\\Portfolio\\soliman.netlify.app\\public"
2026-02-08T04:51:49.085161Z  INFO get_globs:scan_sources: tailwindcss_oxide::scanner: Discovering "C:\\My Web Sites\\Portfolio\\soliman.netlify.app\\public\\assets"
2026-02-08T04:51:49.085394Z  INFO get_globs:scan_sources: tailwindcss_oxide::scanner: Discovering "C:\\My Web Sites\\Portfolio\\soliman.netlify.app\\public\\assets\\css"
2026-02-08T04:51:49.086239Z  INFO get_globs:scan_sources: tailwindcss_oxide::scanner: Discovering "C:\\My Web Sites\\Portfolio\\soliman.netlify.app\\public\\assets\\fonts"
2026-02-08T04:51:49.086601Z  INFO get_globs:scan_sources: tailwindcss_oxide::scanner: Discovering "C:\\My Web Sites\\Portfolio\\soliman.netlify.app\\public\\assets\\images"
2026-02-08T04:51:49.086800Z  INFO get_globs:scan_sources: tailwindcss_oxide::scanner: Discovering "C:\\My Web Sites\\Portfolio\\soliman.netlify.app\\public\\assets\\images\\blog"
2026-02-08T04:51:49.087011Z  INFO get_globs:scan_sources: tailwindcss_oxide::scanner: Discovering "C:\\My Web Sites\\Portfolio\\soliman.netlify.app\\public\\assets\\images\\landing"
2026-02-08T04:51:49.087242Z  INFO get_globs:scan_sources: tailwindcss_oxide::scanner: Discovering "C:\\My Web Sites\\Portfolio\\soliman.netlify.app\\public\\assets\\images\\portfolio"
2026-02-08T04:51:49.087462Z  INFO get_globs:scan_sources: tailwindcss_oxide::scanner: Discovering "C:\\My Web Sites\\Portfolio\\soliman.netlify.app\\public\\assets\\images\\testimonials"
2026-02-08T04:51:49.087684Z  INFO get_globs:scan_sources: tailwindcss_oxide::scanner: Discovering "C:\\My Web Sites\\Portfolio\\soliman.netlify.app\\public\\assets\\js"
2026-02-08T04:51:49.088680Z  INFO get_globs:scan_sources: tailwindcss_oxide::scanner: Discovering "C:\\My Web Sites\\Portfolio\\soliman.netlify.app\\src"
2026-02-08T04:51:49.088854Z  INFO get_globs:scan_sources: tailwindcss_oxide::scanner: Discovering "C:\\My Web Sites\\Portfolio\\soliman.netlify.app\\src\\app"
2026-02-08T04:51:49.089026Z  INFO get_globs:scan_sources: tailwindcss_oxide::scanner: Discovering "C:\\My Web Sites\\Portfolio\\soliman.netlify.app\\src\\app\\admin"
2026-02-08T04:51:49.089197Z  INFO get_globs:scan_sources: tailwindcss_oxide::scanner: Discovering "C:\\My Web Sites\\Portfolio\\soliman.netlify.app\\src\\app\\admin\\login"
2026-02-08T04:51:49.089472Z  INFO get_globs:scan_sources: tailwindcss_oxide::scanner: Discovering "C:\\My Web Sites\\Portfolio\\soliman.netlify.app\\src\\app\\api"
2026-02-08T04:51:49.089663Z  INFO get_globs:scan_sources: tailwindcss_oxide::scanner: Discovering "C:\\My Web Sites\\Portfolio\\soliman.netlify.app\\src\\app\\api\\admin"
2026-02-08T04:51:49.089883Z  INFO get_globs:scan_sources: tailwindcss_oxide::scanner: Discovering "C:\\My Web Sites\\Portfolio\\soliman.netlify.app\\src\\app\\api\\admin\\posts"
2026-02-08T04:51:49.090217Z  INFO get_globs:scan_sources: tailwindcss_oxide::scanner: Discovering "C:\\My Web Sites\\Portfolio\\soliman.netlify.app\\src\\app\\api\\auth"
2026-02-08T04:51:49.090403Z  INFO get_globs:scan_sources: tailwindcss_oxide::scanner: Discovering "C:\\My Web Sites\\Portfolio\\soliman.netlify.app\\src\\app\\api\\auth\\login"
2026-02-08T04:51:49.090634Z  INFO get_globs:scan_sources: tailwindcss_oxide::scanner: Discovering "C:\\My Web Sites\\Portfolio\\soliman.netlify.app\\src\\app\\api\\debug"
2026-02-08T04:51:49.090873Z  INFO get_globs:scan_sources: tailwindcss_oxide::scanner: Discovering "C:\\My Web Sites\\Portfolio\\soliman.netlify.app\\src\\app\\blog"
2026-02-08T04:51:49.091071Z  INFO get_globs:scan_sources: tailwindcss_oxide::scanner: Discovering "C:\\My Web Sites\\Portfolio\\soliman.netlify.app\\src\\app\\blog\\[slug]"
2026-02-08T04:51:49.091612Z  INFO get_globs:scan_sources: tailwindcss_oxide::scanner: Discovering "C:\\My Web Sites\\Portfolio\\soliman.netlify.app\\src\\components"
2026-02-08T04:51:49.091941Z  INFO get_globs:scan_sources: tailwindcss_oxide::scanner: Discovering "C:\\My Web Sites\\Portfolio\\soliman.netlify.app\\src\\data"
2026-02-08T04:51:49.092303Z  INFO get_globs:scan_sources: tailwindcss_oxide::scanner: Discovering "C:\\My Web Sites\\Portfolio\\soliman.netlify.app\\src\\lib"
2026-02-08T04:51:49.092751Z  INFO get_globs:scan_sources: tailwindcss_oxide::scanner: Discovering "C:\\My Web Sites\\Portfolio\\soliman.netlify.app\\src\\scripts"
2026-02-08T04:51:49.093117Z  INFO get_globs:scan_sources: tailwindcss_oxide::scanner: Discovering "C:\\My Web Sites\\Portfolio\\soliman.netlify.app\\src\\types"
2026-02-08T04:51:49.093531Z  INFO get_globs:scan_sources: tailwindcss_oxide::scanner: Discovering "C:\\My Web Sites\\Portfolio\\soliman.netlify.app\\static_backup"
2026-02-08T04:51:49.093721Z  INFO get_globs:scan_sources: tailwindcss_oxide::scanner: Discovering "C:\\My Web Sites\\Portfolio\\soliman.netlify.app\\static_backup\\assets"
2026-02-08T04:51:49.093886Z  INFO get_globs:scan_sources: tailwindcss_oxide::scanner: Discovering "C:\\My Web Sites\\Portfolio\\soliman.netlify.app\\static_backup\\assets\\css"
2026-02-08T04:51:49.094459Z  INFO get_globs:scan_sources: tailwindcss_oxide::scanner: Discovering "C:\\My Web Sites\\Portfolio\\soliman.netlify.app\\static_backup\\assets\\fonts"
2026-02-08T04:51:49.094749Z  INFO get_globs:scan_sources: tailwindcss_oxide::scanner: Discovering "C:\\My Web Sites\\Portfolio\\soliman.netlify.app\\static_backup\\assets\\images"
2026-02-08T04:51:49.094920Z  INFO get_globs:scan_sources: tailwindcss_oxide::scanner: Discovering "C:\\My Web Sites\\Portfolio\\soliman.netlify.app\\static_backup\\assets\\images\\blog"
2026-02-08T04:51:49.095128Z  INFO get_globs:scan_sources: tailwindcss_oxide::scanner: Discovering "C:\\My Web Sites\\Portfolio\\soliman.netlify.app\\static_backup\\assets\\images\\landing"
2026-02-08T04:51:49.095349Z  INFO get_globs:scan_sources: tailwindcss_oxide::scanner: Discovering "C:\\My Web Sites\\Portfolio\\soliman.netlify.app\\static_backup\\assets\\images\\portfolio"
2026-02-08T04:51:49.095565Z  INFO get_globs:scan_sources: tailwindcss_oxide::scanner: Discovering "C:\\My Web Sites\\Portfolio\\soliman.netlify.app\\static_backup\\assets\\images\\testimonials"
2026-02-08T04:51:49.095787Z  INFO get_globs:scan_sources: tailwindcss_oxide::scanner: Discovering "C:\\My Web Sites\\Portfolio\\soliman.netlify.app\\static_backup\\assets\\js"
2026-02-08T04:51:49.096954Z  INFO get_globs:scan_sources: tailwindcss_oxide::scanner: exit
2026-02-08T04:51:49.107234Z  INFO get_globs: tailwindcss_oxide::scanner: exit
